2020-06-20 14:17:47,753 [main] INFO  org.mule.module.launcher.application.DefaultMuleApplication - 
++++++++++++++++++++++++++++++++++++++++++++++++++++++++++++
+ Initializing app '1b_usecase'                            +
++++++++++++++++++++++++++++++++++++++++++++++++++++++++++++
2020-06-20 14:17:48,049 [main] INFO  org.mule.lifecycle.AbstractLifecycleManager - Initialising RegistryBroker
2020-06-20 14:17:48,174 [main] INFO  org.mule.module.extension.internal.manager.DefaultExtensionManager - Starting discovery of extensions
2020-06-20 14:17:48,315 [main] INFO  org.mule.module.extension.internal.manager.DefaultExtensionManager - Discovered 1 extensions
2020-06-20 14:17:48,315 [main] INFO  org.mule.module.extension.internal.manager.DefaultExtensionManager - Registering extension validation (version 3.9)
2020-06-20 14:17:48,620 [main] INFO  org.mule.config.spring.MuleArtifactContext - Refreshing org.mule.config.spring.MuleArtifactContext@1b0a7baf: startup date [Sat Jun 20 14:17:48 IST 2020]; root of context hierarchy
2020-06-20 14:17:50,057 [main] INFO  org.mule.config.spring.processors.NoDevkitInjectorProcessor - JSR-330 'javax.inject.Inject' annotation found and supported for autowiring
2020-06-20 14:17:51,351 [main] WARN  org.mule.module.ognl.expression.OgnlExpressionEvaluator - OGNL module is deprecated and will be removed in Mule 4.0. Use MEL expressions instead.
2020-06-20 14:17:51,749 [main] INFO  org.mule.util.journal.TransactionJournal - Using files for tx logs D:\mule-apps\.mule\.\.mule\1b_usecase\queue-tx-log\tx1.log and D:\mule-apps\.mule\.\.mule\1b_usecase\queue-tx-log\tx2.log
2020-06-20 14:17:51,765 [main] INFO  org.mule.util.journal.TransactionJournal - Using files for tx logs D:\mule-apps\.mule\.\.mule\1b_usecase\queue-xa-tx-log\tx1.log and D:\mule-apps\.mule\.\.mule\1b_usecase\queue-xa-tx-log\tx2.log
2020-06-20 14:17:51,906 [main] INFO  org.mule.lifecycle.AbstractLifecycleManager - Initialising model: _muleSystemModel
2020-06-20 14:17:51,921 [main] INFO  org.mule.construct.FlowConstructLifecycleManager - Initialising flow: 1b_usecase-main
2020-06-20 14:17:51,921 [main] INFO  org.mule.module.apikit.MappingExceptionListener - Initialising exception listener: MappingExceptionListener{statusCode=404, exceptions=[org.mule.module.apikit.exception.NotFoundException]}
2020-06-20 14:17:51,921 [main] INFO  org.mule.module.apikit.MappingExceptionListener - Initialising exception listener: MappingExceptionListener{statusCode=405, exceptions=[org.mule.module.apikit.exception.MethodNotAllowedException]}
2020-06-20 14:17:51,921 [main] INFO  org.mule.module.apikit.MappingExceptionListener - Initialising exception listener: MappingExceptionListener{statusCode=415, exceptions=[org.mule.module.apikit.exception.UnsupportedMediaTypeException]}
2020-06-20 14:17:51,921 [main] INFO  org.mule.module.apikit.MappingExceptionListener - Initialising exception listener: MappingExceptionListener{statusCode=406, exceptions=[org.mule.module.apikit.exception.NotAcceptableException]}
2020-06-20 14:17:51,921 [main] INFO  org.mule.module.apikit.MappingExceptionListener - Initialising exception listener: MappingExceptionListener{statusCode=400, exceptions=[org.mule.module.apikit.exception.BadRequestException]}
2020-06-20 14:17:51,953 [main] INFO  org.mule.processor.SedaStageLifecycleManager - Initialising service: 1b_usecase-main.stage1
2020-06-20 14:17:51,968 [main] INFO  org.mule.construct.FlowConstructLifecycleManager - Initialising flow: 1b_usecase-console
2020-06-20 14:17:51,968 [main] INFO  org.mule.exception.DefaultMessagingExceptionStrategy - Initialising exception listener: org.mule.exception.DefaultMessagingExceptionStrategy@72976b4
2020-06-20 14:17:51,968 [main] INFO  org.mule.processor.SedaStageLifecycleManager - Initialising service: 1b_usecase-console.stage1
2020-06-20 14:17:51,968 [main] INFO  org.mule.construct.FlowConstructLifecycleManager - Initialising flow: get:/books/{bookTitle}:1b_usecase-config
2020-06-20 14:17:51,968 [main] INFO  org.mule.exception.DefaultMessagingExceptionStrategy - Initialising exception listener: org.mule.exception.DefaultMessagingExceptionStrategy@78422efb
2020-06-20 14:17:51,984 [main] INFO  org.mule.processor.SedaStageLifecycleManager - Initialising service: get:/books/{bookTitle}:1b_usecase-config.stage1
2020-06-20 14:17:52,859 [main] INFO  org.mule.module.apikit.Configuration - Building resource URI cache...
2020-06-20 14:17:53,063 [main] INFO  org.mule.config.spring.SpringXmlConfigurationBuilder - Configured Mule using "org.mule.config.spring.SpringXmlConfigurationBuilder" with configuration resource(s): "[ConfigResource{resourceName='D:\mule-apps\.mule\apps\1b_usecase\1b_usecase.xml'}]"
2020-06-20 14:17:53,063 [main] INFO  org.mule.config.builders.AutoConfigurationBuilder - Configured Mule using "org.mule.config.builders.AutoConfigurationBuilder" with configuration resource(s): "[ConfigResource{resourceName='D:\mule-apps\.mule\apps\1b_usecase\1b_usecase.xml'}]"
2020-06-20 14:17:53,079 [main] INFO  com.mulesoft.module.policies.lifecyle.GateKeeper - GateKeeper Mode: DISABLED
2020-06-20 14:17:53,079 [main] INFO  org.mule.module.launcher.application.DefaultMuleApplication - 
++++++++++++++++++++++++++++++++++++++++++++++++++++++++++++
+ Starting app '1b_usecase'                                +
++++++++++++++++++++++++++++++++++++++++++++++++++++++++++++
2020-06-20 14:17:53,094 [main] INFO  org.mule.util.queue.QueueXaResourceManager - Starting ResourceManager
2020-06-20 14:17:53,094 [main] INFO  org.mule.util.queue.QueueXaResourceManager - Started ResourceManager
2020-06-20 14:17:53,126 [main] INFO  org.mule.module.http.internal.listener.DefaultHttpListenerConfig - Listening for requests on http://0.0.0.0:8081
2020-06-20 14:17:53,141 [main] INFO  org.mule.lifecycle.AbstractLifecycleManager - Starting model: _muleSystemModel
2020-06-20 14:17:53,141 [main] INFO  org.mule.construct.FlowConstructLifecycleManager - Starting flow: 1b_usecase-main
2020-06-20 14:17:53,141 [main] INFO  org.mule.processor.SedaStageLifecycleManager - Starting service: 1b_usecase-main.stage1
2020-06-20 14:17:53,157 [main] INFO  org.mule.module.apikit.Configuration - 
********************************************************************************
* APIKit Console URL: http://127.0.0.1:8081/console                            *
********************************************************************************
2020-06-20 14:17:53,157 [main] INFO  org.mule.construct.FlowConstructLifecycleManager - Starting flow: 1b_usecase-console
2020-06-20 14:17:53,157 [main] INFO  org.mule.processor.SedaStageLifecycleManager - Starting service: 1b_usecase-console.stage1
2020-06-20 14:17:53,157 [main] INFO  org.mule.construct.FlowConstructLifecycleManager - Starting flow: get:/books/{bookTitle}:1b_usecase-config
2020-06-20 14:17:53,157 [main] INFO  org.mule.processor.SedaStageLifecycleManager - Starting service: get:/books/{bookTitle}:1b_usecase-config.stage1
2020-06-20 14:17:53,219 [main] INFO  org.mule.module.management.agent.WrapperManagerAgent - This JVM hasn't been launched by the wrapper, the agent will not run.
2020-06-20 14:17:53,266 [main] INFO  org.mule.DefaultMuleContext - 
**********************************************************************
* Application: 1b_usecase                                            *
* OS encoding: \, Mule encoding: UTF-8                               *
*                                                                    *
* Agents Running:                                                    *
*   Batch module default engine                                      *
*   JMX Agent                                                        *
*   Wrapper Manager                                                  *
**********************************************************************
