2020-06-19 00:10:37,498 [main] INFO  org.mule.module.launcher.application.DefaultMuleApplication - 
++++++++++++++++++++++++++++++++++++++++++++++++++++++++++++
+ Initializing app 'apple'                                 +
++++++++++++++++++++++++++++++++++++++++++++++++++++++++++++
2020-06-19 00:10:38,035 [main] INFO  org.mule.lifecycle.AbstractLifecycleManager - Initialising RegistryBroker
2020-06-19 00:10:38,253 [main] INFO  org.mule.module.extension.internal.manager.DefaultExtensionManager - Starting discovery of extensions
2020-06-19 00:10:38,485 [main] INFO  org.mule.module.extension.internal.manager.DefaultExtensionManager - Discovered 1 extensions
2020-06-19 00:10:38,485 [main] INFO  org.mule.module.extension.internal.manager.DefaultExtensionManager - Registering extension validation (version 3.9)
2020-06-19 00:10:38,884 [main] INFO  org.mule.config.spring.MuleArtifactContext - Refreshing org.mule.config.spring.MuleArtifactContext@46c670a6: startup date [Fri Jun 19 00:10:38 IST 2020]; root of context hierarchy
2020-06-19 00:10:42,109 [main] INFO  org.mule.config.spring.processors.NoDevkitInjectorProcessor - JSR-330 'javax.inject.Inject' annotation found and supported for autowiring
2020-06-19 00:10:44,905 [main] WARN  org.mule.module.ognl.expression.OgnlExpressionEvaluator - OGNL module is deprecated and will be removed in Mule 4.0. Use MEL expressions instead.
2020-06-19 00:10:46,062 [main] INFO  org.mule.util.journal.TransactionJournal - Using files for tx logs D:\mule-apps\.mule\.\.mule\apple\queue-tx-log\tx1.log and D:\mule-apps\.mule\.\.mule\apple\queue-tx-log\tx2.log
2020-06-19 00:10:46,092 [main] INFO  org.mule.util.journal.TransactionJournal - Using files for tx logs D:\mule-apps\.mule\.\.mule\apple\queue-xa-tx-log\tx1.log and D:\mule-apps\.mule\.\.mule\apple\queue-xa-tx-log\tx2.log
2020-06-19 00:10:46,321 [main] INFO  org.mule.lifecycle.AbstractLifecycleManager - Initialising model: _muleSystemModel
2020-06-19 00:10:46,327 [main] INFO  org.mule.construct.FlowConstructLifecycleManager - Initialising flow: apple-main
2020-06-19 00:10:46,328 [main] INFO  org.mule.module.apikit.MappingExceptionListener - Initialising exception listener: MappingExceptionListener{statusCode=404, exceptions=[org.mule.module.apikit.exception.NotFoundException]}
2020-06-19 00:10:46,331 [main] INFO  org.mule.module.apikit.MappingExceptionListener - Initialising exception listener: MappingExceptionListener{statusCode=405, exceptions=[org.mule.module.apikit.exception.MethodNotAllowedException]}
2020-06-19 00:10:46,332 [main] INFO  org.mule.module.apikit.MappingExceptionListener - Initialising exception listener: MappingExceptionListener{statusCode=415, exceptions=[org.mule.module.apikit.exception.UnsupportedMediaTypeException]}
2020-06-19 00:10:46,332 [main] INFO  org.mule.module.apikit.MappingExceptionListener - Initialising exception listener: MappingExceptionListener{statusCode=406, exceptions=[org.mule.module.apikit.exception.NotAcceptableException]}
2020-06-19 00:10:46,333 [main] INFO  org.mule.module.apikit.MappingExceptionListener - Initialising exception listener: MappingExceptionListener{statusCode=400, exceptions=[org.mule.module.apikit.exception.BadRequestException]}
2020-06-19 00:10:46,404 [main] INFO  org.mule.processor.SedaStageLifecycleManager - Initialising service: apple-main.stage1
2020-06-19 00:10:46,439 [main] INFO  org.mule.construct.FlowConstructLifecycleManager - Initialising flow: apple-console
2020-06-19 00:10:46,439 [main] INFO  org.mule.exception.DefaultMessagingExceptionStrategy - Initialising exception listener: org.mule.exception.DefaultMessagingExceptionStrategy@20ead579
2020-06-19 00:10:46,445 [main] INFO  org.mule.processor.SedaStageLifecycleManager - Initialising service: apple-console.stage1
2020-06-19 00:10:46,450 [main] INFO  org.mule.construct.FlowConstructLifecycleManager - Initialising flow: get:/goa:apple-config
2020-06-19 00:10:46,450 [main] INFO  org.mule.exception.DefaultMessagingExceptionStrategy - Initialising exception listener: org.mule.exception.DefaultMessagingExceptionStrategy@9ab310b
2020-06-19 00:10:46,457 [main] INFO  org.mule.processor.SedaStageLifecycleManager - Initialising service: get:/goa:apple-config.stage1
2020-06-19 00:10:47,758 [main] INFO  org.mule.module.apikit.Configuration - Building resource URI cache...
2020-06-19 00:10:47,870 [main] INFO  org.mule.config.spring.SpringXmlConfigurationBuilder - Configured Mule using "org.mule.config.spring.SpringXmlConfigurationBuilder" with configuration resource(s): "[ConfigResource{resourceName='D:\mule-apps\.mule\apps\apple\apple.xml'}, ConfigResource{resourceName='D:\mule-apps\.mule\apps\apple\database-call.xml'}]"
2020-06-19 00:10:47,870 [main] INFO  org.mule.config.builders.AutoConfigurationBuilder - Configured Mule using "org.mule.config.builders.AutoConfigurationBuilder" with configuration resource(s): "[ConfigResource{resourceName='D:\mule-apps\.mule\apps\apple\apple.xml'}, ConfigResource{resourceName='D:\mule-apps\.mule\apps\apple\database-call.xml'}]"
2020-06-19 00:10:47,884 [main] INFO  com.mulesoft.module.policies.lifecyle.GateKeeper - GateKeeper Mode: DISABLED
2020-06-19 00:10:47,900 [main] INFO  org.mule.module.launcher.application.DefaultMuleApplication - 
++++++++++++++++++++++++++++++++++++++++++++++++++++++++++++
+ Starting app 'apple'                                     +
++++++++++++++++++++++++++++++++++++++++++++++++++++++++++++
2020-06-19 00:10:47,956 [main] INFO  org.mule.util.queue.QueueXaResourceManager - Starting ResourceManager
2020-06-19 00:10:47,957 [main] INFO  org.mule.util.queue.QueueXaResourceManager - Started ResourceManager
2020-06-19 00:10:48,040 [main] INFO  org.mule.module.http.internal.listener.DefaultHttpListenerConfig - Listening for requests on http://0.0.0.0:8081
2020-06-19 00:10:48,045 [main] INFO  org.mule.lifecycle.AbstractLifecycleManager - Starting model: _muleSystemModel
2020-06-19 00:10:48,048 [main] INFO  org.mule.construct.FlowConstructLifecycleManager - Starting flow: apple-main
2020-06-19 00:10:48,049 [main] INFO  org.mule.processor.SedaStageLifecycleManager - Starting service: apple-main.stage1
2020-06-19 00:10:48,078 [main] INFO  org.mule.module.apikit.Configuration - 
********************************************************************************
* APIKit Console URL: http://127.0.0.1:8081/console                            *
********************************************************************************
2020-06-19 00:10:48,078 [main] INFO  org.mule.construct.FlowConstructLifecycleManager - Starting flow: apple-console
2020-06-19 00:10:48,078 [main] INFO  org.mule.processor.SedaStageLifecycleManager - Starting service: apple-console.stage1
2020-06-19 00:10:48,099 [main] INFO  org.mule.construct.FlowConstructLifecycleManager - Starting flow: get:/goa:apple-config
2020-06-19 00:10:48,099 [main] INFO  org.mule.processor.SedaStageLifecycleManager - Starting service: get:/goa:apple-config.stage1
2020-06-19 00:10:48,184 [main] INFO  org.mule.module.management.agent.WrapperManagerAgent - This JVM hasn't been launched by the wrapper, the agent will not run.
2020-06-19 00:10:48,239 [main] INFO  org.mule.DefaultMuleContext - 
**********************************************************************
* Application: apple                                                 *
* OS encoding: \, Mule encoding: UTF-8                               *
*                                                                    *
* Agents Running:                                                    *
*   Batch module default engine                                      *
*   JMX Agent                                                        *
*   Wrapper Manager                                                  *
**********************************************************************
2020-06-19 00:14:31,587 [[apple].apple-httpListenerConfig.worker.02] INFO  org.mule.module.http.internal.listener.HttpListenerRegistry - No listener found for request: (POST)/first/goa
2020-06-19 00:14:31,587 [[apple].apple-httpListenerConfig.worker.02] INFO  org.mule.module.http.internal.listener.HttpListenerRegistry - Available listeners are: [(*)/console/*, (*)/api/*]
2020-06-19 00:16:35,841 [[apple].apple-httpListenerConfig.worker.02] ERROR org.mule.module.apikit.MappingExceptionListener - 
********************************************************************************
Message               : null
Payload               : {NullPayload}
Payload Type          : org.mule.transport.NullPayload
Element               : /apple-main/processors/0 @ apple:apple.xml:10 (APIkit Router)
Element XML           : <apikit:router xmlns:apikit="http://www.mulesoft.org/schema/mule/apikit" config-ref="apple-config" doc:name="APIkit Router"></apikit:router>
--------------------------------------------------------------------------------
Root Exception stack trace:
org.mule.module.apikit.exception.MethodNotAllowedException
	at org.mule.module.apikit.AbstractRouter.processRouterRequest(AbstractRouter.java:199)
	at org.mule.module.apikit.AbstractRouter.processBlockingRequest(AbstractRouter.java:103)
	at org.mule.module.apikit.AbstractRouter.processBlocking(AbstractRouter.java:97)
	at org.mule.module.apikit.AbstractRouter.process(AbstractRouter.java:79)
	at org.mule.execution.ExceptionToMessagingExceptionExecutionInterceptor.execute(ExceptionToMessagingExceptionExecutionInterceptor.java:27)
	at org.mule.execution.MessageProcessorNotificationExecutionInterceptor.execute(MessageProcessorNotificationExecutionInterceptor.java:112)
	at org.mule.execution.MessageProcessorExecutionTemplate.execute(MessageProcessorExecutionTemplate.java:44)
	at org.mule.processor.BlockingProcessorExecutor.executeNext(BlockingProcessorExecutor.java:98)
	at org.mule.processor.BlockingProcessorExecutor.execute(BlockingProcessorExecutor.java:59)
	at org.mule.processor.AsyncInterceptingMessageProcessor.process(AsyncInterceptingMessageProcessor.java:119)
	at org.mule.execution.ExceptionToMessagingExceptionExecutionInterceptor.execute(ExceptionToMessagingExceptionExecutionInterceptor.java:27)
	at org.mule.execution.MessageProcessorNotificationExecutionInterceptor.execute(MessageProcessorNotificationExecutionInterceptor.java:112)
	at org.mule.execution.MessageProcessorExecutionTemplate.execute(MessageProcessorExecutionTemplate.java:44)
	at org.mule.processor.BlockingProcessorExecutor.executeNext(BlockingProcessorExecutor.java:98)
	at org.mule.processor.BlockingProcessorExecutor.execute(BlockingProcessorExecutor.java:59)
	at org.mule.construct.DynamicPipelineMessageProcessor.process(DynamicPipelineMessageProcessor.java:55)
	at org.mule.execution.ExceptionToMessagingExceptionExecutionInterceptor.execute(ExceptionToMessagingExceptionExecutionInterceptor.java:27)
	at org.mule.execution.MessageProcessorNotificationExecutionInterceptor.execute(MessageProcessorNotificationExecutionInterceptor.java:112)
	at org.mule.execution.MessageProcessorExecutionTemplate.execute(MessageProcessorExecutionTemplate.java:44)
	at org.mule.processor.BlockingProcessorExecutor.executeNext(BlockingProcessorExecutor.java:88)
	at org.mule.processor.BlockingProcessorExecutor.execute(BlockingProcessorExecutor.java:59)
	at org.mule.execution.ExceptionToMessagingExceptionExecutionInterceptor.execute(ExceptionToMessagingExceptionExecutionInterceptor.java:27)
	at org.mule.execution.MessageProcessorExecutionTemplate.execute(MessageProcessorExecutionTemplate.java:44)
	at org.mule.processor.BlockingProcessorExecutor.executeNext(BlockingProcessorExecutor.java:98)
	at org.mule.processor.BlockingProcessorExecutor.execute(BlockingProcessorExecutor.java:59)
	at org.mule.interceptor.AbstractEnvelopeInterceptor.processBlocking(AbstractEnvelopeInterceptor.java:59)
	at org.mule.processor.AbstractRequestResponseMessageProcessor.process(AbstractRequestResponseMessageProcessor.java:48)
	at org.mule.execution.ExceptionToMessagingExceptionExecutionInterceptor.execute(ExceptionToMessagingExceptionExecutionInterceptor.java:27)
	at org.mule.execution.MessageProcessorNotificationExecutionInterceptor.execute(MessageProcessorNotificationExecutionInterceptor.java:112)
	at org.mule.execution.MessageProcessorExecutionTemplate.execute(MessageProcessorExecutionTemplate.java:44)
	at org.mule.processor.BlockingProcessorExecutor.executeNext(BlockingProcessorExecutor.java:98)
	at org.mule.processor.BlockingProcessorExecutor.execute(BlockingProcessorExecutor.java:59)
	at org.mule.processor.AbstractFilteringMessageProcessor.process(AbstractFilteringMessageProcessor.java:62)
	at org.mule.execution.ExceptionToMessagingExceptionExecutionInterceptor.execute(ExceptionToMessagingExceptionExecutionInterceptor.java:27)
	at org.mule.execution.MessageProcessorNotificationExecutionInterceptor.execute(MessageProcessorNotificationExecutionInterceptor.java:112)
	at org.mule.execution.MessageProcessorExecutionTemplate.execute(MessageProcessorExecutionTemplate.java:44)
	at org.mule.processor.BlockingProcessorExecutor.executeNext(BlockingProcessorExecutor.java:98)
	at org.mule.processor.BlockingProcessorExecutor.execute(BlockingProcessorExecutor.java:59)
	at org.mule.processor.AbstractRequestResponseMessageProcessor.processBlocking(AbstractRequestResponseMessageProcessor.java:57)
	at org.mule.processor.AbstractRequestResponseMessageProcessor.process(AbstractRequestResponseMessageProcessor.java:48)
	at org.mule.execution.ExceptionToMessagingExceptionExecutionInterceptor.execute(ExceptionToMessagingExceptionExecutionInterceptor.java:27)
	at org.mule.execution.MessageProcessorNotificationExecutionInterceptor.execute(MessageProcessorNotificationExecutionInterceptor.java:112)
	at org.mule.execution.MessageProcessorExecutionTemplate.execute(MessageProcessorExecutionTemplate.java:44)
	at org.mule.processor.BlockingProcessorExecutor.executeNext(BlockingProcessorExecutor.java:88)
	at org.mule.processor.BlockingProcessorExecutor.execute(BlockingProcessorExecutor.java:59)
	at org.mule.execution.ExceptionToMessagingExceptionExecutionInterceptor.execute(ExceptionToMessagingExceptionExecutionInterceptor.java:27)
	at org.mule.execution.MessageProcessorNotificationExecutionInterceptor.execute(MessageProcessorNotificationExecutionInterceptor.java:112)
	at org.mule.execution.MessageProcessorExecutionTemplate.execute(MessageProcessorExecutionTemplate.java:44)
	at org.mule.construct.AbstractPipeline$3.process(AbstractPipeline.java:232)
	at org.mule.module.http.internal.listener.HttpMessageProcessorTemplate.routeEvent(HttpMessageProcessorTemplate.java:76)
	at org.mule.execution.AsyncResponseFlowProcessingPhase$1.process(AsyncResponseFlowProcessingPhase.java:73)
	at org.mule.execution.AsyncResponseFlowProcessingPhase$1.process(AsyncResponseFlowProcessingPhase.java:60)
	at org.mule.execution.ExecuteCallbackInterceptor.execute(ExecuteCallbackInterceptor.java:16)
	at org.mule.execution.CommitTransactionInterceptor.execute(CommitTransactionInterceptor.java:35)
	at org.mule.execution.CommitTransactionInterceptor.execute(CommitTransactionInterceptor.java:22)
	at org.mule.execution.HandleExceptionInterceptor.execute(HandleExceptionInterceptor.java:30)
	at org.mule.execution.HandleExceptionInterceptor.execute(HandleExceptionInterceptor.java:14)
	at org.mule.execution.BeginAndResolveTransactionInterceptor.execute(BeginAndResolveTransactionInterceptor.java:67)
	at org.mule.execution.ResolvePreviousTransactionInterceptor.execute(ResolvePreviousTransactionInterceptor.java:44)
	at org.mule.execution.SuspendXaTransactionInterceptor.execute(SuspendXaTransactionInterceptor.java:50)
	at org.mule.execution.ValidateTransactionalStateInterceptor.execute(ValidateTransactionalStateInterceptor.java:40)
	at org.mule.execution.IsolateCurrentTransactionInterceptor.execute(IsolateCurrentTransactionInterceptor.java:41)
	at org.mule.execution.ExternalTransactionInterceptor.execute(ExternalTransactionInterceptor.java:48)
	at org.mule.execution.RethrowExceptionInterceptor.execute(RethrowExceptionInterceptor.java:28)
	at org.mule.execution.RethrowExceptionInterceptor.execute(RethrowExceptionInterceptor.java:13)
	at org.mule.execution.TransactionalErrorHandlingExecutionTemplate.execute(TransactionalErrorHandlingExecutionTemplate.java:110)
	at org.mule.execution.AsyncResponseFlowProcessingPhase.runPhase(AsyncResponseFlowProcessingPhase.java:59)
	at org.mule.execution.AsyncResponseFlowProcessingPhase.runPhase(AsyncResponseFlowProcessingPhase.java:36)
	at org.mule.execution.PhaseExecutionEngine$InternalPhaseExecutionEngine.phaseSuccessfully(PhaseExecutionEngine.java:65)
	at org.mule.execution.PhaseExecutionEngine$InternalPhaseExecutionEngine.phaseSuccessfully(PhaseExecutionEngine.java:69)
	at com.mulesoft.mule.throttling.ThrottlingPhase.runPhase(ThrottlingPhase.java:197)
	at com.mulesoft.mule.throttling.ThrottlingPhase.runPhase(ThrottlingPhase.java:61)
	at org.mule.execution.PhaseExecutionEngine$InternalPhaseExecutionEngine.phaseSuccessfully(PhaseExecutionEngine.java:65)
	at com.mulesoft.gateway.http.phases.GatewayValidationPhase.runPhase(GatewayValidationPhase.java:94)
	at com.mulesoft.gateway.http.phases.GatewayValidationPhase.runPhase(GatewayValidationPhase.java:51)
	at org.mule.execution.PhaseExecutionEngine$InternalPhaseExecutionEngine.phaseSuccessfully(PhaseExecutionEngine.java:65)
	at org.mule.modules.cors.CorsPhase.runPhase(CorsPhase.java:104)
	at org.mule.modules.cors.CorsPhase.runPhase(CorsPhase.java:35)
	at org.mule.execution.PhaseExecutionEngine$InternalPhaseExecutionEngine.process(PhaseExecutionEngine.java:114)
	at org.mule.execution.PhaseExecutionEngine.process(PhaseExecutionEngine.java:41)
	at org.mule.execution.MuleMessageProcessingManager.processMessage(MuleMessageProcessingManager.java:32)
	at org.mule.module.http.internal.listener.DefaultHttpListener$1.handleRequest(DefaultHttpListener.java:137)
	at org.mule.module.http.internal.listener.grizzly.GrizzlyRequestDispatcherFilter.handleRead(GrizzlyRequestDispatcherFilter.java:110)
	at org.glassfish.grizzly.filterchain.ExecutorResolver$9.execute(ExecutorResolver.java:119)
	at org.glassfish.grizzly.filterchain.DefaultFilterChain.executeFilter(DefaultFilterChain.java:284)
	at org.glassfish.grizzly.filterchain.DefaultFilterChain.executeChainPart(DefaultFilterChain.java:201)
	at org.glassfish.grizzly.filterchain.DefaultFilterChain.execute(DefaultFilterChain.java:133)
	at org.glassfish.grizzly.filterchain.DefaultFilterChain.process(DefaultFilterChain.java:112)
	at org.glassfish.grizzly.ProcessorExecutor.execute(ProcessorExecutor.java:77)
	at org.glassfish.grizzly.nio.transport.TCPNIOTransport.fireIOEvent(TCPNIOTransport.java:540)
	at org.glassfish.grizzly.strategies.AbstractIOStrategy.fireIOEvent(AbstractIOStrategy.java:112)
	at org.mule.module.http.internal.listener.grizzly.ExecutorPerServerAddressIOStrategy.run0(ExecutorPerServerAddressIOStrategy.java:126)
	at org.mule.module.http.internal.listener.grizzly.ExecutorPerServerAddressIOStrategy.access$100(ExecutorPerServerAddressIOStrategy.java:32)
	at org.mule.module.http.internal.listener.grizzly.ExecutorPerServerAddressIOStrategy$WorkerThreadRunnable.run(ExecutorPerServerAddressIOStrategy.java:149)
	at java.util.concurrent.ThreadPoolExecutor.runWorker(Unknown Source)
	at java.util.concurrent.ThreadPoolExecutor$Worker.run(Unknown Source)
	at java.lang.Thread.run(Unknown Source)

********************************************************************************

2020-06-19 00:23:47,365 [main] INFO  org.mule.module.launcher.application.DefaultMuleApplication - 
++++++++++++++++++++++++++++++++++++++++++++++++++++++++++++
+ Initializing app 'apple'                                 +
++++++++++++++++++++++++++++++++++++++++++++++++++++++++++++
2020-06-19 00:23:47,719 [main] INFO  org.mule.lifecycle.AbstractLifecycleManager - Initialising RegistryBroker
2020-06-19 00:23:47,874 [main] INFO  org.mule.module.extension.internal.manager.DefaultExtensionManager - Starting discovery of extensions
2020-06-19 00:23:48,059 [main] INFO  org.mule.module.extension.internal.manager.DefaultExtensionManager - Discovered 1 extensions
2020-06-19 00:23:48,059 [main] INFO  org.mule.module.extension.internal.manager.DefaultExtensionManager - Registering extension validation (version 3.9)
2020-06-19 00:23:48,382 [main] INFO  org.mule.config.spring.MuleArtifactContext - Refreshing org.mule.config.spring.MuleArtifactContext@46c670a6: startup date [Fri Jun 19 00:23:48 IST 2020]; root of context hierarchy
2020-06-19 00:23:50,623 [main] INFO  org.mule.config.spring.processors.NoDevkitInjectorProcessor - JSR-330 'javax.inject.Inject' annotation found and supported for autowiring
2020-06-19 00:23:52,755 [main] WARN  org.mule.module.ognl.expression.OgnlExpressionEvaluator - OGNL module is deprecated and will be removed in Mule 4.0. Use MEL expressions instead.
2020-06-19 00:23:53,552 [main] INFO  org.mule.util.journal.TransactionJournal - Using files for tx logs D:\mule-apps\.mule\.\.mule\apple\queue-tx-log\tx1.log and D:\mule-apps\.mule\.\.mule\apple\queue-tx-log\tx2.log
2020-06-19 00:23:53,580 [main] INFO  org.mule.util.journal.TransactionJournal - Using files for tx logs D:\mule-apps\.mule\.\.mule\apple\queue-xa-tx-log\tx1.log and D:\mule-apps\.mule\.\.mule\apple\queue-xa-tx-log\tx2.log
2020-06-19 00:23:53,764 [main] INFO  org.mule.lifecycle.AbstractLifecycleManager - Initialising model: _muleSystemModel
2020-06-19 00:23:53,771 [main] INFO  org.mule.construct.FlowConstructLifecycleManager - Initialising flow: apple-main
2020-06-19 00:23:53,773 [main] INFO  org.mule.module.apikit.MappingExceptionListener - Initialising exception listener: MappingExceptionListener{statusCode=404, exceptions=[org.mule.module.apikit.exception.NotFoundException]}
2020-06-19 00:23:53,776 [main] INFO  org.mule.module.apikit.MappingExceptionListener - Initialising exception listener: MappingExceptionListener{statusCode=405, exceptions=[org.mule.module.apikit.exception.MethodNotAllowedException]}
2020-06-19 00:23:53,777 [main] INFO  org.mule.module.apikit.MappingExceptionListener - Initialising exception listener: MappingExceptionListener{statusCode=415, exceptions=[org.mule.module.apikit.exception.UnsupportedMediaTypeException]}
2020-06-19 00:23:53,777 [main] INFO  org.mule.module.apikit.MappingExceptionListener - Initialising exception listener: MappingExceptionListener{statusCode=406, exceptions=[org.mule.module.apikit.exception.NotAcceptableException]}
2020-06-19 00:23:53,778 [main] INFO  org.mule.module.apikit.MappingExceptionListener - Initialising exception listener: MappingExceptionListener{statusCode=400, exceptions=[org.mule.module.apikit.exception.BadRequestException]}
2020-06-19 00:23:53,823 [main] INFO  org.mule.processor.SedaStageLifecycleManager - Initialising service: apple-main.stage1
2020-06-19 00:23:53,840 [main] INFO  org.mule.construct.FlowConstructLifecycleManager - Initialising flow: apple-console
2020-06-19 00:23:53,840 [main] INFO  org.mule.exception.DefaultMessagingExceptionStrategy - Initialising exception listener: org.mule.exception.DefaultMessagingExceptionStrategy@2b4d4327
2020-06-19 00:23:53,849 [main] INFO  org.mule.processor.SedaStageLifecycleManager - Initialising service: apple-console.stage1
2020-06-19 00:23:53,854 [main] INFO  org.mule.construct.FlowConstructLifecycleManager - Initialising flow: get:/goa:apple-config
2020-06-19 00:23:53,854 [main] INFO  org.mule.exception.DefaultMessagingExceptionStrategy - Initialising exception listener: org.mule.exception.DefaultMessagingExceptionStrategy@48a2db72
2020-06-19 00:23:53,863 [main] INFO  org.mule.processor.SedaStageLifecycleManager - Initialising service: get:/goa:apple-config.stage1
2020-06-19 00:23:54,835 [main] INFO  org.mule.module.apikit.Configuration - Building resource URI cache...
2020-06-19 00:23:54,934 [main] INFO  org.mule.config.spring.SpringXmlConfigurationBuilder - Configured Mule using "org.mule.config.spring.SpringXmlConfigurationBuilder" with configuration resource(s): "[ConfigResource{resourceName='D:\mule-apps\.mule\apps\apple\apple.xml'}, ConfigResource{resourceName='D:\mule-apps\.mule\apps\apple\database-call.xml'}]"
2020-06-19 00:23:54,935 [main] INFO  org.mule.config.builders.AutoConfigurationBuilder - Configured Mule using "org.mule.config.builders.AutoConfigurationBuilder" with configuration resource(s): "[ConfigResource{resourceName='D:\mule-apps\.mule\apps\apple\apple.xml'}, ConfigResource{resourceName='D:\mule-apps\.mule\apps\apple\database-call.xml'}]"
2020-06-19 00:23:54,954 [main] INFO  com.mulesoft.module.policies.lifecyle.GateKeeper - GateKeeper Mode: DISABLED
2020-06-19 00:23:54,963 [main] INFO  org.mule.module.launcher.application.DefaultMuleApplication - 
++++++++++++++++++++++++++++++++++++++++++++++++++++++++++++
+ Starting app 'apple'                                     +
++++++++++++++++++++++++++++++++++++++++++++++++++++++++++++
2020-06-19 00:23:55,013 [main] INFO  org.mule.util.queue.QueueXaResourceManager - Starting ResourceManager
2020-06-19 00:23:55,013 [main] INFO  org.mule.util.queue.QueueXaResourceManager - Started ResourceManager
2020-06-19 00:23:55,106 [main] INFO  org.mule.module.http.internal.listener.DefaultHttpListenerConfig - Listening for requests on http://0.0.0.0:8081
2020-06-19 00:23:55,113 [main] INFO  org.mule.lifecycle.AbstractLifecycleManager - Starting model: _muleSystemModel
2020-06-19 00:23:55,116 [main] INFO  org.mule.construct.FlowConstructLifecycleManager - Starting flow: apple-main
2020-06-19 00:23:55,117 [main] INFO  org.mule.processor.SedaStageLifecycleManager - Starting service: apple-main.stage1
2020-06-19 00:23:55,134 [main] INFO  org.mule.module.apikit.Configuration - 
********************************************************************************
* APIKit Console URL: http://127.0.0.1:8081/console                            *
********************************************************************************
2020-06-19 00:23:55,134 [main] INFO  org.mule.construct.FlowConstructLifecycleManager - Starting flow: apple-console
2020-06-19 00:23:55,134 [main] INFO  org.mule.processor.SedaStageLifecycleManager - Starting service: apple-console.stage1
2020-06-19 00:23:55,151 [main] INFO  org.mule.construct.FlowConstructLifecycleManager - Starting flow: get:/goa:apple-config
2020-06-19 00:23:55,151 [main] INFO  org.mule.processor.SedaStageLifecycleManager - Starting service: get:/goa:apple-config.stage1
2020-06-19 00:23:55,204 [main] INFO  org.mule.module.management.agent.WrapperManagerAgent - This JVM hasn't been launched by the wrapper, the agent will not run.
2020-06-19 00:23:55,249 [main] INFO  org.mule.DefaultMuleContext - 
**********************************************************************
* Application: apple                                                 *
* OS encoding: \, Mule encoding: UTF-8                               *
*                                                                    *
* Agents Running:                                                    *
*   Batch module default engine                                      *
*   JMX Agent                                                        *
*   Wrapper Manager                                                  *
**********************************************************************
