2020-06-08 08:48:32,386 [main] INFO  org.mule.module.launcher.application.DefaultMuleApplication - 
++++++++++++++++++++++++++++++++++++++++++++++++++++++++++++
+ Initializing app 'file_transfer_with_regex'              +
++++++++++++++++++++++++++++++++++++++++++++++++++++++++++++
2020-06-08 08:48:32,579 [main] INFO  org.mule.lifecycle.AbstractLifecycleManager - Initialising RegistryBroker
2020-06-08 08:48:32,678 [main] INFO  org.mule.module.extension.internal.manager.DefaultExtensionManager - Starting discovery of extensions
2020-06-08 08:48:32,820 [main] INFO  org.mule.module.extension.internal.manager.DefaultExtensionManager - Discovered 1 extensions
2020-06-08 08:48:32,820 [main] INFO  org.mule.module.extension.internal.manager.DefaultExtensionManager - Registering extension validation (version 3.9)
2020-06-08 08:48:32,880 [main] INFO  org.mule.config.spring.MuleArtifactContext - Refreshing org.mule.config.spring.MuleArtifactContext@681a8b4e: startup date [Mon Jun 08 08:48:32 IST 2020]; root of context hierarchy
2020-06-08 08:48:34,263 [main] INFO  org.mule.config.spring.processors.NoDevkitInjectorProcessor - JSR-330 'javax.inject.Inject' annotation found and supported for autowiring
2020-06-08 08:48:35,245 [main] WARN  org.mule.module.ognl.expression.OgnlExpressionEvaluator - OGNL module is deprecated and will be removed in Mule 4.0. Use MEL expressions instead.
2020-06-08 08:48:35,372 [main] INFO  org.mule.util.journal.TransactionJournal - Using files for tx logs D:\mule-apps\.mule\.\.mule\file_transfer_with_regex\queue-tx-log\tx1.log and D:\mule-apps\.mule\.\.mule\file_transfer_with_regex\queue-tx-log\tx2.log
2020-06-08 08:48:35,384 [main] INFO  org.mule.util.journal.TransactionJournal - Using files for tx logs D:\mule-apps\.mule\.\.mule\file_transfer_with_regex\queue-xa-tx-log\tx1.log and D:\mule-apps\.mule\.\.mule\file_transfer_with_regex\queue-xa-tx-log\tx2.log
2020-06-08 08:48:35,388 [main] INFO  org.mule.lifecycle.AbstractLifecycleManager - Initialising connector: connector.file.mule.default
2020-06-08 08:48:35,443 [main] INFO  org.mule.lifecycle.AbstractLifecycleManager - Initialising model: _muleSystemModel
2020-06-08 08:48:35,448 [main] INFO  org.mule.construct.FlowConstructLifecycleManager - Initialising flow: file_transfer_with_regex
2020-06-08 08:48:35,448 [main] INFO  org.mule.exception.DefaultMessagingExceptionStrategy - Initialising exception listener: org.mule.exception.DefaultMessagingExceptionStrategy@10dc7d6
2020-06-08 08:48:35,468 [main] INFO  org.mule.processor.SedaStageLifecycleManager - Initialising service: file_transfer_with_regex.stage1
2020-06-08 08:48:35,765 [main] INFO  org.mule.config.spring.SpringXmlConfigurationBuilder - Configured Mule using "org.mule.config.spring.SpringXmlConfigurationBuilder" with configuration resource(s): "[ConfigResource{resourceName='D:\mule-apps\.mule\apps\file_transfer_with_regex\file_transfer_with_regex.xml'}]"
2020-06-08 08:48:35,765 [main] INFO  org.mule.config.builders.AutoConfigurationBuilder - Configured Mule using "org.mule.config.builders.AutoConfigurationBuilder" with configuration resource(s): "[ConfigResource{resourceName='D:\mule-apps\.mule\apps\file_transfer_with_regex\file_transfer_with_regex.xml'}]"
2020-06-08 08:48:35,766 [main] INFO  org.mule.module.launcher.application.DefaultMuleApplication - 
++++++++++++++++++++++++++++++++++++++++++++++++++++++++++++
+ Starting app 'file_transfer_with_regex'                  +
++++++++++++++++++++++++++++++++++++++++++++++++++++++++++++
2020-06-08 08:48:35,767 [main] INFO  org.mule.util.queue.QueueXaResourceManager - Starting ResourceManager
2020-06-08 08:48:35,768 [main] INFO  org.mule.util.queue.QueueXaResourceManager - Started ResourceManager
2020-06-08 08:48:35,785 [main] INFO  org.mule.transport.file.FileConnector - Connected: FileConnector
{
  name=connector.file.mule.default
  lifecycle=initialise
  this=74d3b638
  numberOfConcurrentTransactedReceivers=4
  createMultipleTransactedReceivers=true
  connected=true
  supportedProtocols=[file]
  serviceOverrides=<none>
}

2020-06-08 08:48:35,785 [main] INFO  org.mule.transport.file.FileConnector - Starting: FileConnector
{
  name=connector.file.mule.default
  lifecycle=initialise
  this=74d3b638
  numberOfConcurrentTransactedReceivers=4
  createMultipleTransactedReceivers=true
  connected=true
  supportedProtocols=[file]
  serviceOverrides=<none>
}

2020-06-08 08:48:35,786 [main] INFO  org.mule.lifecycle.AbstractLifecycleManager - Starting connector: connector.file.mule.default
2020-06-08 08:48:35,789 [main] INFO  org.mule.lifecycle.AbstractLifecycleManager - Starting model: _muleSystemModel
2020-06-08 08:48:35,791 [main] INFO  org.mule.construct.FlowConstructLifecycleManager - Starting flow: file_transfer_with_regex
2020-06-08 08:48:35,793 [main] INFO  org.mule.processor.SedaStageLifecycleManager - Starting service: file_transfer_with_regex.stage1
2020-06-08 08:48:35,819 [main] INFO  org.mule.transport.file.FileConnector - Registering listener: file_transfer_with_regex on endpointUri: file://ip1
2020-06-08 08:48:35,845 [main] INFO  org.mule.lifecycle.AbstractLifecycleManager - Initialising: 'null'. Object is: FileMessageReceiver
2020-06-08 08:48:35,849 [main] INFO  org.mule.transport.file.FileMessageReceiver - Connecting clusterizable message receiver
2020-06-08 08:48:35,851 [main] INFO  org.mule.lifecycle.AbstractLifecycleManager - Starting: 'null'. Object is: FileMessageReceiver
2020-06-08 08:48:35,851 [main] INFO  org.mule.transport.file.FileMessageReceiver - Starting clusterizable message receiver
2020-06-08 08:48:35,859 [main] INFO  org.mule.module.management.agent.WrapperManagerAgent - This JVM hasn't been launched by the wrapper, the agent will not run.
2020-06-08 08:48:35,895 [main] INFO  org.mule.module.management.agent.AbstractJmxAgent - Attempting to register service with name: Mule.file_transfer_with_regex:type=Endpoint,service="file_transfer_with_regex",connector=connector.file.mule.default,name="endpoint.file.ip1"
2020-06-08 08:48:35,896 [main] INFO  org.mule.module.management.agent.AbstractJmxAgent - Registered Endpoint Service with name: Mule.file_transfer_with_regex:type=Endpoint,service="file_transfer_with_regex",connector=connector.file.mule.default,name="endpoint.file.ip1"
2020-06-08 08:48:35,897 [main] INFO  org.mule.module.management.agent.AbstractJmxAgent - Registered Connector Service with name Mule.file_transfer_with_regex:type=Connector,name="connector.file.mule.default"
2020-06-08 08:48:35,901 [main] INFO  org.mule.DefaultMuleContext - 
**********************************************************************
* Application: file_transfer_with_regex                              *
* OS encoding: \, Mule encoding: UTF-8                               *
*                                                                    *
* Agents Running:                                                    *
*   JMX Agent                                                        *
*   Wrapper Manager                                                  *
**********************************************************************
2020-06-08 08:50:08,482 [main] INFO  org.mule.module.launcher.application.DefaultMuleApplication - 
++++++++++++++++++++++++++++++++++++++++++++++++++++++++++++
+ Initializing app 'file_transfer_with_regex'              +
++++++++++++++++++++++++++++++++++++++++++++++++++++++++++++
2020-06-08 08:50:08,678 [main] INFO  org.mule.lifecycle.AbstractLifecycleManager - Initialising RegistryBroker
2020-06-08 08:50:08,789 [main] INFO  org.mule.module.extension.internal.manager.DefaultExtensionManager - Starting discovery of extensions
2020-06-08 08:50:08,953 [main] INFO  org.mule.module.extension.internal.manager.DefaultExtensionManager - Discovered 1 extensions
2020-06-08 08:50:08,953 [main] INFO  org.mule.module.extension.internal.manager.DefaultExtensionManager - Registering extension validation (version 3.9)
2020-06-08 08:50:09,013 [main] INFO  org.mule.config.spring.MuleArtifactContext - Refreshing org.mule.config.spring.MuleArtifactContext@681a8b4e: startup date [Mon Jun 08 08:50:09 IST 2020]; root of context hierarchy
2020-06-08 08:50:10,386 [main] INFO  org.mule.config.spring.processors.NoDevkitInjectorProcessor - JSR-330 'javax.inject.Inject' annotation found and supported for autowiring
2020-06-08 08:50:11,366 [main] WARN  org.mule.module.ognl.expression.OgnlExpressionEvaluator - OGNL module is deprecated and will be removed in Mule 4.0. Use MEL expressions instead.
2020-06-08 08:50:11,497 [main] INFO  org.mule.util.journal.TransactionJournal - Using files for tx logs D:\mule-apps\.mule\.\.mule\file_transfer_with_regex\queue-tx-log\tx1.log and D:\mule-apps\.mule\.\.mule\file_transfer_with_regex\queue-tx-log\tx2.log
2020-06-08 08:50:11,511 [main] INFO  org.mule.util.journal.TransactionJournal - Using files for tx logs D:\mule-apps\.mule\.\.mule\file_transfer_with_regex\queue-xa-tx-log\tx1.log and D:\mule-apps\.mule\.\.mule\file_transfer_with_regex\queue-xa-tx-log\tx2.log
2020-06-08 08:50:11,515 [main] INFO  org.mule.lifecycle.AbstractLifecycleManager - Initialising connector: connector.file.mule.default
2020-06-08 08:50:11,571 [main] INFO  org.mule.lifecycle.AbstractLifecycleManager - Initialising model: _muleSystemModel
2020-06-08 08:50:11,576 [main] INFO  org.mule.construct.FlowConstructLifecycleManager - Initialising flow: file_transfer_with_regex
2020-06-08 08:50:11,577 [main] INFO  org.mule.exception.DefaultMessagingExceptionStrategy - Initialising exception listener: org.mule.exception.DefaultMessagingExceptionStrategy@69391e08
2020-06-08 08:50:11,601 [main] INFO  org.mule.processor.SedaStageLifecycleManager - Initialising service: file_transfer_with_regex.stage1
2020-06-08 08:50:11,862 [main] INFO  org.mule.config.spring.SpringXmlConfigurationBuilder - Configured Mule using "org.mule.config.spring.SpringXmlConfigurationBuilder" with configuration resource(s): "[ConfigResource{resourceName='D:\mule-apps\.mule\apps\file_transfer_with_regex\file_transfer_with_regex.xml'}]"
2020-06-08 08:50:11,862 [main] INFO  org.mule.config.builders.AutoConfigurationBuilder - Configured Mule using "org.mule.config.builders.AutoConfigurationBuilder" with configuration resource(s): "[ConfigResource{resourceName='D:\mule-apps\.mule\apps\file_transfer_with_regex\file_transfer_with_regex.xml'}]"
2020-06-08 08:50:11,863 [main] INFO  org.mule.module.launcher.application.DefaultMuleApplication - 
++++++++++++++++++++++++++++++++++++++++++++++++++++++++++++
+ Starting app 'file_transfer_with_regex'                  +
++++++++++++++++++++++++++++++++++++++++++++++++++++++++++++
2020-06-08 08:50:11,864 [main] INFO  org.mule.util.queue.QueueXaResourceManager - Starting ResourceManager
2020-06-08 08:50:11,865 [main] INFO  org.mule.util.queue.QueueXaResourceManager - Started ResourceManager
2020-06-08 08:50:11,879 [main] INFO  org.mule.transport.file.FileConnector - Connected: FileConnector
{
  name=connector.file.mule.default
  lifecycle=initialise
  this=43a0a32d
  numberOfConcurrentTransactedReceivers=4
  createMultipleTransactedReceivers=true
  connected=true
  supportedProtocols=[file]
  serviceOverrides=<none>
}

2020-06-08 08:50:11,880 [main] INFO  org.mule.transport.file.FileConnector - Starting: FileConnector
{
  name=connector.file.mule.default
  lifecycle=initialise
  this=43a0a32d
  numberOfConcurrentTransactedReceivers=4
  createMultipleTransactedReceivers=true
  connected=true
  supportedProtocols=[file]
  serviceOverrides=<none>
}

2020-06-08 08:50:11,881 [main] INFO  org.mule.lifecycle.AbstractLifecycleManager - Starting connector: connector.file.mule.default
2020-06-08 08:50:11,886 [main] INFO  org.mule.lifecycle.AbstractLifecycleManager - Starting model: _muleSystemModel
2020-06-08 08:50:11,887 [main] INFO  org.mule.construct.FlowConstructLifecycleManager - Starting flow: file_transfer_with_regex
2020-06-08 08:50:11,888 [main] INFO  org.mule.processor.SedaStageLifecycleManager - Starting service: file_transfer_with_regex.stage1
2020-06-08 08:50:11,911 [main] INFO  org.mule.transport.file.FileConnector - Registering listener: file_transfer_with_regex on endpointUri: file://ip1
2020-06-08 08:50:11,937 [main] INFO  org.mule.lifecycle.AbstractLifecycleManager - Initialising: 'null'. Object is: FileMessageReceiver
2020-06-08 08:50:11,942 [main] INFO  org.mule.transport.file.FileMessageReceiver - Connecting clusterizable message receiver
2020-06-08 08:50:11,943 [main] INFO  org.mule.lifecycle.AbstractLifecycleManager - Starting: 'null'. Object is: FileMessageReceiver
2020-06-08 08:50:11,944 [main] INFO  org.mule.transport.file.FileMessageReceiver - Starting clusterizable message receiver
2020-06-08 08:50:11,955 [main] INFO  org.mule.module.management.agent.WrapperManagerAgent - This JVM hasn't been launched by the wrapper, the agent will not run.
2020-06-08 08:50:11,989 [main] INFO  org.mule.module.management.agent.AbstractJmxAgent - Attempting to register service with name: Mule.file_transfer_with_regex:type=Endpoint,service="file_transfer_with_regex",connector=connector.file.mule.default,name="endpoint.file.ip1"
2020-06-08 08:50:11,990 [main] INFO  org.mule.module.management.agent.AbstractJmxAgent - Registered Endpoint Service with name: Mule.file_transfer_with_regex:type=Endpoint,service="file_transfer_with_regex",connector=connector.file.mule.default,name="endpoint.file.ip1"
2020-06-08 08:50:11,991 [main] INFO  org.mule.module.management.agent.AbstractJmxAgent - Registered Connector Service with name Mule.file_transfer_with_regex:type=Connector,name="connector.file.mule.default"
2020-06-08 08:50:11,996 [main] INFO  org.mule.DefaultMuleContext - 
**********************************************************************
* Application: file_transfer_with_regex                              *
* OS encoding: \, Mule encoding: UTF-8                               *
*                                                                    *
* Agents Running:                                                    *
*   JMX Agent                                                        *
*   Wrapper Manager                                                  *
**********************************************************************
2020-06-08 08:51:34,782 [main] INFO  org.mule.module.launcher.application.DefaultMuleApplication - 
++++++++++++++++++++++++++++++++++++++++++++++++++++++++++++
+ Initializing app 'file_transfer_with_regex'              +
++++++++++++++++++++++++++++++++++++++++++++++++++++++++++++
2020-06-08 08:51:34,975 [main] INFO  org.mule.lifecycle.AbstractLifecycleManager - Initialising RegistryBroker
2020-06-08 08:51:35,079 [main] INFO  org.mule.module.extension.internal.manager.DefaultExtensionManager - Starting discovery of extensions
2020-06-08 08:51:35,219 [main] INFO  org.mule.module.extension.internal.manager.DefaultExtensionManager - Discovered 1 extensions
2020-06-08 08:51:35,219 [main] INFO  org.mule.module.extension.internal.manager.DefaultExtensionManager - Registering extension validation (version 3.9)
2020-06-08 08:51:35,288 [main] INFO  org.mule.config.spring.MuleArtifactContext - Refreshing org.mule.config.spring.MuleArtifactContext@681a8b4e: startup date [Mon Jun 08 08:51:35 IST 2020]; root of context hierarchy
2020-06-08 08:51:36,613 [main] INFO  org.mule.config.spring.processors.NoDevkitInjectorProcessor - JSR-330 'javax.inject.Inject' annotation found and supported for autowiring
2020-06-08 08:51:37,605 [main] WARN  org.mule.module.ognl.expression.OgnlExpressionEvaluator - OGNL module is deprecated and will be removed in Mule 4.0. Use MEL expressions instead.
2020-06-08 08:51:37,746 [main] INFO  org.mule.util.journal.TransactionJournal - Using files for tx logs D:\mule-apps\.mule\.\.mule\file_transfer_with_regex\queue-tx-log\tx1.log and D:\mule-apps\.mule\.\.mule\file_transfer_with_regex\queue-tx-log\tx2.log
2020-06-08 08:51:37,765 [main] INFO  org.mule.util.journal.TransactionJournal - Using files for tx logs D:\mule-apps\.mule\.\.mule\file_transfer_with_regex\queue-xa-tx-log\tx1.log and D:\mule-apps\.mule\.\.mule\file_transfer_with_regex\queue-xa-tx-log\tx2.log
2020-06-08 08:51:37,773 [main] INFO  org.mule.lifecycle.AbstractLifecycleManager - Initialising connector: connector.file.mule.default
2020-06-08 08:51:37,833 [main] INFO  org.mule.lifecycle.AbstractLifecycleManager - Initialising model: _muleSystemModel
2020-06-08 08:51:37,839 [main] INFO  org.mule.construct.FlowConstructLifecycleManager - Initialising flow: file_transfer_with_regex
2020-06-08 08:51:37,839 [main] INFO  org.mule.exception.DefaultMessagingExceptionStrategy - Initialising exception listener: org.mule.exception.DefaultMessagingExceptionStrategy@69391e08
2020-06-08 08:51:37,870 [main] INFO  org.mule.processor.SedaStageLifecycleManager - Initialising service: file_transfer_with_regex.stage1
2020-06-08 08:51:38,188 [main] INFO  org.mule.config.spring.SpringXmlConfigurationBuilder - Configured Mule using "org.mule.config.spring.SpringXmlConfigurationBuilder" with configuration resource(s): "[ConfigResource{resourceName='D:\mule-apps\.mule\apps\file_transfer_with_regex\file_transfer_with_regex.xml'}]"
2020-06-08 08:51:38,188 [main] INFO  org.mule.config.builders.AutoConfigurationBuilder - Configured Mule using "org.mule.config.builders.AutoConfigurationBuilder" with configuration resource(s): "[ConfigResource{resourceName='D:\mule-apps\.mule\apps\file_transfer_with_regex\file_transfer_with_regex.xml'}]"
2020-06-08 08:51:38,189 [main] INFO  org.mule.module.launcher.application.DefaultMuleApplication - 
++++++++++++++++++++++++++++++++++++++++++++++++++++++++++++
+ Starting app 'file_transfer_with_regex'                  +
++++++++++++++++++++++++++++++++++++++++++++++++++++++++++++
2020-06-08 08:51:38,191 [main] INFO  org.mule.util.queue.QueueXaResourceManager - Starting ResourceManager
2020-06-08 08:51:38,191 [main] INFO  org.mule.util.queue.QueueXaResourceManager - Started ResourceManager
2020-06-08 08:51:38,209 [main] INFO  org.mule.transport.file.FileConnector - Connected: FileConnector
{
  name=connector.file.mule.default
  lifecycle=initialise
  this=43a0a32d
  numberOfConcurrentTransactedReceivers=4
  createMultipleTransactedReceivers=true
  connected=true
  supportedProtocols=[file]
  serviceOverrides=<none>
}

2020-06-08 08:51:38,209 [main] INFO  org.mule.transport.file.FileConnector - Starting: FileConnector
{
  name=connector.file.mule.default
  lifecycle=initialise
  this=43a0a32d
  numberOfConcurrentTransactedReceivers=4
  createMultipleTransactedReceivers=true
  connected=true
  supportedProtocols=[file]
  serviceOverrides=<none>
}

2020-06-08 08:51:38,210 [main] INFO  org.mule.lifecycle.AbstractLifecycleManager - Starting connector: connector.file.mule.default
2020-06-08 08:51:38,214 [main] INFO  org.mule.lifecycle.AbstractLifecycleManager - Starting model: _muleSystemModel
2020-06-08 08:51:38,216 [main] INFO  org.mule.construct.FlowConstructLifecycleManager - Starting flow: file_transfer_with_regex
2020-06-08 08:51:38,216 [main] INFO  org.mule.processor.SedaStageLifecycleManager - Starting service: file_transfer_with_regex.stage1
2020-06-08 08:51:38,242 [main] INFO  org.mule.transport.file.FileConnector - Registering listener: file_transfer_with_regex on endpointUri: file://ip1
2020-06-08 08:51:38,274 [main] INFO  org.mule.lifecycle.AbstractLifecycleManager - Initialising: 'null'. Object is: FileMessageReceiver
2020-06-08 08:51:38,278 [main] INFO  org.mule.transport.file.FileMessageReceiver - Connecting clusterizable message receiver
2020-06-08 08:51:38,279 [main] INFO  org.mule.lifecycle.AbstractLifecycleManager - Starting: 'null'. Object is: FileMessageReceiver
2020-06-08 08:51:38,279 [main] INFO  org.mule.transport.file.FileMessageReceiver - Starting clusterizable message receiver
2020-06-08 08:51:38,290 [main] INFO  org.mule.module.management.agent.WrapperManagerAgent - This JVM hasn't been launched by the wrapper, the agent will not run.
2020-06-08 08:51:38,323 [main] INFO  org.mule.module.management.agent.AbstractJmxAgent - Attempting to register service with name: Mule.file_transfer_with_regex:type=Endpoint,service="file_transfer_with_regex",connector=connector.file.mule.default,name="endpoint.file.ip1"
2020-06-08 08:51:38,323 [main] INFO  org.mule.module.management.agent.AbstractJmxAgent - Registered Endpoint Service with name: Mule.file_transfer_with_regex:type=Endpoint,service="file_transfer_with_regex",connector=connector.file.mule.default,name="endpoint.file.ip1"
2020-06-08 08:51:38,324 [main] INFO  org.mule.module.management.agent.AbstractJmxAgent - Registered Connector Service with name Mule.file_transfer_with_regex:type=Connector,name="connector.file.mule.default"
2020-06-08 08:51:38,327 [main] INFO  org.mule.DefaultMuleContext - 
**********************************************************************
* Application: file_transfer_with_regex                              *
* OS encoding: \, Mule encoding: UTF-8                               *
*                                                                    *
* Agents Running:                                                    *
*   JMX Agent                                                        *
*   Wrapper Manager                                                  *
**********************************************************************
2020-06-08 08:51:54,342 [[file_transfer_with_regex].connector.file.mule.default.receiver.01] ERROR org.mule.exception.DefaultSystemExceptionStrategy - 
********************************************************************************
Message               : Error happened while listing files
--------------------------------------------------------------------------------
Root Exception stack trace:
org.mule.api.MuleRuntimeException: Directory 'D:\mule-apps\file_transfer_with_regex\ip1' does not exist
	at org.mule.transport.file.FileMessageReceiver.basicListFiles(FileMessageReceiver.java:719)
	at org.mule.transport.file.FileMessageReceiver.listFiles(FileMessageReceiver.java:701)
	at org.mule.transport.file.FileMessageReceiver.poll(FileMessageReceiver.java:193)
	at org.mule.transport.AbstractPollingMessageReceiver.performPoll(AbstractPollingMessageReceiver.java:216)
	at org.mule.transport.PollingReceiverWorker.poll(PollingReceiverWorker.java:84)
	at org.mule.transport.PollingReceiverWorker.run(PollingReceiverWorker.java:48)
	at org.mule.transport.TrackingWorkManager$TrackeableWork.run(TrackingWorkManager.java:267)
	at org.mule.work.WorkerContext.run(WorkerContext.java:301)
	at java.util.concurrent.ThreadPoolExecutor.runWorker(ThreadPoolExecutor.java:1149)
	at java.util.concurrent.ThreadPoolExecutor$Worker.run(ThreadPoolExecutor.java:624)
	at java.lang.Thread.run(Thread.java:748)

********************************************************************************

2020-06-08 08:51:55,308 [[file_transfer_with_regex].connector.file.mule.default.receiver.01] ERROR org.mule.exception.DefaultSystemExceptionStrategy - 
********************************************************************************
Message               : Error happened while listing files
--------------------------------------------------------------------------------
Root Exception stack trace:
org.mule.api.MuleRuntimeException: Directory 'D:\mule-apps\file_transfer_with_regex\ip1' does not exist
	at org.mule.transport.file.FileMessageReceiver.basicListFiles(FileMessageReceiver.java:719)
	at org.mule.transport.file.FileMessageReceiver.listFiles(FileMessageReceiver.java:701)
	at org.mule.transport.file.FileMessageReceiver.poll(FileMessageReceiver.java:193)
	at org.mule.transport.AbstractPollingMessageReceiver.performPoll(AbstractPollingMessageReceiver.java:216)
	at org.mule.transport.PollingReceiverWorker.poll(PollingReceiverWorker.java:84)
	at org.mule.transport.PollingReceiverWorker.run(PollingReceiverWorker.java:48)
	at org.mule.transport.TrackingWorkManager$TrackeableWork.run(TrackingWorkManager.java:267)
	at org.mule.work.WorkerContext.run(WorkerContext.java:301)
	at java.util.concurrent.ThreadPoolExecutor.runWorker(ThreadPoolExecutor.java:1149)
	at java.util.concurrent.ThreadPoolExecutor$Worker.run(ThreadPoolExecutor.java:624)
	at java.lang.Thread.run(Thread.java:748)

********************************************************************************

2020-06-08 08:51:56,309 [[file_transfer_with_regex].connector.file.mule.default.receiver.01] ERROR org.mule.exception.DefaultSystemExceptionStrategy - 
********************************************************************************
Message               : Error happened while listing files
--------------------------------------------------------------------------------
Root Exception stack trace:
org.mule.api.MuleRuntimeException: Directory 'D:\mule-apps\file_transfer_with_regex\ip1' does not exist
	at org.mule.transport.file.FileMessageReceiver.basicListFiles(FileMessageReceiver.java:719)
	at org.mule.transport.file.FileMessageReceiver.listFiles(FileMessageReceiver.java:701)
	at org.mule.transport.file.FileMessageReceiver.poll(FileMessageReceiver.java:193)
	at org.mule.transport.AbstractPollingMessageReceiver.performPoll(AbstractPollingMessageReceiver.java:216)
	at org.mule.transport.PollingReceiverWorker.poll(PollingReceiverWorker.java:84)
	at org.mule.transport.PollingReceiverWorker.run(PollingReceiverWorker.java:48)
	at org.mule.transport.TrackingWorkManager$TrackeableWork.run(TrackingWorkManager.java:267)
	at org.mule.work.WorkerContext.run(WorkerContext.java:301)
	at java.util.concurrent.ThreadPoolExecutor.runWorker(ThreadPoolExecutor.java:1149)
	at java.util.concurrent.ThreadPoolExecutor$Worker.run(ThreadPoolExecutor.java:624)
	at java.lang.Thread.run(Thread.java:748)

********************************************************************************

2020-06-08 08:51:57,311 [[file_transfer_with_regex].connector.file.mule.default.receiver.01] ERROR org.mule.exception.DefaultSystemExceptionStrategy - 
********************************************************************************
Message               : Error happened while listing files
--------------------------------------------------------------------------------
Root Exception stack trace:
org.mule.api.MuleRuntimeException: Directory 'D:\mule-apps\file_transfer_with_regex\ip1' does not exist
	at org.mule.transport.file.FileMessageReceiver.basicListFiles(FileMessageReceiver.java:719)
	at org.mule.transport.file.FileMessageReceiver.listFiles(FileMessageReceiver.java:701)
	at org.mule.transport.file.FileMessageReceiver.poll(FileMessageReceiver.java:193)
	at org.mule.transport.AbstractPollingMessageReceiver.performPoll(AbstractPollingMessageReceiver.java:216)
	at org.mule.transport.PollingReceiverWorker.poll(PollingReceiverWorker.java:84)
	at org.mule.transport.PollingReceiverWorker.run(PollingReceiverWorker.java:48)
	at org.mule.transport.TrackingWorkManager$TrackeableWork.run(TrackingWorkManager.java:267)
	at org.mule.work.WorkerContext.run(WorkerContext.java:301)
	at java.util.concurrent.ThreadPoolExecutor.runWorker(ThreadPoolExecutor.java:1149)
	at java.util.concurrent.ThreadPoolExecutor$Worker.run(ThreadPoolExecutor.java:624)
	at java.lang.Thread.run(Thread.java:748)

********************************************************************************

2020-06-08 08:51:58,312 [[file_transfer_with_regex].connector.file.mule.default.receiver.01] ERROR org.mule.exception.DefaultSystemExceptionStrategy - 
********************************************************************************
Message               : Error happened while listing files
--------------------------------------------------------------------------------
Root Exception stack trace:
org.mule.api.MuleRuntimeException: Directory 'D:\mule-apps\file_transfer_with_regex\ip1' does not exist
	at org.mule.transport.file.FileMessageReceiver.basicListFiles(FileMessageReceiver.java:719)
	at org.mule.transport.file.FileMessageReceiver.listFiles(FileMessageReceiver.java:701)
	at org.mule.transport.file.FileMessageReceiver.poll(FileMessageReceiver.java:193)
	at org.mule.transport.AbstractPollingMessageReceiver.performPoll(AbstractPollingMessageReceiver.java:216)
	at org.mule.transport.PollingReceiverWorker.poll(PollingReceiverWorker.java:84)
	at org.mule.transport.PollingReceiverWorker.run(PollingReceiverWorker.java:48)
	at org.mule.transport.TrackingWorkManager$TrackeableWork.run(TrackingWorkManager.java:267)
	at org.mule.work.WorkerContext.run(WorkerContext.java:301)
	at java.util.concurrent.ThreadPoolExecutor.runWorker(ThreadPoolExecutor.java:1149)
	at java.util.concurrent.ThreadPoolExecutor$Worker.run(ThreadPoolExecutor.java:624)
	at java.lang.Thread.run(Thread.java:748)

********************************************************************************

2020-06-08 08:51:59,313 [[file_transfer_with_regex].connector.file.mule.default.receiver.01] ERROR org.mule.exception.DefaultSystemExceptionStrategy - 
********************************************************************************
Message               : Error happened while listing files
--------------------------------------------------------------------------------
Root Exception stack trace:
org.mule.api.MuleRuntimeException: Directory 'D:\mule-apps\file_transfer_with_regex\ip1' does not exist
	at org.mule.transport.file.FileMessageReceiver.basicListFiles(FileMessageReceiver.java:719)
	at org.mule.transport.file.FileMessageReceiver.listFiles(FileMessageReceiver.java:701)
	at org.mule.transport.file.FileMessageReceiver.poll(FileMessageReceiver.java:193)
	at org.mule.transport.AbstractPollingMessageReceiver.performPoll(AbstractPollingMessageReceiver.java:216)
	at org.mule.transport.PollingReceiverWorker.poll(PollingReceiverWorker.java:84)
	at org.mule.transport.PollingReceiverWorker.run(PollingReceiverWorker.java:48)
	at org.mule.transport.TrackingWorkManager$TrackeableWork.run(TrackingWorkManager.java:267)
	at org.mule.work.WorkerContext.run(WorkerContext.java:301)
	at java.util.concurrent.ThreadPoolExecutor.runWorker(ThreadPoolExecutor.java:1149)
	at java.util.concurrent.ThreadPoolExecutor$Worker.run(ThreadPoolExecutor.java:624)
	at java.lang.Thread.run(Thread.java:748)

********************************************************************************

2020-06-08 08:52:00,313 [[file_transfer_with_regex].connector.file.mule.default.receiver.01] ERROR org.mule.exception.DefaultSystemExceptionStrategy - 
********************************************************************************
Message               : Error happened while listing files
--------------------------------------------------------------------------------
Root Exception stack trace:
org.mule.api.MuleRuntimeException: Directory 'D:\mule-apps\file_transfer_with_regex\ip1' does not exist
	at org.mule.transport.file.FileMessageReceiver.basicListFiles(FileMessageReceiver.java:719)
	at org.mule.transport.file.FileMessageReceiver.listFiles(FileMessageReceiver.java:701)
	at org.mule.transport.file.FileMessageReceiver.poll(FileMessageReceiver.java:193)
	at org.mule.transport.AbstractPollingMessageReceiver.performPoll(AbstractPollingMessageReceiver.java:216)
	at org.mule.transport.PollingReceiverWorker.poll(PollingReceiverWorker.java:84)
	at org.mule.transport.PollingReceiverWorker.run(PollingReceiverWorker.java:48)
	at org.mule.transport.TrackingWorkManager$TrackeableWork.run(TrackingWorkManager.java:267)
	at org.mule.work.WorkerContext.run(WorkerContext.java:301)
	at java.util.concurrent.ThreadPoolExecutor.runWorker(ThreadPoolExecutor.java:1149)
	at java.util.concurrent.ThreadPoolExecutor$Worker.run(ThreadPoolExecutor.java:624)
	at java.lang.Thread.run(Thread.java:748)

********************************************************************************

2020-06-08 08:52:01,314 [[file_transfer_with_regex].connector.file.mule.default.receiver.01] ERROR org.mule.exception.DefaultSystemExceptionStrategy - 
********************************************************************************
Message               : Error happened while listing files
--------------------------------------------------------------------------------
Root Exception stack trace:
org.mule.api.MuleRuntimeException: Directory 'D:\mule-apps\file_transfer_with_regex\ip1' does not exist
	at org.mule.transport.file.FileMessageReceiver.basicListFiles(FileMessageReceiver.java:719)
	at org.mule.transport.file.FileMessageReceiver.listFiles(FileMessageReceiver.java:701)
	at org.mule.transport.file.FileMessageReceiver.poll(FileMessageReceiver.java:193)
	at org.mule.transport.AbstractPollingMessageReceiver.performPoll(AbstractPollingMessageReceiver.java:216)
	at org.mule.transport.PollingReceiverWorker.poll(PollingReceiverWorker.java:84)
	at org.mule.transport.PollingReceiverWorker.run(PollingReceiverWorker.java:48)
	at org.mule.transport.TrackingWorkManager$TrackeableWork.run(TrackingWorkManager.java:267)
	at org.mule.work.WorkerContext.run(WorkerContext.java:301)
	at java.util.concurrent.ThreadPoolExecutor.runWorker(ThreadPoolExecutor.java:1149)
	at java.util.concurrent.ThreadPoolExecutor$Worker.run(ThreadPoolExecutor.java:624)
	at java.lang.Thread.run(Thread.java:748)

********************************************************************************

2020-06-08 08:52:02,314 [[file_transfer_with_regex].connector.file.mule.default.receiver.01] ERROR org.mule.exception.DefaultSystemExceptionStrategy - 
********************************************************************************
Message               : Error happened while listing files
--------------------------------------------------------------------------------
Root Exception stack trace:
org.mule.api.MuleRuntimeException: Directory 'D:\mule-apps\file_transfer_with_regex\ip1' does not exist
	at org.mule.transport.file.FileMessageReceiver.basicListFiles(FileMessageReceiver.java:719)
	at org.mule.transport.file.FileMessageReceiver.listFiles(FileMessageReceiver.java:701)
	at org.mule.transport.file.FileMessageReceiver.poll(FileMessageReceiver.java:193)
	at org.mule.transport.AbstractPollingMessageReceiver.performPoll(AbstractPollingMessageReceiver.java:216)
	at org.mule.transport.PollingReceiverWorker.poll(PollingReceiverWorker.java:84)
	at org.mule.transport.PollingReceiverWorker.run(PollingReceiverWorker.java:48)
	at org.mule.transport.TrackingWorkManager$TrackeableWork.run(TrackingWorkManager.java:267)
	at org.mule.work.WorkerContext.run(WorkerContext.java:301)
	at java.util.concurrent.ThreadPoolExecutor.runWorker(ThreadPoolExecutor.java:1149)
	at java.util.concurrent.ThreadPoolExecutor$Worker.run(ThreadPoolExecutor.java:624)
	at java.lang.Thread.run(Thread.java:748)

********************************************************************************

2020-06-08 08:52:03,316 [[file_transfer_with_regex].connector.file.mule.default.receiver.01] ERROR org.mule.exception.DefaultSystemExceptionStrategy - 
********************************************************************************
Message               : Error happened while listing files
--------------------------------------------------------------------------------
Root Exception stack trace:
org.mule.api.MuleRuntimeException: Directory 'D:\mule-apps\file_transfer_with_regex\ip1' does not exist
	at org.mule.transport.file.FileMessageReceiver.basicListFiles(FileMessageReceiver.java:719)
	at org.mule.transport.file.FileMessageReceiver.listFiles(FileMessageReceiver.java:701)
	at org.mule.transport.file.FileMessageReceiver.poll(FileMessageReceiver.java:193)
	at org.mule.transport.AbstractPollingMessageReceiver.performPoll(AbstractPollingMessageReceiver.java:216)
	at org.mule.transport.PollingReceiverWorker.poll(PollingReceiverWorker.java:84)
	at org.mule.transport.PollingReceiverWorker.run(PollingReceiverWorker.java:48)
	at org.mule.transport.TrackingWorkManager$TrackeableWork.run(TrackingWorkManager.java:267)
	at org.mule.work.WorkerContext.run(WorkerContext.java:301)
	at java.util.concurrent.ThreadPoolExecutor.runWorker(ThreadPoolExecutor.java:1149)
	at java.util.concurrent.ThreadPoolExecutor$Worker.run(ThreadPoolExecutor.java:624)
	at java.lang.Thread.run(Thread.java:748)

********************************************************************************

2020-06-08 08:52:04,318 [[file_transfer_with_regex].connector.file.mule.default.receiver.01] ERROR org.mule.exception.DefaultSystemExceptionStrategy - 
********************************************************************************
Message               : Error happened while listing files
--------------------------------------------------------------------------------
Root Exception stack trace:
org.mule.api.MuleRuntimeException: Directory 'D:\mule-apps\file_transfer_with_regex\ip1' does not exist
	at org.mule.transport.file.FileMessageReceiver.basicListFiles(FileMessageReceiver.java:719)
	at org.mule.transport.file.FileMessageReceiver.listFiles(FileMessageReceiver.java:701)
	at org.mule.transport.file.FileMessageReceiver.poll(FileMessageReceiver.java:193)
	at org.mule.transport.AbstractPollingMessageReceiver.performPoll(AbstractPollingMessageReceiver.java:216)
	at org.mule.transport.PollingReceiverWorker.poll(PollingReceiverWorker.java:84)
	at org.mule.transport.PollingReceiverWorker.run(PollingReceiverWorker.java:48)
	at org.mule.transport.TrackingWorkManager$TrackeableWork.run(TrackingWorkManager.java:267)
	at org.mule.work.WorkerContext.run(WorkerContext.java:301)
	at java.util.concurrent.ThreadPoolExecutor.runWorker(ThreadPoolExecutor.java:1149)
	at java.util.concurrent.ThreadPoolExecutor$Worker.run(ThreadPoolExecutor.java:624)
	at java.lang.Thread.run(Thread.java:748)

********************************************************************************

2020-06-08 08:52:05,318 [[file_transfer_with_regex].connector.file.mule.default.receiver.01] ERROR org.mule.exception.DefaultSystemExceptionStrategy - 
********************************************************************************
Message               : Error happened while listing files
--------------------------------------------------------------------------------
Root Exception stack trace:
org.mule.api.MuleRuntimeException: Directory 'D:\mule-apps\file_transfer_with_regex\ip1' does not exist
	at org.mule.transport.file.FileMessageReceiver.basicListFiles(FileMessageReceiver.java:719)
	at org.mule.transport.file.FileMessageReceiver.listFiles(FileMessageReceiver.java:701)
	at org.mule.transport.file.FileMessageReceiver.poll(FileMessageReceiver.java:193)
	at org.mule.transport.AbstractPollingMessageReceiver.performPoll(AbstractPollingMessageReceiver.java:216)
	at org.mule.transport.PollingReceiverWorker.poll(PollingReceiverWorker.java:84)
	at org.mule.transport.PollingReceiverWorker.run(PollingReceiverWorker.java:48)
	at org.mule.transport.TrackingWorkManager$TrackeableWork.run(TrackingWorkManager.java:267)
	at org.mule.work.WorkerContext.run(WorkerContext.java:301)
	at java.util.concurrent.ThreadPoolExecutor.runWorker(ThreadPoolExecutor.java:1149)
	at java.util.concurrent.ThreadPoolExecutor$Worker.run(ThreadPoolExecutor.java:624)
	at java.lang.Thread.run(Thread.java:748)

********************************************************************************

2020-06-08 08:52:06,319 [[file_transfer_with_regex].connector.file.mule.default.receiver.01] ERROR org.mule.exception.DefaultSystemExceptionStrategy - 
********************************************************************************
Message               : Error happened while listing files
--------------------------------------------------------------------------------
Root Exception stack trace:
org.mule.api.MuleRuntimeException: Directory 'D:\mule-apps\file_transfer_with_regex\ip1' does not exist
	at org.mule.transport.file.FileMessageReceiver.basicListFiles(FileMessageReceiver.java:719)
	at org.mule.transport.file.FileMessageReceiver.listFiles(FileMessageReceiver.java:701)
	at org.mule.transport.file.FileMessageReceiver.poll(FileMessageReceiver.java:193)
	at org.mule.transport.AbstractPollingMessageReceiver.performPoll(AbstractPollingMessageReceiver.java:216)
	at org.mule.transport.PollingReceiverWorker.poll(PollingReceiverWorker.java:84)
	at org.mule.transport.PollingReceiverWorker.run(PollingReceiverWorker.java:48)
	at org.mule.transport.TrackingWorkManager$TrackeableWork.run(TrackingWorkManager.java:267)
	at org.mule.work.WorkerContext.run(WorkerContext.java:301)
	at java.util.concurrent.ThreadPoolExecutor.runWorker(ThreadPoolExecutor.java:1149)
	at java.util.concurrent.ThreadPoolExecutor$Worker.run(ThreadPoolExecutor.java:624)
	at java.lang.Thread.run(Thread.java:748)

********************************************************************************

2020-06-08 08:52:07,320 [[file_transfer_with_regex].connector.file.mule.default.receiver.01] ERROR org.mule.exception.DefaultSystemExceptionStrategy - 
********************************************************************************
Message               : Error happened while listing files
--------------------------------------------------------------------------------
Root Exception stack trace:
org.mule.api.MuleRuntimeException: Directory 'D:\mule-apps\file_transfer_with_regex\ip1' does not exist
	at org.mule.transport.file.FileMessageReceiver.basicListFiles(FileMessageReceiver.java:719)
	at org.mule.transport.file.FileMessageReceiver.listFiles(FileMessageReceiver.java:701)
	at org.mule.transport.file.FileMessageReceiver.poll(FileMessageReceiver.java:193)
	at org.mule.transport.AbstractPollingMessageReceiver.performPoll(AbstractPollingMessageReceiver.java:216)
	at org.mule.transport.PollingReceiverWorker.poll(PollingReceiverWorker.java:84)
	at org.mule.transport.PollingReceiverWorker.run(PollingReceiverWorker.java:48)
	at org.mule.transport.TrackingWorkManager$TrackeableWork.run(TrackingWorkManager.java:267)
	at org.mule.work.WorkerContext.run(WorkerContext.java:301)
	at java.util.concurrent.ThreadPoolExecutor.runWorker(ThreadPoolExecutor.java:1149)
	at java.util.concurrent.ThreadPoolExecutor$Worker.run(ThreadPoolExecutor.java:624)
	at java.lang.Thread.run(Thread.java:748)

********************************************************************************

2020-06-08 08:52:08,321 [[file_transfer_with_regex].connector.file.mule.default.receiver.01] ERROR org.mule.exception.DefaultSystemExceptionStrategy - 
********************************************************************************
Message               : Error happened while listing files
--------------------------------------------------------------------------------
Root Exception stack trace:
org.mule.api.MuleRuntimeException: Directory 'D:\mule-apps\file_transfer_with_regex\ip1' does not exist
	at org.mule.transport.file.FileMessageReceiver.basicListFiles(FileMessageReceiver.java:719)
	at org.mule.transport.file.FileMessageReceiver.listFiles(FileMessageReceiver.java:701)
	at org.mule.transport.file.FileMessageReceiver.poll(FileMessageReceiver.java:193)
	at org.mule.transport.AbstractPollingMessageReceiver.performPoll(AbstractPollingMessageReceiver.java:216)
	at org.mule.transport.PollingReceiverWorker.poll(PollingReceiverWorker.java:84)
	at org.mule.transport.PollingReceiverWorker.run(PollingReceiverWorker.java:48)
	at org.mule.transport.TrackingWorkManager$TrackeableWork.run(TrackingWorkManager.java:267)
	at org.mule.work.WorkerContext.run(WorkerContext.java:301)
	at java.util.concurrent.ThreadPoolExecutor.runWorker(ThreadPoolExecutor.java:1149)
	at java.util.concurrent.ThreadPoolExecutor$Worker.run(ThreadPoolExecutor.java:624)
	at java.lang.Thread.run(Thread.java:748)

********************************************************************************

2020-06-08 08:52:09,324 [[file_transfer_with_regex].connector.file.mule.default.receiver.01] ERROR org.mule.exception.DefaultSystemExceptionStrategy - 
********************************************************************************
Message               : Error happened while listing files
--------------------------------------------------------------------------------
Root Exception stack trace:
org.mule.api.MuleRuntimeException: Directory 'D:\mule-apps\file_transfer_with_regex\ip1' does not exist
	at org.mule.transport.file.FileMessageReceiver.basicListFiles(FileMessageReceiver.java:719)
	at org.mule.transport.file.FileMessageReceiver.listFiles(FileMessageReceiver.java:701)
	at org.mule.transport.file.FileMessageReceiver.poll(FileMessageReceiver.java:193)
	at org.mule.transport.AbstractPollingMessageReceiver.performPoll(AbstractPollingMessageReceiver.java:216)
	at org.mule.transport.PollingReceiverWorker.poll(PollingReceiverWorker.java:84)
	at org.mule.transport.PollingReceiverWorker.run(PollingReceiverWorker.java:48)
	at org.mule.transport.TrackingWorkManager$TrackeableWork.run(TrackingWorkManager.java:267)
	at org.mule.work.WorkerContext.run(WorkerContext.java:301)
	at java.util.concurrent.ThreadPoolExecutor.runWorker(ThreadPoolExecutor.java:1149)
	at java.util.concurrent.ThreadPoolExecutor$Worker.run(ThreadPoolExecutor.java:624)
	at java.lang.Thread.run(Thread.java:748)

********************************************************************************

2020-06-08 08:52:10,325 [[file_transfer_with_regex].connector.file.mule.default.receiver.01] ERROR org.mule.exception.DefaultSystemExceptionStrategy - 
********************************************************************************
Message               : Error happened while listing files
--------------------------------------------------------------------------------
Root Exception stack trace:
org.mule.api.MuleRuntimeException: Directory 'D:\mule-apps\file_transfer_with_regex\ip1' does not exist
	at org.mule.transport.file.FileMessageReceiver.basicListFiles(FileMessageReceiver.java:719)
	at org.mule.transport.file.FileMessageReceiver.listFiles(FileMessageReceiver.java:701)
	at org.mule.transport.file.FileMessageReceiver.poll(FileMessageReceiver.java:193)
	at org.mule.transport.AbstractPollingMessageReceiver.performPoll(AbstractPollingMessageReceiver.java:216)
	at org.mule.transport.PollingReceiverWorker.poll(PollingReceiverWorker.java:84)
	at org.mule.transport.PollingReceiverWorker.run(PollingReceiverWorker.java:48)
	at org.mule.transport.TrackingWorkManager$TrackeableWork.run(TrackingWorkManager.java:267)
	at org.mule.work.WorkerContext.run(WorkerContext.java:301)
	at java.util.concurrent.ThreadPoolExecutor.runWorker(ThreadPoolExecutor.java:1149)
	at java.util.concurrent.ThreadPoolExecutor$Worker.run(ThreadPoolExecutor.java:624)
	at java.lang.Thread.run(Thread.java:748)

********************************************************************************

2020-06-08 08:52:11,326 [[file_transfer_with_regex].connector.file.mule.default.receiver.01] ERROR org.mule.exception.DefaultSystemExceptionStrategy - 
********************************************************************************
Message               : Error happened while listing files
--------------------------------------------------------------------------------
Root Exception stack trace:
org.mule.api.MuleRuntimeException: Directory 'D:\mule-apps\file_transfer_with_regex\ip1' does not exist
	at org.mule.transport.file.FileMessageReceiver.basicListFiles(FileMessageReceiver.java:719)
	at org.mule.transport.file.FileMessageReceiver.listFiles(FileMessageReceiver.java:701)
	at org.mule.transport.file.FileMessageReceiver.poll(FileMessageReceiver.java:193)
	at org.mule.transport.AbstractPollingMessageReceiver.performPoll(AbstractPollingMessageReceiver.java:216)
	at org.mule.transport.PollingReceiverWorker.poll(PollingReceiverWorker.java:84)
	at org.mule.transport.PollingReceiverWorker.run(PollingReceiverWorker.java:48)
	at org.mule.transport.TrackingWorkManager$TrackeableWork.run(TrackingWorkManager.java:267)
	at org.mule.work.WorkerContext.run(WorkerContext.java:301)
	at java.util.concurrent.ThreadPoolExecutor.runWorker(ThreadPoolExecutor.java:1149)
	at java.util.concurrent.ThreadPoolExecutor$Worker.run(ThreadPoolExecutor.java:624)
	at java.lang.Thread.run(Thread.java:748)

********************************************************************************

2020-06-08 08:52:23,385 [main] INFO  org.mule.module.launcher.application.DefaultMuleApplication - 
++++++++++++++++++++++++++++++++++++++++++++++++++++++++++++
+ Initializing app 'file_transfer_with_regex'              +
++++++++++++++++++++++++++++++++++++++++++++++++++++++++++++
2020-06-08 08:52:23,578 [main] INFO  org.mule.lifecycle.AbstractLifecycleManager - Initialising RegistryBroker
2020-06-08 08:52:23,683 [main] INFO  org.mule.module.extension.internal.manager.DefaultExtensionManager - Starting discovery of extensions
2020-06-08 08:52:23,847 [main] INFO  org.mule.module.extension.internal.manager.DefaultExtensionManager - Discovered 1 extensions
2020-06-08 08:52:23,847 [main] INFO  org.mule.module.extension.internal.manager.DefaultExtensionManager - Registering extension validation (version 3.9)
2020-06-08 08:52:23,907 [main] INFO  org.mule.config.spring.MuleArtifactContext - Refreshing org.mule.config.spring.MuleArtifactContext@681a8b4e: startup date [Mon Jun 08 08:52:23 IST 2020]; root of context hierarchy
2020-06-08 08:52:25,268 [main] INFO  org.mule.config.spring.processors.NoDevkitInjectorProcessor - JSR-330 'javax.inject.Inject' annotation found and supported for autowiring
2020-06-08 08:52:26,299 [main] WARN  org.mule.module.ognl.expression.OgnlExpressionEvaluator - OGNL module is deprecated and will be removed in Mule 4.0. Use MEL expressions instead.
2020-06-08 08:52:26,479 [main] INFO  org.mule.util.journal.TransactionJournal - Using files for tx logs D:\mule-apps\.mule\.\.mule\file_transfer_with_regex\queue-tx-log\tx1.log and D:\mule-apps\.mule\.\.mule\file_transfer_with_regex\queue-tx-log\tx2.log
2020-06-08 08:52:26,491 [main] INFO  org.mule.util.journal.TransactionJournal - Using files for tx logs D:\mule-apps\.mule\.\.mule\file_transfer_with_regex\queue-xa-tx-log\tx1.log and D:\mule-apps\.mule\.\.mule\file_transfer_with_regex\queue-xa-tx-log\tx2.log
2020-06-08 08:52:26,496 [main] INFO  org.mule.lifecycle.AbstractLifecycleManager - Initialising connector: connector.file.mule.default
2020-06-08 08:52:26,554 [main] INFO  org.mule.lifecycle.AbstractLifecycleManager - Initialising model: _muleSystemModel
2020-06-08 08:52:26,559 [main] INFO  org.mule.construct.FlowConstructLifecycleManager - Initialising flow: file_transfer_with_regex
2020-06-08 08:52:26,559 [main] INFO  org.mule.exception.DefaultMessagingExceptionStrategy - Initialising exception listener: org.mule.exception.DefaultMessagingExceptionStrategy@69391e08
2020-06-08 08:52:26,582 [main] INFO  org.mule.processor.SedaStageLifecycleManager - Initialising service: file_transfer_with_regex.stage1
2020-06-08 08:52:26,850 [main] INFO  org.mule.config.spring.SpringXmlConfigurationBuilder - Configured Mule using "org.mule.config.spring.SpringXmlConfigurationBuilder" with configuration resource(s): "[ConfigResource{resourceName='D:\mule-apps\.mule\apps\file_transfer_with_regex\file_transfer_with_regex.xml'}]"
2020-06-08 08:52:26,850 [main] INFO  org.mule.config.builders.AutoConfigurationBuilder - Configured Mule using "org.mule.config.builders.AutoConfigurationBuilder" with configuration resource(s): "[ConfigResource{resourceName='D:\mule-apps\.mule\apps\file_transfer_with_regex\file_transfer_with_regex.xml'}]"
2020-06-08 08:52:26,851 [main] INFO  org.mule.module.launcher.application.DefaultMuleApplication - 
++++++++++++++++++++++++++++++++++++++++++++++++++++++++++++
+ Starting app 'file_transfer_with_regex'                  +
++++++++++++++++++++++++++++++++++++++++++++++++++++++++++++
2020-06-08 08:52:26,852 [main] INFO  org.mule.util.queue.QueueXaResourceManager - Starting ResourceManager
2020-06-08 08:52:26,852 [main] INFO  org.mule.util.queue.QueueXaResourceManager - Started ResourceManager
2020-06-08 08:52:26,872 [main] INFO  org.mule.transport.file.FileConnector - Connected: FileConnector
{
  name=connector.file.mule.default
  lifecycle=initialise
  this=43a0a32d
  numberOfConcurrentTransactedReceivers=4
  createMultipleTransactedReceivers=true
  connected=true
  supportedProtocols=[file]
  serviceOverrides=<none>
}

2020-06-08 08:52:26,872 [main] INFO  org.mule.transport.file.FileConnector - Starting: FileConnector
{
  name=connector.file.mule.default
  lifecycle=initialise
  this=43a0a32d
  numberOfConcurrentTransactedReceivers=4
  createMultipleTransactedReceivers=true
  connected=true
  supportedProtocols=[file]
  serviceOverrides=<none>
}

2020-06-08 08:52:26,873 [main] INFO  org.mule.lifecycle.AbstractLifecycleManager - Starting connector: connector.file.mule.default
2020-06-08 08:52:26,879 [main] INFO  org.mule.lifecycle.AbstractLifecycleManager - Starting model: _muleSystemModel
2020-06-08 08:52:26,881 [main] INFO  org.mule.construct.FlowConstructLifecycleManager - Starting flow: file_transfer_with_regex
2020-06-08 08:52:26,881 [main] INFO  org.mule.processor.SedaStageLifecycleManager - Starting service: file_transfer_with_regex.stage1
2020-06-08 08:52:26,903 [main] INFO  org.mule.transport.file.FileConnector - Registering listener: file_transfer_with_regex on endpointUri: file://ip1
2020-06-08 08:52:26,926 [main] INFO  org.mule.lifecycle.AbstractLifecycleManager - Initialising: 'null'. Object is: FileMessageReceiver
2020-06-08 08:52:26,930 [main] INFO  org.mule.transport.file.FileMessageReceiver - Connecting clusterizable message receiver
2020-06-08 08:52:26,932 [main] INFO  org.mule.lifecycle.AbstractLifecycleManager - Starting: 'null'. Object is: FileMessageReceiver
2020-06-08 08:52:26,932 [main] INFO  org.mule.transport.file.FileMessageReceiver - Starting clusterizable message receiver
2020-06-08 08:52:26,940 [main] INFO  org.mule.module.management.agent.WrapperManagerAgent - This JVM hasn't been launched by the wrapper, the agent will not run.
2020-06-08 08:52:26,970 [main] INFO  org.mule.module.management.agent.AbstractJmxAgent - Attempting to register service with name: Mule.file_transfer_with_regex:type=Endpoint,service="file_transfer_with_regex",connector=connector.file.mule.default,name="endpoint.file.ip1"
2020-06-08 08:52:26,970 [main] INFO  org.mule.module.management.agent.AbstractJmxAgent - Registered Endpoint Service with name: Mule.file_transfer_with_regex:type=Endpoint,service="file_transfer_with_regex",connector=connector.file.mule.default,name="endpoint.file.ip1"
2020-06-08 08:52:26,972 [main] INFO  org.mule.module.management.agent.AbstractJmxAgent - Registered Connector Service with name Mule.file_transfer_with_regex:type=Connector,name="connector.file.mule.default"
2020-06-08 08:52:26,976 [main] INFO  org.mule.DefaultMuleContext - 
**********************************************************************
* Application: file_transfer_with_regex                              *
* OS encoding: \, Mule encoding: UTF-8                               *
*                                                                    *
* Agents Running:                                                    *
*   JMX Agent                                                        *
*   Wrapper Manager                                                  *
**********************************************************************
2020-06-08 09:00:52,667 [main] INFO  org.mule.module.launcher.application.DefaultMuleApplication - 
++++++++++++++++++++++++++++++++++++++++++++++++++++++++++++
+ Initializing app 'file_transfer_with_regex'              +
++++++++++++++++++++++++++++++++++++++++++++++++++++++++++++
2020-06-08 09:00:52,888 [main] INFO  org.mule.lifecycle.AbstractLifecycleManager - Initialising RegistryBroker
2020-06-08 09:00:53,013 [main] INFO  org.mule.module.extension.internal.manager.DefaultExtensionManager - Starting discovery of extensions
2020-06-08 09:00:53,163 [main] INFO  org.mule.module.extension.internal.manager.DefaultExtensionManager - Discovered 1 extensions
2020-06-08 09:00:53,163 [main] INFO  org.mule.module.extension.internal.manager.DefaultExtensionManager - Registering extension validation (version 3.9)
2020-06-08 09:00:53,238 [main] INFO  org.mule.config.spring.MuleArtifactContext - Refreshing org.mule.config.spring.MuleArtifactContext@681a8b4e: startup date [Mon Jun 08 09:00:53 IST 2020]; root of context hierarchy
2020-06-08 09:00:54,964 [main] INFO  org.mule.config.spring.processors.NoDevkitInjectorProcessor - JSR-330 'javax.inject.Inject' annotation found and supported for autowiring
2020-06-08 09:00:56,040 [main] WARN  org.mule.module.ognl.expression.OgnlExpressionEvaluator - OGNL module is deprecated and will be removed in Mule 4.0. Use MEL expressions instead.
2020-06-08 09:00:56,175 [main] INFO  org.mule.util.journal.TransactionJournal - Using files for tx logs D:\mule-apps\.mule\.\.mule\file_transfer_with_regex\queue-tx-log\tx1.log and D:\mule-apps\.mule\.\.mule\file_transfer_with_regex\queue-tx-log\tx2.log
2020-06-08 09:00:56,188 [main] INFO  org.mule.util.journal.TransactionJournal - Using files for tx logs D:\mule-apps\.mule\.\.mule\file_transfer_with_regex\queue-xa-tx-log\tx1.log and D:\mule-apps\.mule\.\.mule\file_transfer_with_regex\queue-xa-tx-log\tx2.log
2020-06-08 09:00:56,194 [main] INFO  org.mule.lifecycle.AbstractLifecycleManager - Initialising connector: connector.file.mule.default
2020-06-08 09:00:56,276 [main] INFO  org.mule.lifecycle.AbstractLifecycleManager - Initialising model: _muleSystemModel
2020-06-08 09:00:56,293 [main] INFO  org.mule.construct.FlowConstructLifecycleManager - Initialising flow: file_transfer_with_regex
2020-06-08 09:00:56,293 [main] INFO  org.mule.exception.DefaultMessagingExceptionStrategy - Initialising exception listener: org.mule.exception.DefaultMessagingExceptionStrategy@69391e08
2020-06-08 09:00:56,334 [main] INFO  org.mule.processor.SedaStageLifecycleManager - Initialising service: file_transfer_with_regex.stage1
2020-06-08 09:00:56,653 [main] INFO  org.mule.config.spring.SpringXmlConfigurationBuilder - Configured Mule using "org.mule.config.spring.SpringXmlConfigurationBuilder" with configuration resource(s): "[ConfigResource{resourceName='D:\mule-apps\.mule\apps\file_transfer_with_regex\file_transfer_with_regex.xml'}]"
2020-06-08 09:00:56,653 [main] INFO  org.mule.config.builders.AutoConfigurationBuilder - Configured Mule using "org.mule.config.builders.AutoConfigurationBuilder" with configuration resource(s): "[ConfigResource{resourceName='D:\mule-apps\.mule\apps\file_transfer_with_regex\file_transfer_with_regex.xml'}]"
2020-06-08 09:00:56,656 [main] INFO  org.mule.module.launcher.application.DefaultMuleApplication - 
++++++++++++++++++++++++++++++++++++++++++++++++++++++++++++
+ Starting app 'file_transfer_with_regex'                  +
++++++++++++++++++++++++++++++++++++++++++++++++++++++++++++
2020-06-08 09:00:56,658 [main] INFO  org.mule.util.queue.QueueXaResourceManager - Starting ResourceManager
2020-06-08 09:00:56,659 [main] INFO  org.mule.util.queue.QueueXaResourceManager - Started ResourceManager
2020-06-08 09:00:56,678 [main] INFO  org.mule.transport.file.FileConnector - Connected: FileConnector
{
  name=connector.file.mule.default
  lifecycle=initialise
  this=43a0a32d
  numberOfConcurrentTransactedReceivers=4
  createMultipleTransactedReceivers=true
  connected=true
  supportedProtocols=[file]
  serviceOverrides=<none>
}

2020-06-08 09:00:56,678 [main] INFO  org.mule.transport.file.FileConnector - Starting: FileConnector
{
  name=connector.file.mule.default
  lifecycle=initialise
  this=43a0a32d
  numberOfConcurrentTransactedReceivers=4
  createMultipleTransactedReceivers=true
  connected=true
  supportedProtocols=[file]
  serviceOverrides=<none>
}

2020-06-08 09:00:56,681 [main] INFO  org.mule.lifecycle.AbstractLifecycleManager - Starting connector: connector.file.mule.default
2020-06-08 09:00:56,686 [main] INFO  org.mule.lifecycle.AbstractLifecycleManager - Starting model: _muleSystemModel
2020-06-08 09:00:56,689 [main] INFO  org.mule.construct.FlowConstructLifecycleManager - Starting flow: file_transfer_with_regex
2020-06-08 09:00:56,690 [main] INFO  org.mule.processor.SedaStageLifecycleManager - Starting service: file_transfer_with_regex.stage1
2020-06-08 09:00:56,722 [main] INFO  org.mule.transport.file.FileConnector - Registering listener: file_transfer_with_regex on endpointUri: file://ip1
2020-06-08 09:00:56,744 [main] INFO  org.mule.lifecycle.AbstractLifecycleManager - Initialising: 'null'. Object is: FileMessageReceiver
2020-06-08 09:00:56,748 [main] INFO  org.mule.transport.file.FileMessageReceiver - Connecting clusterizable message receiver
2020-06-08 09:00:56,749 [main] INFO  org.mule.lifecycle.AbstractLifecycleManager - Starting: 'null'. Object is: FileMessageReceiver
2020-06-08 09:00:56,749 [main] INFO  org.mule.transport.file.FileMessageReceiver - Starting clusterizable message receiver
2020-06-08 09:00:56,774 [main] INFO  org.mule.module.management.agent.WrapperManagerAgent - This JVM hasn't been launched by the wrapper, the agent will not run.
2020-06-08 09:00:56,814 [main] INFO  org.mule.module.management.agent.AbstractJmxAgent - Attempting to register service with name: Mule.file_transfer_with_regex:type=Endpoint,service="file_transfer_with_regex",connector=connector.file.mule.default,name="endpoint.file.ip1"
2020-06-08 09:00:56,815 [main] INFO  org.mule.module.management.agent.AbstractJmxAgent - Registered Endpoint Service with name: Mule.file_transfer_with_regex:type=Endpoint,service="file_transfer_with_regex",connector=connector.file.mule.default,name="endpoint.file.ip1"
2020-06-08 09:00:56,818 [main] INFO  org.mule.module.management.agent.AbstractJmxAgent - Registered Connector Service with name Mule.file_transfer_with_regex:type=Connector,name="connector.file.mule.default"
2020-06-08 09:00:56,825 [main] INFO  org.mule.DefaultMuleContext - 
**********************************************************************
* Application: file_transfer_with_regex                              *
* OS encoding: \, Mule encoding: UTF-8                               *
*                                                                    *
* Agents Running:                                                    *
*   JMX Agent                                                        *
*   Wrapper Manager                                                  *
**********************************************************************
2020-06-08 09:02:11,948 [main] INFO  org.mule.module.launcher.application.DefaultMuleApplication - 
++++++++++++++++++++++++++++++++++++++++++++++++++++++++++++
+ Initializing app 'file_transfer_with_regex'              +
++++++++++++++++++++++++++++++++++++++++++++++++++++++++++++
2020-06-08 09:02:12,188 [main] INFO  org.mule.lifecycle.AbstractLifecycleManager - Initialising RegistryBroker
2020-06-08 09:02:12,317 [main] INFO  org.mule.module.extension.internal.manager.DefaultExtensionManager - Starting discovery of extensions
2020-06-08 09:02:12,571 [main] INFO  org.mule.module.extension.internal.manager.DefaultExtensionManager - Discovered 1 extensions
2020-06-08 09:02:12,573 [main] INFO  org.mule.module.extension.internal.manager.DefaultExtensionManager - Registering extension validation (version 3.9)
2020-06-08 09:02:12,660 [main] INFO  org.mule.config.spring.MuleArtifactContext - Refreshing org.mule.config.spring.MuleArtifactContext@681a8b4e: startup date [Mon Jun 08 09:02:12 IST 2020]; root of context hierarchy
2020-06-08 09:02:14,322 [main] INFO  org.mule.config.spring.processors.NoDevkitInjectorProcessor - JSR-330 'javax.inject.Inject' annotation found and supported for autowiring
2020-06-08 09:02:15,497 [main] WARN  org.mule.module.ognl.expression.OgnlExpressionEvaluator - OGNL module is deprecated and will be removed in Mule 4.0. Use MEL expressions instead.
2020-06-08 09:02:15,676 [main] INFO  org.mule.util.journal.TransactionJournal - Using files for tx logs D:\mule-apps\.mule\.\.mule\file_transfer_with_regex\queue-tx-log\tx1.log and D:\mule-apps\.mule\.\.mule\file_transfer_with_regex\queue-tx-log\tx2.log
2020-06-08 09:02:15,688 [main] INFO  org.mule.util.journal.TransactionJournal - Using files for tx logs D:\mule-apps\.mule\.\.mule\file_transfer_with_regex\queue-xa-tx-log\tx1.log and D:\mule-apps\.mule\.\.mule\file_transfer_with_regex\queue-xa-tx-log\tx2.log
2020-06-08 09:02:15,694 [main] INFO  org.mule.lifecycle.AbstractLifecycleManager - Initialising connector: connector.file.mule.default
2020-06-08 09:02:15,761 [main] INFO  org.mule.lifecycle.AbstractLifecycleManager - Initialising model: _muleSystemModel
2020-06-08 09:02:15,766 [main] INFO  org.mule.construct.FlowConstructLifecycleManager - Initialising flow: file_transfer_with_regex
2020-06-08 09:02:15,767 [main] INFO  org.mule.exception.DefaultMessagingExceptionStrategy - Initialising exception listener: org.mule.exception.DefaultMessagingExceptionStrategy@69391e08
2020-06-08 09:02:15,808 [main] INFO  org.mule.processor.SedaStageLifecycleManager - Initialising service: file_transfer_with_regex.stage1
2020-06-08 09:02:16,102 [main] INFO  org.mule.config.spring.SpringXmlConfigurationBuilder - Configured Mule using "org.mule.config.spring.SpringXmlConfigurationBuilder" with configuration resource(s): "[ConfigResource{resourceName='D:\mule-apps\.mule\apps\file_transfer_with_regex\file_transfer_with_regex.xml'}]"
2020-06-08 09:02:16,102 [main] INFO  org.mule.config.builders.AutoConfigurationBuilder - Configured Mule using "org.mule.config.builders.AutoConfigurationBuilder" with configuration resource(s): "[ConfigResource{resourceName='D:\mule-apps\.mule\apps\file_transfer_with_regex\file_transfer_with_regex.xml'}]"
2020-06-08 09:02:16,104 [main] INFO  org.mule.module.launcher.application.DefaultMuleApplication - 
++++++++++++++++++++++++++++++++++++++++++++++++++++++++++++
+ Starting app 'file_transfer_with_regex'                  +
++++++++++++++++++++++++++++++++++++++++++++++++++++++++++++
2020-06-08 09:02:16,106 [main] INFO  org.mule.util.queue.QueueXaResourceManager - Starting ResourceManager
2020-06-08 09:02:16,106 [main] INFO  org.mule.util.queue.QueueXaResourceManager - Started ResourceManager
2020-06-08 09:02:16,132 [main] INFO  org.mule.transport.file.FileConnector - Connected: FileConnector
{
  name=connector.file.mule.default
  lifecycle=initialise
  this=43a0a32d
  numberOfConcurrentTransactedReceivers=4
  createMultipleTransactedReceivers=true
  connected=true
  supportedProtocols=[file]
  serviceOverrides=<none>
}

2020-06-08 09:02:16,132 [main] INFO  org.mule.transport.file.FileConnector - Starting: FileConnector
{
  name=connector.file.mule.default
  lifecycle=initialise
  this=43a0a32d
  numberOfConcurrentTransactedReceivers=4
  createMultipleTransactedReceivers=true
  connected=true
  supportedProtocols=[file]
  serviceOverrides=<none>
}

2020-06-08 09:02:16,133 [main] INFO  org.mule.lifecycle.AbstractLifecycleManager - Starting connector: connector.file.mule.default
2020-06-08 09:02:16,140 [main] INFO  org.mule.lifecycle.AbstractLifecycleManager - Starting model: _muleSystemModel
2020-06-08 09:02:16,142 [main] INFO  org.mule.construct.FlowConstructLifecycleManager - Starting flow: file_transfer_with_regex
2020-06-08 09:02:16,143 [main] INFO  org.mule.processor.SedaStageLifecycleManager - Starting service: file_transfer_with_regex.stage1
2020-06-08 09:02:16,171 [main] INFO  org.mule.transport.file.FileConnector - Registering listener: file_transfer_with_regex on endpointUri: file://ip1
2020-06-08 09:02:16,200 [main] INFO  org.mule.lifecycle.AbstractLifecycleManager - Initialising: 'null'. Object is: FileMessageReceiver
2020-06-08 09:02:16,204 [main] INFO  org.mule.transport.file.FileMessageReceiver - Connecting clusterizable message receiver
2020-06-08 09:02:16,205 [main] INFO  org.mule.lifecycle.AbstractLifecycleManager - Starting: 'null'. Object is: FileMessageReceiver
2020-06-08 09:02:16,205 [main] INFO  org.mule.transport.file.FileMessageReceiver - Starting clusterizable message receiver
2020-06-08 09:02:16,222 [main] INFO  org.mule.module.management.agent.WrapperManagerAgent - This JVM hasn't been launched by the wrapper, the agent will not run.
2020-06-08 09:02:16,259 [main] INFO  org.mule.module.management.agent.AbstractJmxAgent - Attempting to register service with name: Mule.file_transfer_with_regex:type=Endpoint,service="file_transfer_with_regex",connector=connector.file.mule.default,name="endpoint.file.ip1"
2020-06-08 09:02:16,259 [main] INFO  org.mule.module.management.agent.AbstractJmxAgent - Registered Endpoint Service with name: Mule.file_transfer_with_regex:type=Endpoint,service="file_transfer_with_regex",connector=connector.file.mule.default,name="endpoint.file.ip1"
2020-06-08 09:02:16,260 [main] INFO  org.mule.module.management.agent.AbstractJmxAgent - Registered Connector Service with name Mule.file_transfer_with_regex:type=Connector,name="connector.file.mule.default"
2020-06-08 09:02:16,264 [main] INFO  org.mule.DefaultMuleContext - 
**********************************************************************
* Application: file_transfer_with_regex                              *
* OS encoding: \, Mule encoding: UTF-8                               *
*                                                                    *
* Agents Running:                                                    *
*   JMX Agent                                                        *
*   Wrapper Manager                                                  *
**********************************************************************
2020-06-08 09:03:26,200 [main] INFO  org.mule.module.launcher.application.DefaultMuleApplication - 
++++++++++++++++++++++++++++++++++++++++++++++++++++++++++++
+ Initializing app 'file_transfer_with_regex'              +
++++++++++++++++++++++++++++++++++++++++++++++++++++++++++++
2020-06-08 09:03:26,415 [main] INFO  org.mule.lifecycle.AbstractLifecycleManager - Initialising RegistryBroker
2020-06-08 09:03:26,549 [main] INFO  org.mule.module.extension.internal.manager.DefaultExtensionManager - Starting discovery of extensions
2020-06-08 09:03:26,743 [main] INFO  org.mule.module.extension.internal.manager.DefaultExtensionManager - Discovered 1 extensions
2020-06-08 09:03:26,743 [main] INFO  org.mule.module.extension.internal.manager.DefaultExtensionManager - Registering extension validation (version 3.9)
2020-06-08 09:03:26,820 [main] INFO  org.mule.config.spring.MuleArtifactContext - Refreshing org.mule.config.spring.MuleArtifactContext@681a8b4e: startup date [Mon Jun 08 09:03:26 IST 2020]; root of context hierarchy
2020-06-08 09:03:28,465 [main] INFO  org.mule.config.spring.processors.NoDevkitInjectorProcessor - JSR-330 'javax.inject.Inject' annotation found and supported for autowiring
2020-06-08 09:03:29,676 [main] WARN  org.mule.module.ognl.expression.OgnlExpressionEvaluator - OGNL module is deprecated and will be removed in Mule 4.0. Use MEL expressions instead.
2020-06-08 09:03:29,863 [main] INFO  org.mule.util.journal.TransactionJournal - Using files for tx logs D:\mule-apps\.mule\.\.mule\file_transfer_with_regex\queue-tx-log\tx1.log and D:\mule-apps\.mule\.\.mule\file_transfer_with_regex\queue-tx-log\tx2.log
2020-06-08 09:03:29,885 [main] INFO  org.mule.util.journal.TransactionJournal - Using files for tx logs D:\mule-apps\.mule\.\.mule\file_transfer_with_regex\queue-xa-tx-log\tx1.log and D:\mule-apps\.mule\.\.mule\file_transfer_with_regex\queue-xa-tx-log\tx2.log
2020-06-08 09:03:29,891 [main] INFO  org.mule.lifecycle.AbstractLifecycleManager - Initialising connector: connector.file.mule.default
2020-06-08 09:03:30,044 [main] INFO  org.mule.lifecycle.AbstractLifecycleManager - Initialising model: _muleSystemModel
2020-06-08 09:03:30,058 [main] INFO  org.mule.construct.FlowConstructLifecycleManager - Initialising flow: file_transfer_with_regex
2020-06-08 09:03:30,064 [main] INFO  org.mule.exception.DefaultMessagingExceptionStrategy - Initialising exception listener: org.mule.exception.DefaultMessagingExceptionStrategy@7fd26ad8
2020-06-08 09:03:30,110 [main] INFO  org.mule.processor.SedaStageLifecycleManager - Initialising service: file_transfer_with_regex.stage1
2020-06-08 09:03:30,493 [main] INFO  org.mule.config.spring.SpringXmlConfigurationBuilder - Configured Mule using "org.mule.config.spring.SpringXmlConfigurationBuilder" with configuration resource(s): "[ConfigResource{resourceName='D:\mule-apps\.mule\apps\file_transfer_with_regex\file_transfer_with_regex.xml'}]"
2020-06-08 09:03:30,493 [main] INFO  org.mule.config.builders.AutoConfigurationBuilder - Configured Mule using "org.mule.config.builders.AutoConfigurationBuilder" with configuration resource(s): "[ConfigResource{resourceName='D:\mule-apps\.mule\apps\file_transfer_with_regex\file_transfer_with_regex.xml'}]"
2020-06-08 09:03:30,495 [main] INFO  org.mule.module.launcher.application.DefaultMuleApplication - 
++++++++++++++++++++++++++++++++++++++++++++++++++++++++++++
+ Starting app 'file_transfer_with_regex'                  +
++++++++++++++++++++++++++++++++++++++++++++++++++++++++++++
2020-06-08 09:03:30,498 [main] INFO  org.mule.util.queue.QueueXaResourceManager - Starting ResourceManager
2020-06-08 09:03:30,500 [main] INFO  org.mule.util.queue.QueueXaResourceManager - Started ResourceManager
2020-06-08 09:03:30,525 [main] INFO  org.mule.transport.file.FileConnector - Connected: FileConnector
{
  name=connector.file.mule.default
  lifecycle=initialise
  this=3a175162
  numberOfConcurrentTransactedReceivers=4
  createMultipleTransactedReceivers=true
  connected=true
  supportedProtocols=[file]
  serviceOverrides=<none>
}

2020-06-08 09:03:30,525 [main] INFO  org.mule.transport.file.FileConnector - Starting: FileConnector
{
  name=connector.file.mule.default
  lifecycle=initialise
  this=3a175162
  numberOfConcurrentTransactedReceivers=4
  createMultipleTransactedReceivers=true
  connected=true
  supportedProtocols=[file]
  serviceOverrides=<none>
}

2020-06-08 09:03:30,526 [main] INFO  org.mule.lifecycle.AbstractLifecycleManager - Starting connector: connector.file.mule.default
2020-06-08 09:03:30,535 [main] INFO  org.mule.lifecycle.AbstractLifecycleManager - Starting model: _muleSystemModel
2020-06-08 09:03:30,539 [main] INFO  org.mule.construct.FlowConstructLifecycleManager - Starting flow: file_transfer_with_regex
2020-06-08 09:03:30,541 [main] INFO  org.mule.processor.SedaStageLifecycleManager - Starting service: file_transfer_with_regex.stage1
2020-06-08 09:03:30,578 [main] INFO  org.mule.transport.file.FileConnector - Registering listener: file_transfer_with_regex on endpointUri: file://ip1
2020-06-08 09:03:30,620 [main] INFO  org.mule.lifecycle.AbstractLifecycleManager - Initialising: 'null'. Object is: FileMessageReceiver
2020-06-08 09:03:30,628 [main] INFO  org.mule.transport.file.FileMessageReceiver - Connecting clusterizable message receiver
2020-06-08 09:03:30,638 [main] INFO  org.mule.lifecycle.AbstractLifecycleManager - Starting: 'null'. Object is: FileMessageReceiver
2020-06-08 09:03:30,639 [main] INFO  org.mule.transport.file.FileMessageReceiver - Starting clusterizable message receiver
2020-06-08 09:03:30,647 [main] INFO  org.mule.module.management.agent.WrapperManagerAgent - This JVM hasn't been launched by the wrapper, the agent will not run.
2020-06-08 09:03:30,692 [main] INFO  org.mule.module.management.agent.AbstractJmxAgent - Attempting to register service with name: Mule.file_transfer_with_regex:type=Endpoint,service="file_transfer_with_regex",connector=connector.file.mule.default,name="endpoint.file.ip1"
2020-06-08 09:03:30,692 [main] INFO  org.mule.module.management.agent.AbstractJmxAgent - Registered Endpoint Service with name: Mule.file_transfer_with_regex:type=Endpoint,service="file_transfer_with_regex",connector=connector.file.mule.default,name="endpoint.file.ip1"
2020-06-08 09:03:30,693 [main] INFO  org.mule.module.management.agent.AbstractJmxAgent - Registered Connector Service with name Mule.file_transfer_with_regex:type=Connector,name="connector.file.mule.default"
2020-06-08 09:03:30,700 [main] INFO  org.mule.DefaultMuleContext - 
**********************************************************************
* Application: file_transfer_with_regex                              *
* OS encoding: \, Mule encoding: UTF-8                               *
*                                                                    *
* Agents Running:                                                    *
*   JMX Agent                                                        *
*   Wrapper Manager                                                  *
**********************************************************************
2020-06-08 09:03:43,661 [[file_transfer_with_regex].connector.file.mule.default.receiver.01] INFO  org.mule.transport.file.FileMessageReceiver - Lock obtained on file: D:\mule-apps\file_transfer_with_regex\ip1\doubts.txt
2020-06-08 09:03:43,799 [[file_transfer_with_regex].connector.file.mule.default.dispatcher.01] INFO  org.mule.lifecycle.AbstractLifecycleManager - Initialising: 'connector.file.mule.default.dispatcher.1783589717'. Object is: FileMessageDispatcher
2020-06-08 09:03:43,799 [[file_transfer_with_regex].connector.file.mule.default.dispatcher.01] INFO  org.mule.lifecycle.AbstractLifecycleManager - Starting: 'connector.file.mule.default.dispatcher.1783589717'. Object is: FileMessageDispatcher
2020-06-08 09:03:43,880 [[file_transfer_with_regex].connector.file.mule.default.dispatcher.01] INFO  org.mule.transport.file.FileConnector - Writing file to: D:\mule-apps\file_transfer_with_regex\op1\doubts.txt
