2020-06-10 20:18:40,843 [main] INFO  org.mule.module.launcher.application.DefaultMuleApplication - 
++++++++++++++++++++++++++++++++++++++++++++++++++++++++++++
+ Initializing app 'jms-consumer-demo'                     +
++++++++++++++++++++++++++++++++++++++++++++++++++++++++++++
2020-06-10 20:18:41,138 [main] INFO  org.mule.lifecycle.AbstractLifecycleManager - Initialising RegistryBroker
2020-06-10 20:18:41,276 [main] INFO  org.mule.module.extension.internal.manager.DefaultExtensionManager - Starting discovery of extensions
2020-06-10 20:18:41,421 [main] INFO  org.mule.module.extension.internal.manager.DefaultExtensionManager - Discovered 1 extensions
2020-06-10 20:18:41,421 [main] INFO  org.mule.module.extension.internal.manager.DefaultExtensionManager - Registering extension validation (version 3.9)
2020-06-10 20:18:41,700 [main] INFO  org.mule.config.spring.MuleArtifactContext - Refreshing org.mule.config.spring.MuleArtifactContext@1b0a7baf: startup date [Wed Jun 10 20:18:41 IST 2020]; root of context hierarchy
2020-06-10 20:18:43,493 [main] INFO  org.mule.config.spring.processors.NoDevkitInjectorProcessor - JSR-330 'javax.inject.Inject' annotation found and supported for autowiring
2020-06-10 20:18:45,163 [main] WARN  org.mule.module.ognl.expression.OgnlExpressionEvaluator - OGNL module is deprecated and will be removed in Mule 4.0. Use MEL expressions instead.
2020-06-10 20:18:45,422 [main] INFO  org.mule.util.journal.TransactionJournal - Using files for tx logs D:\mule-apps\.mule\.\.mule\jms-consumer-demo\queue-tx-log\tx1.log and D:\mule-apps\.mule\.\.mule\jms-consumer-demo\queue-tx-log\tx2.log
2020-06-10 20:18:45,440 [main] INFO  org.mule.util.journal.TransactionJournal - Using files for tx logs D:\mule-apps\.mule\.\.mule\jms-consumer-demo\queue-xa-tx-log\tx1.log and D:\mule-apps\.mule\.\.mule\jms-consumer-demo\queue-xa-tx-log\tx2.log
2020-06-10 20:18:45,447 [main] INFO  org.mule.lifecycle.AbstractLifecycleManager - Initialising connector: Active_MQ
2020-06-10 20:18:45,551 [main] INFO  org.mule.lifecycle.AbstractLifecycleManager - Initialising connector: connector.file.mule.default
2020-06-10 20:18:45,772 [main] INFO  org.mule.lifecycle.AbstractLifecycleManager - Initialising model: _muleSystemModel
2020-06-10 20:18:45,779 [main] INFO  org.mule.construct.FlowConstructLifecycleManager - Initialising flow: jms-consumer-demoFlow
2020-06-10 20:18:45,779 [main] INFO  org.mule.exception.DefaultMessagingExceptionStrategy - Initialising exception listener: org.mule.exception.DefaultMessagingExceptionStrategy@1697f2b3
2020-06-10 20:18:45,812 [main] INFO  org.mule.processor.SedaStageLifecycleManager - Initialising service: jms-consumer-demoFlow.stage1
2020-06-10 20:18:46,422 [main] INFO  org.mule.config.spring.SpringXmlConfigurationBuilder - Configured Mule using "org.mule.config.spring.SpringXmlConfigurationBuilder" with configuration resource(s): "[ConfigResource{resourceName='D:\mule-apps\.mule\apps\jms-consumer-demo\jms-consumer-demo.xml'}]"
2020-06-10 20:18:46,423 [main] INFO  org.mule.config.builders.AutoConfigurationBuilder - Configured Mule using "org.mule.config.builders.AutoConfigurationBuilder" with configuration resource(s): "[ConfigResource{resourceName='D:\mule-apps\.mule\apps\jms-consumer-demo\jms-consumer-demo.xml'}]"
2020-06-10 20:18:46,426 [main] INFO  com.mulesoft.module.policies.lifecyle.GateKeeper - GateKeeper Mode: DISABLED
2020-06-10 20:18:46,430 [main] INFO  org.mule.module.launcher.application.DefaultMuleApplication - 
++++++++++++++++++++++++++++++++++++++++++++++++++++++++++++
+ Starting app 'jms-consumer-demo'                         +
++++++++++++++++++++++++++++++++++++++++++++++++++++++++++++
2020-06-10 20:18:46,588 [main] INFO  org.mule.util.queue.QueueXaResourceManager - Starting ResourceManager
2020-06-10 20:18:46,588 [main] INFO  org.mule.util.queue.QueueXaResourceManager - Started ResourceManager
2020-06-10 20:18:47,014 [main] INFO  org.mule.transport.jms.activemq.ActiveMQJmsConnector - Connected: ActiveMQJmsConnector
{
  name=Active_MQ
  lifecycle=initialise
  this=7426a448
  numberOfConcurrentTransactedReceivers=4
  createMultipleTransactedReceivers=true
  connected=true
  supportedProtocols=[jms]
  serviceOverrides=<none>
}

2020-06-10 20:18:47,014 [main] INFO  org.mule.transport.jms.activemq.ActiveMQJmsConnector - Starting: ActiveMQJmsConnector
{
  name=Active_MQ
  lifecycle=initialise
  this=7426a448
  numberOfConcurrentTransactedReceivers=4
  createMultipleTransactedReceivers=true
  connected=true
  supportedProtocols=[jms]
  serviceOverrides=<none>
}

2020-06-10 20:18:47,015 [main] INFO  org.mule.lifecycle.AbstractLifecycleManager - Starting connector: Active_MQ
2020-06-10 20:18:47,016 [main] INFO  org.mule.transport.file.FileConnector - Connected: FileConnector
{
  name=connector.file.mule.default
  lifecycle=initialise
  this=67507df
  numberOfConcurrentTransactedReceivers=4
  createMultipleTransactedReceivers=true
  connected=true
  supportedProtocols=[file]
  serviceOverrides=<none>
}

2020-06-10 20:18:47,017 [main] INFO  org.mule.transport.file.FileConnector - Starting: FileConnector
{
  name=connector.file.mule.default
  lifecycle=initialise
  this=67507df
  numberOfConcurrentTransactedReceivers=4
  createMultipleTransactedReceivers=true
  connected=true
  supportedProtocols=[file]
  serviceOverrides=<none>
}

2020-06-10 20:18:47,017 [main] INFO  org.mule.lifecycle.AbstractLifecycleManager - Starting connector: connector.file.mule.default
2020-06-10 20:18:47,021 [main] INFO  org.mule.lifecycle.AbstractLifecycleManager - Starting model: _muleSystemModel
2020-06-10 20:18:47,022 [main] INFO  org.mule.construct.FlowConstructLifecycleManager - Starting flow: jms-consumer-demoFlow
2020-06-10 20:18:47,023 [main] INFO  org.mule.processor.SedaStageLifecycleManager - Starting service: jms-consumer-demoFlow.stage1
2020-06-10 20:18:47,072 [main] INFO  org.mule.transport.jms.activemq.ActiveMQJmsConnector - Registering listener: jms-consumer-demoFlow on endpointUri: jms://q1
2020-06-10 20:18:47,088 [main] INFO  org.mule.transport.service.DefaultTransportServiceDescriptor - Loading default inbound transformer: org.mule.transport.jms.transformers.JMSMessageToObject
2020-06-10 20:18:47,089 [main] INFO  org.mule.transport.service.DefaultTransportServiceDescriptor - Loading default response transformer: org.mule.transport.jms.transformers.ObjectToJMSMessage
2020-06-10 20:18:47,094 [main] INFO  org.mule.lifecycle.AbstractLifecycleManager - Initialising: 'null'. Object is: MultiConsumerJmsMessageReceiver
2020-06-10 20:18:47,096 [main] INFO  org.mule.transport.jms.MultiConsumerJmsMessageReceiver - Connecting clusterizable message receiver
2020-06-10 20:18:47,189 [main] INFO  org.mule.transport.jms.MultiConsumerJmsMessageReceiver - Endpoint jms://q1 has been successfully reconnected.
2020-06-10 20:18:47,190 [main] INFO  org.mule.lifecycle.AbstractLifecycleManager - Starting: 'null'. Object is: MultiConsumerJmsMessageReceiver
2020-06-10 20:18:47,190 [main] INFO  org.mule.transport.jms.MultiConsumerJmsMessageReceiver - Starting clusterizable message receiver
2020-06-10 20:18:47,209 [main] INFO  org.mule.module.management.agent.WrapperManagerAgent - This JVM hasn't been launched by the wrapper, the agent will not run.
2020-06-10 20:18:47,241 [ActiveMQ Session Task-2] WARN  org.mule.session.SerializeAndEncodeSessionHandler - Trying to deserialize a session but no signature validation key specified.
2020-06-10 20:18:47,244 [main] INFO  org.mule.module.management.agent.AbstractJmxAgent - Attempting to register service with name: Mule.jms-consumer-demo:type=Endpoint,service="jms-consumer-demoFlow",connector=Active_MQ,name="endpoint.jms.q1"
2020-06-10 20:18:47,246 [main] INFO  org.mule.module.management.agent.AbstractJmxAgent - Registered Endpoint Service with name: Mule.jms-consumer-demo:type=Endpoint,service="jms-consumer-demoFlow",connector=Active_MQ,name="endpoint.jms.q1"
2020-06-10 20:18:47,247 [main] INFO  org.mule.module.management.agent.AbstractJmxAgent - Registered Connector Service with name Mule.jms-consumer-demo:type=Connector,name="connector.file.mule.default"
2020-06-10 20:18:47,248 [main] INFO  org.mule.module.management.agent.AbstractJmxAgent - Registered Connector Service with name Mule.jms-consumer-demo:type=Connector,name="Active_MQ"
2020-06-10 20:18:47,251 [ActiveMQ Session Task-2] WARN  org.mule.session.SerializeAndEncodeSessionHandler - Trying to deserialize a session but no signature validation key specified.
2020-06-10 20:18:47,254 [main] INFO  org.mule.DefaultMuleContext - 
**********************************************************************
* Application: jms-consumer-demo                                     *
* OS encoding: \, Mule encoding: UTF-8                               *
*                                                                    *
* Agents Running:                                                    *
*   Batch module default engine                                      *
*   JMX Agent                                                        *
*   Wrapper Manager                                                  *
**********************************************************************
2020-06-10 20:18:47,280 [[jms-consumer-demo].jms-consumer-demoFlow.stage1.02] INFO  org.mule.api.processor.LoggerMessageProcessor - consumer demo triggered....
2020-06-10 20:18:47,326 [[jms-consumer-demo].connector.file.mule.default.dispatcher.01] INFO  org.mule.lifecycle.AbstractLifecycleManager - Initialising: 'connector.file.mule.default.dispatcher.1745293671'. Object is: FileMessageDispatcher
2020-06-10 20:18:47,335 [[jms-consumer-demo].connector.file.mule.default.dispatcher.01] INFO  org.mule.lifecycle.AbstractLifecycleManager - Starting: 'connector.file.mule.default.dispatcher.1745293671'. Object is: FileMessageDispatcher
2020-06-10 20:18:47,362 [[jms-consumer-demo].connector.file.mule.default.dispatcher.01] INFO  org.mule.transport.file.FileConnector - Writing file to: D:\mule-apps\jms-producer-demo\jms-msg\647755108761400.json
2020-06-10 20:19:00,361 [ActiveMQ Session Task-2] WARN  org.mule.session.SerializeAndEncodeSessionHandler - Trying to deserialize a session but no signature validation key specified.
2020-06-10 20:19:00,362 [ActiveMQ Session Task-2] WARN  org.mule.session.SerializeAndEncodeSessionHandler - Trying to deserialize a session but no signature validation key specified.
2020-06-10 20:19:00,367 [[jms-consumer-demo].jms-consumer-demoFlow.stage1.02] INFO  org.mule.api.processor.LoggerMessageProcessor - consumer demo triggered....
2020-06-10 20:19:00,389 [[jms-consumer-demo].connector.file.mule.default.dispatcher.01] INFO  org.mule.transport.file.FileConnector - Writing file to: D:\mule-apps\jms-producer-demo\jms-msg\647768127569200.json
2020-06-10 20:24:04,038 [ActiveMQ Session Task-3] WARN  org.mule.session.SerializeAndEncodeSessionHandler - Trying to deserialize a session but no signature validation key specified.
2020-06-10 20:24:04,038 [ActiveMQ Session Task-3] WARN  org.mule.session.SerializeAndEncodeSessionHandler - Trying to deserialize a session but no signature validation key specified.
2020-06-10 20:24:04,054 [[jms-consumer-demo].jms-consumer-demoFlow.stage1.03] INFO  org.mule.api.processor.LoggerMessageProcessor - consumer demo triggered....
2020-06-10 20:24:04,064 [[jms-consumer-demo].connector.file.mule.default.dispatcher.01] INFO  org.mule.transport.file.FileConnector - Writing file to: D:\mule-apps\jms-producer-demo\jms-msg\648071815237000.json
2020-06-10 20:25:50,862 [main] INFO  org.mule.module.launcher.application.DefaultMuleApplication - 
++++++++++++++++++++++++++++++++++++++++++++++++++++++++++++
+ Initializing app 'jms-consumer-demo'                     +
++++++++++++++++++++++++++++++++++++++++++++++++++++++++++++
2020-06-10 20:25:51,102 [main] INFO  org.mule.lifecycle.AbstractLifecycleManager - Initialising RegistryBroker
2020-06-10 20:25:51,217 [main] INFO  org.mule.module.extension.internal.manager.DefaultExtensionManager - Starting discovery of extensions
2020-06-10 20:25:51,346 [main] INFO  org.mule.module.extension.internal.manager.DefaultExtensionManager - Discovered 1 extensions
2020-06-10 20:25:51,346 [main] INFO  org.mule.module.extension.internal.manager.DefaultExtensionManager - Registering extension validation (version 3.9)
2020-06-10 20:25:51,606 [main] INFO  org.mule.config.spring.MuleArtifactContext - Refreshing org.mule.config.spring.MuleArtifactContext@1b0a7baf: startup date [Wed Jun 10 20:25:51 IST 2020]; root of context hierarchy
2020-06-10 20:25:53,102 [main] INFO  org.mule.config.spring.processors.NoDevkitInjectorProcessor - JSR-330 'javax.inject.Inject' annotation found and supported for autowiring
2020-06-10 20:25:54,530 [main] WARN  org.mule.module.ognl.expression.OgnlExpressionEvaluator - OGNL module is deprecated and will be removed in Mule 4.0. Use MEL expressions instead.
2020-06-10 20:25:54,751 [main] INFO  org.mule.util.journal.TransactionJournal - Using files for tx logs D:\mule-apps\.mule\.\.mule\jms-consumer-demo\queue-tx-log\tx1.log and D:\mule-apps\.mule\.\.mule\jms-consumer-demo\queue-tx-log\tx2.log
2020-06-10 20:25:54,775 [main] INFO  org.mule.util.journal.TransactionJournal - Using files for tx logs D:\mule-apps\.mule\.\.mule\jms-consumer-demo\queue-xa-tx-log\tx1.log and D:\mule-apps\.mule\.\.mule\jms-consumer-demo\queue-xa-tx-log\tx2.log
2020-06-10 20:25:54,781 [main] INFO  org.mule.lifecycle.AbstractLifecycleManager - Initialising connector: Active_MQ
2020-06-10 20:25:54,861 [main] INFO  org.mule.lifecycle.AbstractLifecycleManager - Initialising connector: connector.file.mule.default
2020-06-10 20:25:55,044 [main] INFO  org.mule.lifecycle.AbstractLifecycleManager - Initialising model: _muleSystemModel
2020-06-10 20:25:55,050 [main] INFO  org.mule.construct.FlowConstructLifecycleManager - Initialising flow: jms-consumer-demoFlow
2020-06-10 20:25:55,050 [main] INFO  org.mule.exception.DefaultMessagingExceptionStrategy - Initialising exception listener: org.mule.exception.DefaultMessagingExceptionStrategy@345cbf40
2020-06-10 20:25:55,091 [main] INFO  org.mule.processor.SedaStageLifecycleManager - Initialising service: jms-consumer-demoFlow.stage1
2020-06-10 20:25:55,700 [main] INFO  org.mule.config.spring.SpringXmlConfigurationBuilder - Configured Mule using "org.mule.config.spring.SpringXmlConfigurationBuilder" with configuration resource(s): "[ConfigResource{resourceName='D:\mule-apps\.mule\apps\jms-consumer-demo\jms-consumer-demo.xml'}]"
2020-06-10 20:25:55,700 [main] INFO  org.mule.config.builders.AutoConfigurationBuilder - Configured Mule using "org.mule.config.builders.AutoConfigurationBuilder" with configuration resource(s): "[ConfigResource{resourceName='D:\mule-apps\.mule\apps\jms-consumer-demo\jms-consumer-demo.xml'}]"
2020-06-10 20:25:55,703 [main] INFO  com.mulesoft.module.policies.lifecyle.GateKeeper - GateKeeper Mode: DISABLED
2020-06-10 20:25:55,706 [main] INFO  org.mule.module.launcher.application.DefaultMuleApplication - 
++++++++++++++++++++++++++++++++++++++++++++++++++++++++++++
+ Starting app 'jms-consumer-demo'                         +
++++++++++++++++++++++++++++++++++++++++++++++++++++++++++++
2020-06-10 20:25:55,723 [main] INFO  org.mule.util.queue.QueueXaResourceManager - Starting ResourceManager
2020-06-10 20:25:55,723 [main] INFO  org.mule.util.queue.QueueXaResourceManager - Started ResourceManager
2020-06-10 20:25:56,152 [main] INFO  org.mule.transport.jms.activemq.ActiveMQJmsConnector - Connected: ActiveMQJmsConnector
{
  name=Active_MQ
  lifecycle=initialise
  this=3679d92e
  numberOfConcurrentTransactedReceivers=4
  createMultipleTransactedReceivers=true
  connected=true
  supportedProtocols=[jms]
  serviceOverrides=<none>
}

2020-06-10 20:25:56,152 [main] INFO  org.mule.transport.jms.activemq.ActiveMQJmsConnector - Starting: ActiveMQJmsConnector
{
  name=Active_MQ
  lifecycle=initialise
  this=3679d92e
  numberOfConcurrentTransactedReceivers=4
  createMultipleTransactedReceivers=true
  connected=true
  supportedProtocols=[jms]
  serviceOverrides=<none>
}

2020-06-10 20:25:56,154 [main] INFO  org.mule.lifecycle.AbstractLifecycleManager - Starting connector: Active_MQ
2020-06-10 20:25:56,157 [main] INFO  org.mule.transport.file.FileConnector - Connected: FileConnector
{
  name=connector.file.mule.default
  lifecycle=initialise
  this=37854b34
  numberOfConcurrentTransactedReceivers=4
  createMultipleTransactedReceivers=true
  connected=true
  supportedProtocols=[file]
  serviceOverrides=<none>
}

2020-06-10 20:25:56,157 [main] INFO  org.mule.transport.file.FileConnector - Starting: FileConnector
{
  name=connector.file.mule.default
  lifecycle=initialise
  this=37854b34
  numberOfConcurrentTransactedReceivers=4
  createMultipleTransactedReceivers=true
  connected=true
  supportedProtocols=[file]
  serviceOverrides=<none>
}

2020-06-10 20:25:56,157 [main] INFO  org.mule.lifecycle.AbstractLifecycleManager - Starting connector: connector.file.mule.default
2020-06-10 20:25:56,161 [main] INFO  org.mule.lifecycle.AbstractLifecycleManager - Starting model: _muleSystemModel
2020-06-10 20:25:56,163 [main] INFO  org.mule.construct.FlowConstructLifecycleManager - Starting flow: jms-consumer-demoFlow
2020-06-10 20:25:56,164 [main] INFO  org.mule.processor.SedaStageLifecycleManager - Starting service: jms-consumer-demoFlow.stage1
2020-06-10 20:25:56,202 [main] INFO  org.mule.transport.jms.activemq.ActiveMQJmsConnector - Registering listener: jms-consumer-demoFlow on endpointUri: jms://q1
2020-06-10 20:25:56,223 [main] INFO  org.mule.transport.service.DefaultTransportServiceDescriptor - Loading default inbound transformer: org.mule.transport.jms.transformers.JMSMessageToObject
2020-06-10 20:25:56,224 [main] INFO  org.mule.transport.service.DefaultTransportServiceDescriptor - Loading default response transformer: org.mule.transport.jms.transformers.ObjectToJMSMessage
2020-06-10 20:25:56,228 [main] INFO  org.mule.lifecycle.AbstractLifecycleManager - Initialising: 'null'. Object is: MultiConsumerJmsMessageReceiver
2020-06-10 20:25:56,230 [main] INFO  org.mule.transport.jms.MultiConsumerJmsMessageReceiver - Connecting clusterizable message receiver
2020-06-10 20:25:56,313 [main] INFO  org.mule.transport.jms.MultiConsumerJmsMessageReceiver - Endpoint jms://q1 has been successfully reconnected.
2020-06-10 20:25:56,314 [main] INFO  org.mule.lifecycle.AbstractLifecycleManager - Starting: 'null'. Object is: MultiConsumerJmsMessageReceiver
2020-06-10 20:25:56,314 [main] INFO  org.mule.transport.jms.MultiConsumerJmsMessageReceiver - Starting clusterizable message receiver
2020-06-10 20:25:56,324 [main] INFO  org.mule.module.management.agent.WrapperManagerAgent - This JVM hasn't been launched by the wrapper, the agent will not run.
2020-06-10 20:25:56,356 [main] INFO  org.mule.module.management.agent.AbstractJmxAgent - Attempting to register service with name: Mule.jms-consumer-demo:type=Endpoint,service="jms-consumer-demoFlow",connector=Active_MQ,name="endpoint.jms.q1"
2020-06-10 20:25:56,357 [main] INFO  org.mule.module.management.agent.AbstractJmxAgent - Registered Endpoint Service with name: Mule.jms-consumer-demo:type=Endpoint,service="jms-consumer-demoFlow",connector=Active_MQ,name="endpoint.jms.q1"
2020-06-10 20:25:56,358 [main] INFO  org.mule.module.management.agent.AbstractJmxAgent - Registered Connector Service with name Mule.jms-consumer-demo:type=Connector,name="connector.file.mule.default"
2020-06-10 20:25:56,358 [ActiveMQ Session Task-2] WARN  org.mule.session.SerializeAndEncodeSessionHandler - Trying to deserialize a session but no signature validation key specified.
2020-06-10 20:25:56,359 [main] INFO  org.mule.module.management.agent.AbstractJmxAgent - Registered Connector Service with name Mule.jms-consumer-demo:type=Connector,name="Active_MQ"
2020-06-10 20:25:56,364 [main] INFO  org.mule.DefaultMuleContext - 
**********************************************************************
* Application: jms-consumer-demo                                     *
* OS encoding: \, Mule encoding: UTF-8                               *
*                                                                    *
* Agents Running:                                                    *
*   Batch module default engine                                      *
*   JMX Agent                                                        *
*   Wrapper Manager                                                  *
**********************************************************************
2020-06-10 20:25:56,367 [ActiveMQ Session Task-2] WARN  org.mule.session.SerializeAndEncodeSessionHandler - Trying to deserialize a session but no signature validation key specified.
2020-06-10 20:25:56,395 [[jms-consumer-demo].jms-consumer-demoFlow.stage1.02] INFO  org.mule.api.processor.LoggerMessageProcessor - consumer demo triggered....
2020-06-10 20:25:56,421 [[jms-consumer-demo].connector.file.mule.default.dispatcher.01] INFO  org.mule.lifecycle.AbstractLifecycleManager - Initialising: 'connector.file.mule.default.dispatcher.1040113034'. Object is: FileMessageDispatcher
2020-06-10 20:25:56,427 [[jms-consumer-demo].connector.file.mule.default.dispatcher.01] INFO  org.mule.lifecycle.AbstractLifecycleManager - Starting: 'connector.file.mule.default.dispatcher.1040113034'. Object is: FileMessageDispatcher
2020-06-10 20:25:56,443 [[jms-consumer-demo].connector.file.mule.default.dispatcher.01] INFO  org.mule.transport.file.FileConnector - Writing file to: D:\mule-apps\jms-producer-demo\jms-msg\648184192555000.json
2020-06-10 20:27:42,531 [main] INFO  org.mule.module.launcher.application.DefaultMuleApplication - 
++++++++++++++++++++++++++++++++++++++++++++++++++++++++++++
+ Initializing app 'jms-consumer-demo'                     +
++++++++++++++++++++++++++++++++++++++++++++++++++++++++++++
2020-06-10 20:27:42,800 [main] INFO  org.mule.lifecycle.AbstractLifecycleManager - Initialising RegistryBroker
2020-06-10 20:27:42,935 [main] INFO  org.mule.module.extension.internal.manager.DefaultExtensionManager - Starting discovery of extensions
2020-06-10 20:27:43,066 [main] INFO  org.mule.module.extension.internal.manager.DefaultExtensionManager - Discovered 1 extensions
2020-06-10 20:27:43,066 [main] INFO  org.mule.module.extension.internal.manager.DefaultExtensionManager - Registering extension validation (version 3.9)
2020-06-10 20:27:43,370 [main] INFO  org.mule.config.spring.MuleArtifactContext - Refreshing org.mule.config.spring.MuleArtifactContext@1b0a7baf: startup date [Wed Jun 10 20:27:43 IST 2020]; root of context hierarchy
2020-06-10 20:27:44,802 [main] INFO  org.mule.config.spring.processors.NoDevkitInjectorProcessor - JSR-330 'javax.inject.Inject' annotation found and supported for autowiring
2020-06-10 20:27:46,280 [main] WARN  org.mule.module.ognl.expression.OgnlExpressionEvaluator - OGNL module is deprecated and will be removed in Mule 4.0. Use MEL expressions instead.
2020-06-10 20:27:46,491 [main] INFO  org.mule.util.journal.TransactionJournal - Using files for tx logs D:\mule-apps\.mule\.\.mule\jms-consumer-demo\queue-tx-log\tx1.log and D:\mule-apps\.mule\.\.mule\jms-consumer-demo\queue-tx-log\tx2.log
2020-06-10 20:27:46,509 [main] INFO  org.mule.util.journal.TransactionJournal - Using files for tx logs D:\mule-apps\.mule\.\.mule\jms-consumer-demo\queue-xa-tx-log\tx1.log and D:\mule-apps\.mule\.\.mule\jms-consumer-demo\queue-xa-tx-log\tx2.log
2020-06-10 20:27:46,514 [main] INFO  org.mule.lifecycle.AbstractLifecycleManager - Initialising connector: Active_MQ
2020-06-10 20:27:46,599 [main] INFO  org.mule.lifecycle.AbstractLifecycleManager - Initialising connector: connector.file.mule.default
2020-06-10 20:27:46,799 [main] INFO  org.mule.lifecycle.AbstractLifecycleManager - Initialising model: _muleSystemModel
2020-06-10 20:27:46,807 [main] INFO  org.mule.construct.FlowConstructLifecycleManager - Initialising flow: jms-consumer-demoFlow
2020-06-10 20:27:46,807 [main] INFO  org.mule.exception.DefaultMessagingExceptionStrategy - Initialising exception listener: org.mule.exception.DefaultMessagingExceptionStrategy@345cbf40
2020-06-10 20:27:46,837 [main] INFO  org.mule.processor.SedaStageLifecycleManager - Initialising service: jms-consumer-demoFlow.stage1
2020-06-10 20:27:47,411 [main] INFO  org.mule.config.spring.SpringXmlConfigurationBuilder - Configured Mule using "org.mule.config.spring.SpringXmlConfigurationBuilder" with configuration resource(s): "[ConfigResource{resourceName='D:\mule-apps\.mule\apps\jms-consumer-demo\jms-consumer-demo.xml'}]"
2020-06-10 20:27:47,412 [main] INFO  org.mule.config.builders.AutoConfigurationBuilder - Configured Mule using "org.mule.config.builders.AutoConfigurationBuilder" with configuration resource(s): "[ConfigResource{resourceName='D:\mule-apps\.mule\apps\jms-consumer-demo\jms-consumer-demo.xml'}]"
2020-06-10 20:27:47,415 [main] INFO  com.mulesoft.module.policies.lifecyle.GateKeeper - GateKeeper Mode: DISABLED
2020-06-10 20:27:47,418 [main] INFO  org.mule.module.launcher.application.DefaultMuleApplication - 
++++++++++++++++++++++++++++++++++++++++++++++++++++++++++++
+ Starting app 'jms-consumer-demo'                         +
++++++++++++++++++++++++++++++++++++++++++++++++++++++++++++
2020-06-10 20:27:47,431 [main] INFO  org.mule.util.queue.QueueXaResourceManager - Starting ResourceManager
2020-06-10 20:27:47,431 [main] INFO  org.mule.util.queue.QueueXaResourceManager - Started ResourceManager
2020-06-10 20:27:47,803 [main] INFO  org.mule.transport.jms.activemq.ActiveMQJmsConnector - Connected: ActiveMQJmsConnector
{
  name=Active_MQ
  lifecycle=initialise
  this=3679d92e
  numberOfConcurrentTransactedReceivers=4
  createMultipleTransactedReceivers=true
  connected=true
  supportedProtocols=[jms]
  serviceOverrides=<none>
}

2020-06-10 20:27:47,803 [main] INFO  org.mule.transport.jms.activemq.ActiveMQJmsConnector - Starting: ActiveMQJmsConnector
{
  name=Active_MQ
  lifecycle=initialise
  this=3679d92e
  numberOfConcurrentTransactedReceivers=4
  createMultipleTransactedReceivers=true
  connected=true
  supportedProtocols=[jms]
  serviceOverrides=<none>
}

2020-06-10 20:27:47,804 [main] INFO  org.mule.lifecycle.AbstractLifecycleManager - Starting connector: Active_MQ
2020-06-10 20:27:47,806 [main] INFO  org.mule.transport.file.FileConnector - Connected: FileConnector
{
  name=connector.file.mule.default
  lifecycle=initialise
  this=37854b34
  numberOfConcurrentTransactedReceivers=4
  createMultipleTransactedReceivers=true
  connected=true
  supportedProtocols=[file]
  serviceOverrides=<none>
}

2020-06-10 20:27:47,806 [main] INFO  org.mule.transport.file.FileConnector - Starting: FileConnector
{
  name=connector.file.mule.default
  lifecycle=initialise
  this=37854b34
  numberOfConcurrentTransactedReceivers=4
  createMultipleTransactedReceivers=true
  connected=true
  supportedProtocols=[file]
  serviceOverrides=<none>
}

2020-06-10 20:27:47,806 [main] INFO  org.mule.lifecycle.AbstractLifecycleManager - Starting connector: connector.file.mule.default
2020-06-10 20:27:47,810 [main] INFO  org.mule.lifecycle.AbstractLifecycleManager - Starting model: _muleSystemModel
2020-06-10 20:27:47,811 [main] INFO  org.mule.construct.FlowConstructLifecycleManager - Starting flow: jms-consumer-demoFlow
2020-06-10 20:27:47,812 [main] INFO  org.mule.processor.SedaStageLifecycleManager - Starting service: jms-consumer-demoFlow.stage1
2020-06-10 20:27:47,851 [main] INFO  org.mule.transport.jms.activemq.ActiveMQJmsConnector - Registering listener: jms-consumer-demoFlow on endpointUri: jms://q1
2020-06-10 20:27:47,868 [main] INFO  org.mule.transport.service.DefaultTransportServiceDescriptor - Loading default inbound transformer: org.mule.transport.jms.transformers.JMSMessageToObject
2020-06-10 20:27:47,869 [main] INFO  org.mule.transport.service.DefaultTransportServiceDescriptor - Loading default response transformer: org.mule.transport.jms.transformers.ObjectToJMSMessage
2020-06-10 20:27:47,872 [main] INFO  org.mule.lifecycle.AbstractLifecycleManager - Initialising: 'null'. Object is: MultiConsumerJmsMessageReceiver
2020-06-10 20:27:47,874 [main] INFO  org.mule.transport.jms.MultiConsumerJmsMessageReceiver - Connecting clusterizable message receiver
2020-06-10 20:27:47,935 [main] INFO  org.mule.transport.jms.MultiConsumerJmsMessageReceiver - Endpoint jms://q1 has been successfully reconnected.
2020-06-10 20:27:47,936 [main] INFO  org.mule.lifecycle.AbstractLifecycleManager - Starting: 'null'. Object is: MultiConsumerJmsMessageReceiver
2020-06-10 20:27:47,936 [main] INFO  org.mule.transport.jms.MultiConsumerJmsMessageReceiver - Starting clusterizable message receiver
2020-06-10 20:27:47,945 [main] INFO  org.mule.module.management.agent.WrapperManagerAgent - This JVM hasn't been launched by the wrapper, the agent will not run.
2020-06-10 20:27:47,966 [main] INFO  org.mule.module.management.agent.AbstractJmxAgent - Attempting to register service with name: Mule.jms-consumer-demo:type=Endpoint,service="jms-consumer-demoFlow",connector=Active_MQ,name="endpoint.jms.q1"
2020-06-10 20:27:47,967 [main] INFO  org.mule.module.management.agent.AbstractJmxAgent - Registered Endpoint Service with name: Mule.jms-consumer-demo:type=Endpoint,service="jms-consumer-demoFlow",connector=Active_MQ,name="endpoint.jms.q1"
2020-06-10 20:27:47,968 [main] INFO  org.mule.module.management.agent.AbstractJmxAgent - Registered Connector Service with name Mule.jms-consumer-demo:type=Connector,name="connector.file.mule.default"
2020-06-10 20:27:47,968 [main] INFO  org.mule.module.management.agent.AbstractJmxAgent - Registered Connector Service with name Mule.jms-consumer-demo:type=Connector,name="Active_MQ"
2020-06-10 20:27:47,971 [main] INFO  org.mule.DefaultMuleContext - 
**********************************************************************
* Application: jms-consumer-demo                                     *
* OS encoding: \, Mule encoding: UTF-8                               *
*                                                                    *
* Agents Running:                                                    *
*   Batch module default engine                                      *
*   JMX Agent                                                        *
*   Wrapper Manager                                                  *
**********************************************************************
2020-06-10 20:28:00,930 [ActiveMQ Session Task-1] WARN  org.mule.session.SerializeAndEncodeSessionHandler - Trying to deserialize a session but no signature validation key specified.
2020-06-10 20:28:00,932 [ActiveMQ Session Task-1] WARN  org.mule.session.SerializeAndEncodeSessionHandler - Trying to deserialize a session but no signature validation key specified.
2020-06-10 20:28:00,958 [[jms-consumer-demo].jms-consumer-demoFlow.stage1.02] INFO  org.mule.api.processor.LoggerMessageProcessor - consumer demo triggered....
2020-06-10 20:28:00,966 [[jms-consumer-demo].connector.file.mule.default.dispatcher.01] INFO  org.mule.lifecycle.AbstractLifecycleManager - Initialising: 'connector.file.mule.default.dispatcher.598659785'. Object is: FileMessageDispatcher
2020-06-10 20:28:00,978 [[jms-consumer-demo].connector.file.mule.default.dispatcher.01] INFO  org.mule.lifecycle.AbstractLifecycleManager - Starting: 'connector.file.mule.default.dispatcher.598659785'. Object is: FileMessageDispatcher
2020-06-10 20:28:01,014 [[jms-consumer-demo].connector.file.mule.default.dispatcher.01] INFO  org.mule.transport.file.FileConnector - Writing file to: D:\mule-apps\jms-producer-demo\jms-msg\648308758453000.json
