2020-06-10 20:02:07,044 [main] INFO  org.mule.module.launcher.application.DefaultMuleApplication - 
++++++++++++++++++++++++++++++++++++++++++++++++++++++++++++
+ Initializing app 'jms-demo'                              +
++++++++++++++++++++++++++++++++++++++++++++++++++++++++++++
2020-06-10 20:02:07,282 [main] INFO  org.mule.lifecycle.AbstractLifecycleManager - Initialising RegistryBroker
2020-06-10 20:02:07,397 [main] INFO  org.mule.module.extension.internal.manager.DefaultExtensionManager - Starting discovery of extensions
2020-06-10 20:02:07,539 [main] INFO  org.mule.module.extension.internal.manager.DefaultExtensionManager - Discovered 1 extensions
2020-06-10 20:02:07,539 [main] INFO  org.mule.module.extension.internal.manager.DefaultExtensionManager - Registering extension validation (version 3.9)
2020-06-10 20:02:07,843 [main] INFO  org.mule.config.spring.MuleArtifactContext - Refreshing org.mule.config.spring.MuleArtifactContext@1b0a7baf: startup date [Wed Jun 10 20:02:07 IST 2020]; root of context hierarchy
2020-06-10 20:02:09,699 [main] INFO  org.mule.config.spring.processors.NoDevkitInjectorProcessor - JSR-330 'javax.inject.Inject' annotation found and supported for autowiring
2020-06-10 20:02:11,480 [main] WARN  org.mule.module.ognl.expression.OgnlExpressionEvaluator - OGNL module is deprecated and will be removed in Mule 4.0. Use MEL expressions instead.
2020-06-10 20:02:11,950 [main] INFO  org.mule.util.journal.TransactionJournal - Using files for tx logs D:\mule-apps\.mule\.\.mule\jms-demo\queue-tx-log\tx1.log and D:\mule-apps\.mule\.\.mule\jms-demo\queue-tx-log\tx2.log
2020-06-10 20:02:11,968 [main] INFO  org.mule.util.journal.TransactionJournal - Using files for tx logs D:\mule-apps\.mule\.\.mule\jms-demo\queue-xa-tx-log\tx1.log and D:\mule-apps\.mule\.\.mule\jms-demo\queue-xa-tx-log\tx2.log
2020-06-10 20:02:11,995 [main] INFO  org.mule.lifecycle.AbstractLifecycleManager - Initialising connector: Active_MQ
2020-06-10 20:02:12,855 [main] INFO  org.mule.lifecycle.AbstractLifecycleManager - Initialising model: _muleSystemModel
2020-06-10 20:02:12,862 [main] INFO  org.mule.construct.FlowConstructLifecycleManager - Initialising flow: jms-demoFlow
2020-06-10 20:02:12,862 [main] INFO  org.mule.exception.DefaultMessagingExceptionStrategy - Initialising exception listener: org.mule.exception.DefaultMessagingExceptionStrategy@65cf4d6d
2020-06-10 20:02:12,915 [main] INFO  org.mule.processor.SedaStageLifecycleManager - Initialising service: jms-demoFlow.stage1
2020-06-10 20:02:13,246 [main] INFO  org.mule.config.spring.SpringXmlConfigurationBuilder - Configured Mule using "org.mule.config.spring.SpringXmlConfigurationBuilder" with configuration resource(s): "[ConfigResource{resourceName='D:\mule-apps\.mule\apps\jms-demo\jms-demo.xml'}]"
2020-06-10 20:02:13,246 [main] INFO  org.mule.config.builders.AutoConfigurationBuilder - Configured Mule using "org.mule.config.builders.AutoConfigurationBuilder" with configuration resource(s): "[ConfigResource{resourceName='D:\mule-apps\.mule\apps\jms-demo\jms-demo.xml'}]"
2020-06-10 20:02:13,252 [main] INFO  com.mulesoft.module.policies.lifecyle.GateKeeper - GateKeeper Mode: DISABLED
2020-06-10 20:02:13,257 [main] INFO  org.mule.module.launcher.application.DefaultMuleApplication - 
++++++++++++++++++++++++++++++++++++++++++++++++++++++++++++
+ Starting app 'jms-demo'                                  +
++++++++++++++++++++++++++++++++++++++++++++++++++++++++++++
2020-06-10 20:02:13,287 [main] INFO  org.mule.util.queue.QueueXaResourceManager - Starting ResourceManager
2020-06-10 20:02:13,287 [main] INFO  org.mule.util.queue.QueueXaResourceManager - Started ResourceManager
2020-06-10 20:02:13,324 [main] INFO  org.mule.module.http.internal.listener.DefaultHttpListenerConfig - Listening for requests on http://0.0.0.0:8081/jms
2020-06-10 20:02:15,480 [main] ERROR org.mule.retry.notifiers.ConnectNotifier - Failed to connect/reconnect: ActiveMQJmsConnector
{
  name=Active_MQ
  lifecycle=initialise
  this=b3e86d5
  numberOfConcurrentTransactedReceivers=4
  createMultipleTransactedReceivers=true
  connected=false
  supportedProtocols=[jms]
  serviceOverrides=<none>
}
. Root Exception was: Connection refused: connect. Type: class java.net.ConnectException
2020-06-10 20:02:15,588 [main] ERROR org.mule.module.launcher.application.DefaultMuleApplication - 
********************************************************************************
Message               : Could not connect to broker URL: tcp://localhost:61616. Reason: java.net.ConnectException: Connection refused: connect
JMS Code              : null
Element               : /Active_MQ @ app:jms-demo.xml:11 (Active MQ)
--------------------------------------------------------------------------------
Root Exception stack trace:
java.net.ConnectException: Connection refused: connect
	at java.net.TwoStacksPlainSocketImpl.socketConnect(Native Method)
	at java.net.AbstractPlainSocketImpl.doConnect(Unknown Source)
	at java.net.AbstractPlainSocketImpl.connectToAddress(Unknown Source)
	at java.net.AbstractPlainSocketImpl.connect(Unknown Source)
	at java.net.PlainSocketImpl.connect(Unknown Source)
	at java.net.SocksSocketImpl.connect(Unknown Source)
	at java.net.Socket.connect(Unknown Source)
	at org.apache.activemq.transport.tcp.TcpTransport.connect(TcpTransport.java:525)
	at org.apache.activemq.transport.tcp.TcpTransport.doStart(TcpTransport.java:488)
	at org.apache.activemq.util.ServiceSupport.start(ServiceSupport.java:55)
	at org.apache.activemq.transport.AbstractInactivityMonitor.start(AbstractInactivityMonitor.java:169)
	at org.apache.activemq.transport.InactivityMonitor.start(InactivityMonitor.java:52)
	at org.apache.activemq.transport.TransportFilter.start(TransportFilter.java:64)
	at org.apache.activemq.transport.WireFormatNegotiator.start(WireFormatNegotiator.java:72)
	at org.apache.activemq.transport.TransportFilter.start(TransportFilter.java:64)
	at org.apache.activemq.transport.TransportFilter.start(TransportFilter.java:64)
	at org.apache.activemq.ActiveMQConnectionFactory.createActiveMQConnection(ActiveMQConnectionFactory.java:354)
	at org.apache.activemq.ActiveMQConnectionFactory.createQueueConnection(ActiveMQConnectionFactory.java:269)
	at org.mule.transport.jms.Jms102bSupport.createConnection(Jms102bSupport.java:65)
	at org.mule.transport.jms.JmsConnector.createConnection(JmsConnector.java:490)
	at org.mule.transport.jms.JmsConnector.doConnect(JmsConnector.java:621)
	at org.mule.transport.AbstractConnector.connectConnectorAndReceivers(AbstractConnector.java:1664)
	at org.mule.transport.AbstractConnector$5.doWork(AbstractConnector.java:1630)
	at org.mule.retry.policies.AbstractPolicyTemplate.execute(AbstractPolicyTemplate.java:63)
	at org.mule.transport.AbstractConnector.connect(AbstractConnector.java:1658)
	at org.mule.transport.jms.JmsConnector.connect(JmsConnector.java:532)
	at org.mule.transport.AbstractConnector.start(AbstractConnector.java:449)
	at sun.reflect.NativeMethodAccessorImpl.invoke0(Native Method)
	at sun.reflect.NativeMethodAccessorImpl.invoke(Unknown Source)
	at sun.reflect.DelegatingMethodAccessorImpl.invoke(Unknown Source)
	at java.lang.reflect.Method.invoke(Unknown Source)
	at org.mule.lifecycle.phases.DefaultLifecyclePhase.applyLifecycle(DefaultLifecyclePhase.java:230)
	at org.mule.lifecycle.RegistryLifecycleCallback.doApplyLifecycle(RegistryLifecycleCallback.java:108)
	at org.mule.lifecycle.RegistryLifecycleCallback.onTransition(RegistryLifecycleCallback.java:78)
	at org.mule.lifecycle.AbstractLifecycleManager.invokePhase(AbstractLifecycleManager.java:146)
	at org.mule.lifecycle.RegistryLifecycleManager.fireLifecycle(RegistryLifecycleManager.java:134)
	at org.mule.registry.AbstractRegistryBroker.fireLifecycle(AbstractRegistryBroker.java:88)
	at org.mule.registry.MuleRegistryHelper.fireLifecycle(MuleRegistryHelper.java:144)
	at org.mule.lifecycle.MuleContextLifecycleManager$MuleContextLifecycleCallback.onTransition(MuleContextLifecycleManager.java:74)
	at org.mule.lifecycle.MuleContextLifecycleManager$MuleContextLifecycleCallback.onTransition(MuleContextLifecycleManager.java:70)
	at org.mule.lifecycle.AbstractLifecycleManager.invokePhase(AbstractLifecycleManager.java:146)
	at org.mule.lifecycle.MuleContextLifecycleManager.fireLifecycle(MuleContextLifecycleManager.java:62)
	at org.mule.DefaultMuleContext.start(DefaultMuleContext.java:326)
	at org.mule.module.launcher.application.DefaultMuleApplication.start(DefaultMuleApplication.java:146)
	at org.mule.module.launcher.artifact.ArtifactWrapper$4.execute(ArtifactWrapper.java:106)
	at org.mule.module.launcher.artifact.ArtifactWrapper.executeWithinArtifactClassLoader(ArtifactWrapper.java:137)
	at org.mule.module.launcher.artifact.ArtifactWrapper.start(ArtifactWrapper.java:101)
	at org.mule.module.launcher.DefaultArtifactDeployer.deploy(DefaultArtifactDeployer.java:73)
	at org.mule.module.launcher.DefaultArchiveDeployer.deployArtifact(DefaultArchiveDeployer.java:550)
	at org.mule.module.launcher.DefaultArchiveDeployer.deployArtifact(DefaultArchiveDeployer.java:328)
	at org.mule.module.launcher.DefaultArchiveDeployer.deployPackagedArtifact(DefaultArchiveDeployer.java:188)
	at org.mule.module.launcher.DefaultArchiveDeployer.deployPackagedArtifact(DefaultArchiveDeployer.java:277)
	at org.mule.module.launcher.DefaultArchiveDeployer.deployPackagedArtifact(DefaultArchiveDeployer.java:83)
	at org.mule.module.launcher.DefaultArchiveDeployer.deployPackagedArtifact(DefaultArchiveDeployer.java:590)
	at org.mule.module.launcher.DeploymentDirectoryWatcher.deployPackedApps(DeploymentDirectoryWatcher.java:284)
	at org.mule.module.launcher.DeploymentDirectoryWatcher.start(DeploymentDirectoryWatcher.java:156)
	at org.mule.module.launcher.MuleDeploymentService.start(MuleDeploymentService.java:137)
	at org.mule.module.launcher.MuleContainer.start(MuleContainer.java:172)
	at org.mule.tooling.server.application.ApplicationDeployer.main(ApplicationDeployer.java:15)

********************************************************************************

2020-06-10 20:02:15,876 [main] INFO  org.mule.module.launcher.application.DefaultMuleApplication - 
++++++++++++++++++++++++++++++++++++++++++++++++++++++++++++
+ Disposing app 'jms-demo'                                 +
++++++++++++++++++++++++++++++++++++++++++++++++++++++++++++
2020-06-10 20:02:15,878 [main] INFO  org.mule.construct.FlowConstructLifecycleManager - Stopping flow: jms-demoFlow
2020-06-10 20:02:15,878 [main] INFO  org.mule.processor.SedaStageLifecycleManager - Stopping service: jms-demoFlow.stage1
2020-06-10 20:02:15,879 [main] INFO  org.mule.lifecycle.AbstractLifecycleManager - Stopping model: _muleSystemModel
2020-06-10 20:02:15,916 [main] INFO  org.mule.module.http.internal.listener.DefaultHttpListenerConfig - Stopped listener on http://0.0.0.0:8081/jms
2020-06-10 20:02:15,917 [main] INFO  org.mule.util.queue.QueueXaResourceManager - Stopping ResourceManager
2020-06-10 20:02:15,917 [main] INFO  org.mule.util.queue.QueueXaResourceManager - Stopped ResourceManager
2020-06-10 20:02:15,921 [main] ERROR org.mule.DefaultMuleContext - Failed to stop Mule context
org.mule.api.lifecycle.LifecycleException: Failed to invoke lifecycle phase "stop" on object: com.mulesoft.module.batch.engine.threading.DefaultBatchWorkManager@31b82e0f
	at org.mule.lifecycle.phases.DefaultLifecyclePhase.applyLifecycle(DefaultLifecyclePhase.java:243) ~[mule-core-3.9.4.jar:3.9.4]
	at org.mule.lifecycle.RegistryLifecycleCallback.doApplyLifecycle(RegistryLifecycleCallback.java:108) ~[mule-core-3.9.4.jar:3.9.4]
	at org.mule.lifecycle.RegistryLifecycleCallback.onTransition(RegistryLifecycleCallback.java:78) ~[mule-core-3.9.4.jar:3.9.4]
	at org.mule.lifecycle.AbstractLifecycleManager.invokePhase(AbstractLifecycleManager.java:146) ~[mule-core-3.9.4.jar:3.9.4]
	at org.mule.lifecycle.RegistryLifecycleManager.fireLifecycle(RegistryLifecycleManager.java:134) ~[mule-core-3.9.4.jar:3.9.4]
	at org.mule.registry.AbstractRegistryBroker.fireLifecycle(AbstractRegistryBroker.java:88) ~[mule-core-3.9.4.jar:3.9.4]
	at org.mule.registry.MuleRegistryHelper.fireLifecycle(MuleRegistryHelper.java:144) ~[mule-core-3.9.4.jar:3.9.4]
	at org.mule.lifecycle.MuleContextLifecycleManager$MuleContextLifecycleCallback.onTransition(MuleContextLifecycleManager.java:74) ~[mule-core-3.9.4.jar:3.9.4]
	at org.mule.lifecycle.MuleContextLifecycleManager$MuleContextLifecycleCallback.onTransition(MuleContextLifecycleManager.java:70) ~[mule-core-3.9.4.jar:3.9.4]
	at org.mule.lifecycle.AbstractLifecycleManager.invokePhase(AbstractLifecycleManager.java:146) ~[mule-core-3.9.4.jar:3.9.4]
	at org.mule.lifecycle.MuleContextLifecycleManager.fireLifecycle(MuleContextLifecycleManager.java:62) ~[mule-core-3.9.4.jar:3.9.4]
	at org.mule.DefaultMuleContext.stop(DefaultMuleContext.java:422) ~[mule-core-3.9.4.jar:3.9.4]
	at org.mule.DefaultMuleContext.dispose(DefaultMuleContext.java:438) ~[mule-core-3.9.4.jar:3.9.4]
	at org.mule.module.launcher.application.DefaultMuleApplication.doDispose(DefaultMuleApplication.java:439) ~[mule-module-launcher-3.9.4.jar:3.9.4]
	at org.mule.module.launcher.application.DefaultMuleApplication.dispose(DefaultMuleApplication.java:324) ~[mule-module-launcher-3.9.4.jar:3.9.4]
	at org.mule.module.launcher.artifact.ArtifactWrapper$1.execute(ArtifactWrapper.java:41) ~[mule-module-launcher-3.9.4.jar:3.9.4]
	at org.mule.module.launcher.artifact.ArtifactWrapper.executeWithinArtifactClassLoader(ArtifactWrapper.java:137) ~[mule-module-launcher-3.9.4.jar:3.9.4]
	at org.mule.module.launcher.artifact.ArtifactWrapper.dispose(ArtifactWrapper.java:36) ~[mule-module-launcher-3.9.4.jar:3.9.4]
	at org.mule.module.launcher.DefaultArtifactDeployer.deploy(DefaultArtifactDeployer.java:78) ~[mule-module-launcher-3.9.4.jar:3.9.4]
	at org.mule.module.launcher.DefaultArchiveDeployer.deployArtifact(DefaultArchiveDeployer.java:550) ~[mule-module-launcher-3.9.4.jar:3.9.4]
	at org.mule.module.launcher.DefaultArchiveDeployer.deployArtifact(DefaultArchiveDeployer.java:328) ~[mule-module-launcher-3.9.4.jar:3.9.4]
	at org.mule.module.launcher.DefaultArchiveDeployer.deployPackagedArtifact(DefaultArchiveDeployer.java:188) ~[mule-module-launcher-3.9.4.jar:3.9.4]
	at org.mule.module.launcher.DefaultArchiveDeployer.deployPackagedArtifact(DefaultArchiveDeployer.java:277) ~[mule-module-launcher-3.9.4.jar:3.9.4]
	at org.mule.module.launcher.DefaultArchiveDeployer.deployPackagedArtifact(DefaultArchiveDeployer.java:83) ~[mule-module-launcher-3.9.4.jar:3.9.4]
	at org.mule.module.launcher.DefaultArchiveDeployer.deployPackagedArtifact(DefaultArchiveDeployer.java:590) ~[mule-module-launcher-3.9.4.jar:3.9.4]
	at org.mule.module.launcher.DeploymentDirectoryWatcher.deployPackedApps(DeploymentDirectoryWatcher.java:284) ~[mule-module-launcher-3.9.4.jar:3.9.4]
	at org.mule.module.launcher.DeploymentDirectoryWatcher.start(DeploymentDirectoryWatcher.java:156) ~[mule-module-launcher-3.9.4.jar:3.9.4]
	at org.mule.module.launcher.MuleDeploymentService.start(MuleDeploymentService.java:137) ~[mule-module-launcher-3.9.4.jar:3.9.4]
	at org.mule.module.launcher.MuleContainer.start(MuleContainer.java:172) ~[mule-module-launcher-3.9.4.jar:3.9.4]
	at org.mule.tooling.server.application.ApplicationDeployer.main(ApplicationDeployer.java:15) ~[tooling-support-3.9.4.jar:?]
Caused by: java.lang.NullPointerException
	at com.mulesoft.module.batch.engine.threading.DefaultBatchWorkManager.stop(DefaultBatchWorkManager.java:88) ~[mule-module-batch-ee-3.9.4.jar:3.9.4]
	at sun.reflect.NativeMethodAccessorImpl.invoke0(Native Method) ~[?:1.8.0_251]
	at sun.reflect.NativeMethodAccessorImpl.invoke(Unknown Source) ~[?:1.8.0_251]
	at sun.reflect.DelegatingMethodAccessorImpl.invoke(Unknown Source) ~[?:1.8.0_251]
	at java.lang.reflect.Method.invoke(Unknown Source) ~[?:1.8.0_251]
	at org.mule.lifecycle.phases.DefaultLifecyclePhase.applyLifecycle(DefaultLifecyclePhase.java:230) ~[mule-core-3.9.4.jar:3.9.4]
	... 29 more
2020-06-10 20:02:15,922 [main] INFO  org.mule.lifecycle.AbstractLifecycleManager - Disposing RegistryBroker
2020-06-10 20:02:15,988 [main] INFO  org.mule.construct.FlowConstructLifecycleManager - Disposing flow: jms-demoFlow
2020-06-10 20:02:15,988 [main] INFO  org.mule.processor.SedaStageLifecycleManager - Disposing service: jms-demoFlow.stage1
2020-06-10 20:02:15,990 [main] INFO  org.mule.lifecycle.AbstractLifecycleManager - Disposing model: _muleSystemModel
2020-06-10 20:02:15,996 [main] INFO  org.mule.lifecycle.AbstractLifecycleManager - Disposing connector: Active_MQ
2020-06-10 20:02:16,779 [main] INFO  org.mule.config.spring.MuleArtifactContext - Closing org.mule.config.spring.MuleArtifactContext@1b0a7baf: startup date [Wed Jun 10 20:02:07 IST 2020]; root of context hierarchy
2020-06-10 20:02:16,790 [main] INFO  org.mule.DefaultMuleContext - 
**********************************************************************
* Application "jms-demo" shut down normally on: 10/6/20 8:02 PM      *
* Up for: 0 days, 0 hours, 0 mins, 3.527 sec                         *
**********************************************************************
2020-06-10 20:03:03,559 [Mule.app.deployer.monitor.1.thread.1] INFO  org.mule.module.launcher.application.DefaultMuleApplication - 
++++++++++++++++++++++++++++++++++++++++++++++++++++++++++++
+ Initializing app 'jms-demo'                              +
++++++++++++++++++++++++++++++++++++++++++++++++++++++++++++
2020-06-10 20:03:03,570 [Mule.app.deployer.monitor.1.thread.1] INFO  org.mule.lifecycle.AbstractLifecycleManager - Initialising RegistryBroker
2020-06-10 20:03:03,575 [Mule.app.deployer.monitor.1.thread.1] INFO  org.mule.module.extension.internal.manager.DefaultExtensionManager - Starting discovery of extensions
2020-06-10 20:03:03,590 [Mule.app.deployer.monitor.1.thread.1] INFO  org.mule.module.extension.internal.manager.DefaultExtensionManager - Discovered 1 extensions
2020-06-10 20:03:03,590 [Mule.app.deployer.monitor.1.thread.1] INFO  org.mule.module.extension.internal.manager.DefaultExtensionManager - Registering extension validation (version 3.9)
2020-06-10 20:03:03,593 [Mule.app.deployer.monitor.1.thread.1] INFO  org.mule.config.spring.MuleArtifactContext - Refreshing org.mule.config.spring.MuleArtifactContext@433acbe8: startup date [Wed Jun 10 20:03:03 IST 2020]; root of context hierarchy
2020-06-10 20:03:03,929 [Mule.app.deployer.monitor.1.thread.1] INFO  org.mule.config.spring.processors.NoDevkitInjectorProcessor - JSR-330 'javax.inject.Inject' annotation found and supported for autowiring
2020-06-10 20:03:04,159 [Mule.app.deployer.monitor.1.thread.1] INFO  org.mule.util.journal.TransactionJournal - Using files for tx logs D:\mule-apps\.mule\.\.mule\jms-demo\queue-tx-log\tx1.log and D:\mule-apps\.mule\.\.mule\jms-demo\queue-tx-log\tx2.log
2020-06-10 20:03:04,165 [Mule.app.deployer.monitor.1.thread.1] INFO  org.mule.util.journal.TransactionJournal - Using files for tx logs D:\mule-apps\.mule\.\.mule\jms-demo\queue-xa-tx-log\tx1.log and D:\mule-apps\.mule\.\.mule\jms-demo\queue-xa-tx-log\tx2.log
2020-06-10 20:03:04,171 [Mule.app.deployer.monitor.1.thread.1] INFO  org.mule.lifecycle.AbstractLifecycleManager - Initialising connector: Active_MQ
2020-06-10 20:03:04,218 [Mule.app.deployer.monitor.1.thread.1] INFO  org.mule.lifecycle.AbstractLifecycleManager - Initialising model: _muleSystemModel
2020-06-10 20:03:04,226 [Mule.app.deployer.monitor.1.thread.1] INFO  org.mule.construct.FlowConstructLifecycleManager - Initialising flow: jms-demoFlow
2020-06-10 20:03:04,226 [Mule.app.deployer.monitor.1.thread.1] INFO  org.mule.exception.DefaultMessagingExceptionStrategy - Initialising exception listener: org.mule.exception.DefaultMessagingExceptionStrategy@eaaf955
2020-06-10 20:03:04,236 [Mule.app.deployer.monitor.1.thread.1] INFO  org.mule.processor.SedaStageLifecycleManager - Initialising service: jms-demoFlow.stage1
2020-06-10 20:03:04,285 [Mule.app.deployer.monitor.1.thread.1] INFO  org.mule.config.spring.SpringXmlConfigurationBuilder - Configured Mule using "org.mule.config.spring.SpringXmlConfigurationBuilder" with configuration resource(s): "[ConfigResource{resourceName='D:\mule-apps\.mule\apps\jms-demo\jms-demo.xml'}]"
2020-06-10 20:03:04,285 [Mule.app.deployer.monitor.1.thread.1] INFO  org.mule.config.builders.AutoConfigurationBuilder - Configured Mule using "org.mule.config.builders.AutoConfigurationBuilder" with configuration resource(s): "[ConfigResource{resourceName='D:\mule-apps\.mule\apps\jms-demo\jms-demo.xml'}]"
2020-06-10 20:03:04,288 [Mule.app.deployer.monitor.1.thread.1] INFO  org.mule.module.launcher.application.DefaultMuleApplication - 
++++++++++++++++++++++++++++++++++++++++++++++++++++++++++++
+ Starting app 'jms-demo'                                  +
++++++++++++++++++++++++++++++++++++++++++++++++++++++++++++
2020-06-10 20:03:04,292 [Mule.app.deployer.monitor.1.thread.1] INFO  org.mule.util.queue.QueueXaResourceManager - Starting ResourceManager
2020-06-10 20:03:04,292 [Mule.app.deployer.monitor.1.thread.1] INFO  org.mule.util.queue.QueueXaResourceManager - Started ResourceManager
2020-06-10 20:03:04,308 [Mule.app.deployer.monitor.1.thread.1] INFO  org.mule.module.http.internal.listener.DefaultHttpListenerConfig - Listening for requests on http://0.0.0.0:8081/jms
2020-06-10 20:03:05,805 [Mule.app.deployer.monitor.1.thread.1] ERROR org.mule.retry.notifiers.ConnectNotifier - Failed to connect/reconnect: ActiveMQJmsConnector
{
  name=Active_MQ
  lifecycle=initialise
  this=2da7d67f
  numberOfConcurrentTransactedReceivers=4
  createMultipleTransactedReceivers=true
  connected=false
  supportedProtocols=[jms]
  serviceOverrides=<none>
}
. Root Exception was: Connection refused: connect. Type: class java.net.ConnectException
2020-06-10 20:03:05,806 [Mule.app.deployer.monitor.1.thread.1] ERROR org.mule.module.launcher.application.DefaultMuleApplication - 
********************************************************************************
Message               : Could not connect to broker URL: tcp://localhost:61616. Reason: java.net.ConnectException: Connection refused: connect
JMS Code              : null
Element               : /Active_MQ @ app:jms-demo.xml:11 (Active MQ)
--------------------------------------------------------------------------------
Root Exception stack trace:
java.net.ConnectException: Connection refused: connect
	at java.net.TwoStacksPlainSocketImpl.socketConnect(Native Method)
	at java.net.AbstractPlainSocketImpl.doConnect(Unknown Source)
	at java.net.AbstractPlainSocketImpl.connectToAddress(Unknown Source)
	at java.net.AbstractPlainSocketImpl.connect(Unknown Source)
	at java.net.PlainSocketImpl.connect(Unknown Source)
	at java.net.SocksSocketImpl.connect(Unknown Source)
	at java.net.Socket.connect(Unknown Source)
	at org.apache.activemq.transport.tcp.TcpTransport.connect(TcpTransport.java:525)
	at org.apache.activemq.transport.tcp.TcpTransport.doStart(TcpTransport.java:488)
	at org.apache.activemq.util.ServiceSupport.start(ServiceSupport.java:55)
	at org.apache.activemq.transport.AbstractInactivityMonitor.start(AbstractInactivityMonitor.java:169)
	at org.apache.activemq.transport.InactivityMonitor.start(InactivityMonitor.java:52)
	at org.apache.activemq.transport.TransportFilter.start(TransportFilter.java:64)
	at org.apache.activemq.transport.WireFormatNegotiator.start(WireFormatNegotiator.java:72)
	at org.apache.activemq.transport.TransportFilter.start(TransportFilter.java:64)
	at org.apache.activemq.transport.TransportFilter.start(TransportFilter.java:64)
	at org.apache.activemq.ActiveMQConnectionFactory.createActiveMQConnection(ActiveMQConnectionFactory.java:354)
	at org.apache.activemq.ActiveMQConnectionFactory.createQueueConnection(ActiveMQConnectionFactory.java:269)
	at org.mule.transport.jms.Jms102bSupport.createConnection(Jms102bSupport.java:65)
	at org.mule.transport.jms.JmsConnector.createConnection(JmsConnector.java:490)
	at org.mule.transport.jms.JmsConnector.doConnect(JmsConnector.java:621)
	at org.mule.transport.AbstractConnector.connectConnectorAndReceivers(AbstractConnector.java:1664)
	at org.mule.transport.AbstractConnector$5.doWork(AbstractConnector.java:1630)
	at org.mule.retry.policies.AbstractPolicyTemplate.execute(AbstractPolicyTemplate.java:63)
	at org.mule.transport.AbstractConnector.connect(AbstractConnector.java:1658)
	at org.mule.transport.jms.JmsConnector.connect(JmsConnector.java:532)
	at org.mule.transport.AbstractConnector.start(AbstractConnector.java:449)
	at sun.reflect.NativeMethodAccessorImpl.invoke0(Native Method)
	at sun.reflect.NativeMethodAccessorImpl.invoke(Unknown Source)
	at sun.reflect.DelegatingMethodAccessorImpl.invoke(Unknown Source)
	at java.lang.reflect.Method.invoke(Unknown Source)
	at org.mule.lifecycle.phases.DefaultLifecyclePhase.applyLifecycle(DefaultLifecyclePhase.java:230)
	at org.mule.lifecycle.RegistryLifecycleCallback.doApplyLifecycle(RegistryLifecycleCallback.java:108)
	at org.mule.lifecycle.RegistryLifecycleCallback.onTransition(RegistryLifecycleCallback.java:78)
	at org.mule.lifecycle.AbstractLifecycleManager.invokePhase(AbstractLifecycleManager.java:146)
	at org.mule.lifecycle.RegistryLifecycleManager.fireLifecycle(RegistryLifecycleManager.java:134)
	at org.mule.registry.AbstractRegistryBroker.fireLifecycle(AbstractRegistryBroker.java:88)
	at org.mule.registry.MuleRegistryHelper.fireLifecycle(MuleRegistryHelper.java:144)
	at org.mule.lifecycle.MuleContextLifecycleManager$MuleContextLifecycleCallback.onTransition(MuleContextLifecycleManager.java:74)
	at org.mule.lifecycle.MuleContextLifecycleManager$MuleContextLifecycleCallback.onTransition(MuleContextLifecycleManager.java:70)
	at org.mule.lifecycle.AbstractLifecycleManager.invokePhase(AbstractLifecycleManager.java:146)
	at org.mule.lifecycle.MuleContextLifecycleManager.fireLifecycle(MuleContextLifecycleManager.java:62)
	at org.mule.DefaultMuleContext.start(DefaultMuleContext.java:326)
	at org.mule.module.launcher.application.DefaultMuleApplication.start(DefaultMuleApplication.java:146)
	at org.mule.module.launcher.artifact.ArtifactWrapper$4.execute(ArtifactWrapper.java:106)
	at org.mule.module.launcher.artifact.ArtifactWrapper.executeWithinArtifactClassLoader(ArtifactWrapper.java:137)
	at org.mule.module.launcher.artifact.ArtifactWrapper.start(ArtifactWrapper.java:101)
	at org.mule.module.launcher.DefaultArtifactDeployer.deploy(DefaultArtifactDeployer.java:73)
	at org.mule.module.launcher.DefaultArtifactDeployer.deploy(DefaultArtifactDeployer.java:93)
	at org.mule.module.launcher.DefaultArchiveDeployer.redeploy(DefaultArchiveDeployer.java:496)
	at org.mule.module.launcher.DefaultArchiveDeployer.redeploy(DefaultArchiveDeployer.java:432)
	at org.mule.module.launcher.DeploymentDirectoryWatcher.redeployModifiedArtifacts(DeploymentDirectoryWatcher.java:568)
	at org.mule.module.launcher.DeploymentDirectoryWatcher.redeployModifiedApplications(DeploymentDirectoryWatcher.java:545)
	at org.mule.module.launcher.DeploymentDirectoryWatcher.run(DeploymentDirectoryWatcher.java:357)
	at java.util.concurrent.Executors$RunnableAdapter.call(Unknown Source)
	at java.util.concurrent.FutureTask.runAndReset(Unknown Source)
	at java.util.concurrent.ScheduledThreadPoolExecutor$ScheduledFutureTask.access$301(Unknown Source)
	at java.util.concurrent.ScheduledThreadPoolExecutor$ScheduledFutureTask.run(Unknown Source)
	at java.util.concurrent.ThreadPoolExecutor.runWorker(Unknown Source)
	at java.util.concurrent.ThreadPoolExecutor$Worker.run(Unknown Source)
	at java.lang.Thread.run(Unknown Source)

********************************************************************************

2020-06-10 20:03:05,807 [Mule.app.deployer.monitor.1.thread.1] INFO  org.mule.module.launcher.application.DefaultMuleApplication - 
++++++++++++++++++++++++++++++++++++++++++++++++++++++++++++
+ Disposing app 'jms-demo'                                 +
++++++++++++++++++++++++++++++++++++++++++++++++++++++++++++
2020-06-10 20:03:05,808 [Mule.app.deployer.monitor.1.thread.1] INFO  org.mule.construct.FlowConstructLifecycleManager - Stopping flow: jms-demoFlow
2020-06-10 20:03:05,808 [Mule.app.deployer.monitor.1.thread.1] INFO  org.mule.processor.SedaStageLifecycleManager - Stopping service: jms-demoFlow.stage1
2020-06-10 20:03:05,809 [Mule.app.deployer.monitor.1.thread.1] INFO  org.mule.lifecycle.AbstractLifecycleManager - Stopping model: _muleSystemModel
2020-06-10 20:03:05,817 [Mule.app.deployer.monitor.1.thread.1] INFO  org.mule.module.http.internal.listener.DefaultHttpListenerConfig - Stopped listener on http://0.0.0.0:8081/jms
2020-06-10 20:03:05,819 [Mule.app.deployer.monitor.1.thread.1] INFO  org.mule.util.queue.QueueXaResourceManager - Stopping ResourceManager
2020-06-10 20:03:05,819 [Mule.app.deployer.monitor.1.thread.1] INFO  org.mule.util.queue.QueueXaResourceManager - Stopped ResourceManager
2020-06-10 20:03:05,820 [Mule.app.deployer.monitor.1.thread.1] ERROR org.mule.DefaultMuleContext - Failed to stop Mule context
org.mule.api.lifecycle.LifecycleException: Failed to invoke lifecycle phase "stop" on object: com.mulesoft.module.batch.engine.threading.DefaultBatchWorkManager@5869626e
	at org.mule.lifecycle.phases.DefaultLifecyclePhase.applyLifecycle(DefaultLifecyclePhase.java:243) ~[mule-core-3.9.4.jar:3.9.4]
	at org.mule.lifecycle.RegistryLifecycleCallback.doApplyLifecycle(RegistryLifecycleCallback.java:108) ~[mule-core-3.9.4.jar:3.9.4]
	at org.mule.lifecycle.RegistryLifecycleCallback.onTransition(RegistryLifecycleCallback.java:78) ~[mule-core-3.9.4.jar:3.9.4]
	at org.mule.lifecycle.AbstractLifecycleManager.invokePhase(AbstractLifecycleManager.java:146) ~[mule-core-3.9.4.jar:3.9.4]
	at org.mule.lifecycle.RegistryLifecycleManager.fireLifecycle(RegistryLifecycleManager.java:134) ~[mule-core-3.9.4.jar:3.9.4]
	at org.mule.registry.AbstractRegistryBroker.fireLifecycle(AbstractRegistryBroker.java:88) ~[mule-core-3.9.4.jar:3.9.4]
	at org.mule.registry.MuleRegistryHelper.fireLifecycle(MuleRegistryHelper.java:144) ~[mule-core-3.9.4.jar:3.9.4]
	at org.mule.lifecycle.MuleContextLifecycleManager$MuleContextLifecycleCallback.onTransition(MuleContextLifecycleManager.java:74) ~[mule-core-3.9.4.jar:3.9.4]
	at org.mule.lifecycle.MuleContextLifecycleManager$MuleContextLifecycleCallback.onTransition(MuleContextLifecycleManager.java:70) ~[mule-core-3.9.4.jar:3.9.4]
	at org.mule.lifecycle.AbstractLifecycleManager.invokePhase(AbstractLifecycleManager.java:146) ~[mule-core-3.9.4.jar:3.9.4]
	at org.mule.lifecycle.MuleContextLifecycleManager.fireLifecycle(MuleContextLifecycleManager.java:62) ~[mule-core-3.9.4.jar:3.9.4]
	at org.mule.DefaultMuleContext.stop(DefaultMuleContext.java:422) ~[mule-core-3.9.4.jar:3.9.4]
	at org.mule.DefaultMuleContext.dispose(DefaultMuleContext.java:438) ~[mule-core-3.9.4.jar:3.9.4]
	at org.mule.module.launcher.application.DefaultMuleApplication.doDispose(DefaultMuleApplication.java:439) ~[mule-module-launcher-3.9.4.jar:3.9.4]
	at org.mule.module.launcher.application.DefaultMuleApplication.dispose(DefaultMuleApplication.java:324) ~[mule-module-launcher-3.9.4.jar:3.9.4]
	at org.mule.module.launcher.artifact.ArtifactWrapper$1.execute(ArtifactWrapper.java:41) ~[mule-module-launcher-3.9.4.jar:3.9.4]
	at org.mule.module.launcher.artifact.ArtifactWrapper.executeWithinArtifactClassLoader(ArtifactWrapper.java:137) ~[mule-module-launcher-3.9.4.jar:3.9.4]
	at org.mule.module.launcher.artifact.ArtifactWrapper.dispose(ArtifactWrapper.java:36) ~[mule-module-launcher-3.9.4.jar:3.9.4]
	at org.mule.module.launcher.DefaultArtifactDeployer.deploy(DefaultArtifactDeployer.java:78) ~[mule-module-launcher-3.9.4.jar:3.9.4]
	at org.mule.module.launcher.DefaultArtifactDeployer.deploy(DefaultArtifactDeployer.java:93) ~[mule-module-launcher-3.9.4.jar:3.9.4]
	at org.mule.module.launcher.DefaultArchiveDeployer.redeploy(DefaultArchiveDeployer.java:496) ~[mule-module-launcher-3.9.4.jar:3.9.4]
	at org.mule.module.launcher.DefaultArchiveDeployer.redeploy(DefaultArchiveDeployer.java:432) ~[mule-module-launcher-3.9.4.jar:3.9.4]
	at org.mule.module.launcher.DeploymentDirectoryWatcher.redeployModifiedArtifacts(DeploymentDirectoryWatcher.java:568) ~[mule-module-launcher-3.9.4.jar:3.9.4]
	at org.mule.module.launcher.DeploymentDirectoryWatcher.redeployModifiedApplications(DeploymentDirectoryWatcher.java:545) ~[mule-module-launcher-3.9.4.jar:3.9.4]
	at org.mule.module.launcher.DeploymentDirectoryWatcher.run(DeploymentDirectoryWatcher.java:357) ~[mule-module-launcher-3.9.4.jar:3.9.4]
	at java.util.concurrent.Executors$RunnableAdapter.call(Unknown Source) ~[?:1.8.0_251]
	at java.util.concurrent.FutureTask.runAndReset(Unknown Source) ~[?:1.8.0_251]
	at java.util.concurrent.ScheduledThreadPoolExecutor$ScheduledFutureTask.access$301(Unknown Source) ~[?:1.8.0_251]
	at java.util.concurrent.ScheduledThreadPoolExecutor$ScheduledFutureTask.run(Unknown Source) ~[?:1.8.0_251]
	at java.util.concurrent.ThreadPoolExecutor.runWorker(Unknown Source) [?:1.8.0_251]
	at java.util.concurrent.ThreadPoolExecutor$Worker.run(Unknown Source) [?:1.8.0_251]
	at java.lang.Thread.run(Unknown Source) [?:1.8.0_251]
Caused by: java.lang.NullPointerException
	at com.mulesoft.module.batch.engine.threading.DefaultBatchWorkManager.stop(DefaultBatchWorkManager.java:88) ~[mule-module-batch-ee-3.9.4.jar:3.9.4]
	at sun.reflect.GeneratedMethodAccessor21.invoke(Unknown Source) ~[?:?]
	at sun.reflect.DelegatingMethodAccessorImpl.invoke(Unknown Source) ~[?:1.8.0_251]
	at java.lang.reflect.Method.invoke(Unknown Source) ~[?:1.8.0_251]
	at org.mule.lifecycle.phases.DefaultLifecyclePhase.applyLifecycle(DefaultLifecyclePhase.java:230) ~[mule-core-3.9.4.jar:3.9.4]
	... 31 more
2020-06-10 20:03:05,834 [Mule.app.deployer.monitor.1.thread.1] INFO  org.mule.lifecycle.AbstractLifecycleManager - Disposing RegistryBroker
2020-06-10 20:03:05,835 [Mule.app.deployer.monitor.1.thread.1] INFO  org.mule.construct.FlowConstructLifecycleManager - Disposing flow: jms-demoFlow
2020-06-10 20:03:05,835 [Mule.app.deployer.monitor.1.thread.1] INFO  org.mule.processor.SedaStageLifecycleManager - Disposing service: jms-demoFlow.stage1
2020-06-10 20:03:05,837 [Mule.app.deployer.monitor.1.thread.1] INFO  org.mule.lifecycle.AbstractLifecycleManager - Disposing model: _muleSystemModel
2020-06-10 20:03:05,843 [Mule.app.deployer.monitor.1.thread.1] INFO  org.mule.lifecycle.AbstractLifecycleManager - Disposing connector: Active_MQ
2020-06-10 20:03:05,965 [Mule.app.deployer.monitor.1.thread.1] INFO  org.mule.config.spring.MuleArtifactContext - Closing org.mule.config.spring.MuleArtifactContext@433acbe8: startup date [Wed Jun 10 20:03:03 IST 2020]; root of context hierarchy
2020-06-10 20:03:05,971 [Mule.app.deployer.monitor.1.thread.1] INFO  org.mule.DefaultMuleContext - 
**********************************************************************
* Application "jms-demo" shut down normally on: 10/6/20 8:03 PM      *
* Up for: 0 days, 0 hours, 0 mins, 1.682 sec                         *
**********************************************************************
2020-06-10 20:12:31,048 [main] INFO  org.mule.module.launcher.application.DefaultMuleApplication - 
++++++++++++++++++++++++++++++++++++++++++++++++++++++++++++
+ Initializing app 'jms-demo'                              +
++++++++++++++++++++++++++++++++++++++++++++++++++++++++++++
2020-06-10 20:12:31,313 [main] INFO  org.mule.lifecycle.AbstractLifecycleManager - Initialising RegistryBroker
2020-06-10 20:12:31,431 [main] INFO  org.mule.module.extension.internal.manager.DefaultExtensionManager - Starting discovery of extensions
2020-06-10 20:12:31,602 [main] INFO  org.mule.module.extension.internal.manager.DefaultExtensionManager - Discovered 1 extensions
2020-06-10 20:12:31,602 [main] INFO  org.mule.module.extension.internal.manager.DefaultExtensionManager - Registering extension validation (version 3.9)
2020-06-10 20:12:31,892 [main] INFO  org.mule.config.spring.MuleArtifactContext - Refreshing org.mule.config.spring.MuleArtifactContext@1b0a7baf: startup date [Wed Jun 10 20:12:31 IST 2020]; root of context hierarchy
2020-06-10 20:12:33,451 [main] INFO  org.mule.config.spring.processors.NoDevkitInjectorProcessor - JSR-330 'javax.inject.Inject' annotation found and supported for autowiring
2020-06-10 20:12:34,901 [main] WARN  org.mule.module.ognl.expression.OgnlExpressionEvaluator - OGNL module is deprecated and will be removed in Mule 4.0. Use MEL expressions instead.
2020-06-10 20:12:35,281 [main] INFO  org.mule.util.journal.TransactionJournal - Using files for tx logs D:\mule-apps\.mule\.\.mule\jms-demo\queue-tx-log\tx1.log and D:\mule-apps\.mule\.\.mule\jms-demo\queue-tx-log\tx2.log
2020-06-10 20:12:35,299 [main] INFO  org.mule.util.journal.TransactionJournal - Using files for tx logs D:\mule-apps\.mule\.\.mule\jms-demo\queue-xa-tx-log\tx1.log and D:\mule-apps\.mule\.\.mule\jms-demo\queue-xa-tx-log\tx2.log
2020-06-10 20:12:35,305 [main] INFO  org.mule.lifecycle.AbstractLifecycleManager - Initialising connector: Active_MQ
2020-06-10 20:12:35,821 [main] INFO  org.mule.lifecycle.AbstractLifecycleManager - Initialising model: _muleSystemModel
2020-06-10 20:12:35,827 [main] INFO  org.mule.construct.FlowConstructLifecycleManager - Initialising flow: jms-demoFlow
2020-06-10 20:12:35,829 [main] INFO  org.mule.exception.DefaultMessagingExceptionStrategy - Initialising exception listener: org.mule.exception.DefaultMessagingExceptionStrategy@16736040
2020-06-10 20:12:35,871 [main] INFO  org.mule.processor.SedaStageLifecycleManager - Initialising service: jms-demoFlow.stage1
2020-06-10 20:12:36,154 [main] INFO  org.mule.config.spring.SpringXmlConfigurationBuilder - Configured Mule using "org.mule.config.spring.SpringXmlConfigurationBuilder" with configuration resource(s): "[ConfigResource{resourceName='D:\mule-apps\.mule\apps\jms-demo\jms-demo.xml'}]"
2020-06-10 20:12:36,154 [main] INFO  org.mule.config.builders.AutoConfigurationBuilder - Configured Mule using "org.mule.config.builders.AutoConfigurationBuilder" with configuration resource(s): "[ConfigResource{resourceName='D:\mule-apps\.mule\apps\jms-demo\jms-demo.xml'}]"
2020-06-10 20:12:36,159 [main] INFO  com.mulesoft.module.policies.lifecyle.GateKeeper - GateKeeper Mode: DISABLED
2020-06-10 20:12:36,162 [main] INFO  org.mule.module.launcher.application.DefaultMuleApplication - 
++++++++++++++++++++++++++++++++++++++++++++++++++++++++++++
+ Starting app 'jms-demo'                                  +
++++++++++++++++++++++++++++++++++++++++++++++++++++++++++++
2020-06-10 20:12:36,174 [main] INFO  org.mule.util.queue.QueueXaResourceManager - Starting ResourceManager
2020-06-10 20:12:36,174 [main] INFO  org.mule.util.queue.QueueXaResourceManager - Started ResourceManager
2020-06-10 20:12:36,212 [main] INFO  org.mule.module.http.internal.listener.DefaultHttpListenerConfig - Listening for requests on http://0.0.0.0:8081/jms
2020-06-10 20:12:36,867 [main] INFO  org.mule.transport.jms.activemq.ActiveMQJmsConnector - Connected: ActiveMQJmsConnector
{
  name=Active_MQ
  lifecycle=initialise
  this=67e25252
  numberOfConcurrentTransactedReceivers=4
  createMultipleTransactedReceivers=true
  connected=true
  supportedProtocols=[jms]
  serviceOverrides=<none>
}

2020-06-10 20:12:36,867 [main] INFO  org.mule.transport.jms.activemq.ActiveMQJmsConnector - Starting: ActiveMQJmsConnector
{
  name=Active_MQ
  lifecycle=initialise
  this=67e25252
  numberOfConcurrentTransactedReceivers=4
  createMultipleTransactedReceivers=true
  connected=true
  supportedProtocols=[jms]
  serviceOverrides=<none>
}

2020-06-10 20:12:36,882 [main] INFO  org.mule.lifecycle.AbstractLifecycleManager - Starting connector: Active_MQ
2020-06-10 20:12:36,888 [main] INFO  org.mule.lifecycle.AbstractLifecycleManager - Starting model: _muleSystemModel
2020-06-10 20:12:36,889 [main] INFO  org.mule.construct.FlowConstructLifecycleManager - Starting flow: jms-demoFlow
2020-06-10 20:12:36,890 [main] INFO  org.mule.processor.SedaStageLifecycleManager - Starting service: jms-demoFlow.stage1
2020-06-10 20:12:36,960 [main] INFO  org.mule.module.management.agent.WrapperManagerAgent - This JVM hasn't been launched by the wrapper, the agent will not run.
2020-06-10 20:12:36,994 [main] INFO  org.mule.module.management.agent.AbstractJmxAgent - Registered Connector Service with name Mule.jms-demo:type=Connector,name="Active_MQ"
2020-06-10 20:12:36,998 [main] INFO  org.mule.DefaultMuleContext - 
**********************************************************************
* Application: jms-demo                                              *
* OS encoding: \, Mule encoding: UTF-8                               *
*                                                                    *
* Agents Running:                                                    *
*   Batch module default engine                                      *
*   JMX Agent                                                        *
*   Wrapper Manager                                                  *
**********************************************************************
2020-06-10 20:12:42,178 [[jms-demo].HTTP_Listener_Configuration.worker.01] INFO  org.mule.transport.service.DefaultTransportServiceDescriptor - Loading default outbound transformer: org.mule.transport.jms.transformers.ObjectToJMSMessage
2020-06-10 20:12:42,179 [[jms-demo].HTTP_Listener_Configuration.worker.01] INFO  org.mule.transport.service.DefaultTransportServiceDescriptor - Loading default response transformer: org.mule.transport.jms.transformers.ObjectToJMSMessage
2020-06-10 20:12:42,181 [[jms-demo].HTTP_Listener_Configuration.worker.01] WARN  com.mulesoft.mule.transport.jms.EeJmsMessageDispatcher - Starting patched JmsMessageReceiver
2020-06-10 20:12:42,182 [[jms-demo].HTTP_Listener_Configuration.worker.01] INFO  org.mule.lifecycle.AbstractLifecycleManager - Initialising: 'Active_MQ.dispatcher.286690588'. Object is: EeJmsMessageDispatcher
2020-06-10 20:12:42,183 [[jms-demo].HTTP_Listener_Configuration.worker.01] INFO  org.mule.lifecycle.AbstractLifecycleManager - Starting: 'Active_MQ.dispatcher.286690588'. Object is: EeJmsMessageDispatcher
2020-06-10 20:12:42,424 [[jms-demo].HTTP_Listener_Configuration.worker.01] INFO  org.mule.api.processor.LoggerMessageProcessor - first flow ended
2020-06-10 20:14:22,691 [main] INFO  org.mule.module.launcher.application.DefaultMuleApplication - 
++++++++++++++++++++++++++++++++++++++++++++++++++++++++++++
+ Initializing app 'jms-producer-demo'                     +
++++++++++++++++++++++++++++++++++++++++++++++++++++++++++++
2020-06-10 20:14:22,946 [main] INFO  org.mule.lifecycle.AbstractLifecycleManager - Initialising RegistryBroker
2020-06-10 20:14:23,072 [main] INFO  org.mule.module.extension.internal.manager.DefaultExtensionManager - Starting discovery of extensions
2020-06-10 20:14:23,215 [main] INFO  org.mule.module.extension.internal.manager.DefaultExtensionManager - Discovered 1 extensions
2020-06-10 20:14:23,215 [main] INFO  org.mule.module.extension.internal.manager.DefaultExtensionManager - Registering extension validation (version 3.9)
2020-06-10 20:14:23,535 [main] INFO  org.mule.config.spring.MuleArtifactContext - Refreshing org.mule.config.spring.MuleArtifactContext@1b0a7baf: startup date [Wed Jun 10 20:14:23 IST 2020]; root of context hierarchy
2020-06-10 20:14:25,005 [main] INFO  org.mule.config.spring.processors.NoDevkitInjectorProcessor - JSR-330 'javax.inject.Inject' annotation found and supported for autowiring
2020-06-10 20:14:26,445 [main] WARN  org.mule.module.ognl.expression.OgnlExpressionEvaluator - OGNL module is deprecated and will be removed in Mule 4.0. Use MEL expressions instead.
2020-06-10 20:14:26,833 [main] INFO  org.mule.util.journal.TransactionJournal - Using files for tx logs D:\mule-apps\.mule\.\.mule\jms-producer-demo\queue-tx-log\tx1.log and D:\mule-apps\.mule\.\.mule\jms-producer-demo\queue-tx-log\tx2.log
2020-06-10 20:14:26,898 [main] INFO  org.mule.util.journal.TransactionJournal - Using files for tx logs D:\mule-apps\.mule\.\.mule\jms-producer-demo\queue-xa-tx-log\tx1.log and D:\mule-apps\.mule\.\.mule\jms-producer-demo\queue-xa-tx-log\tx2.log
2020-06-10 20:14:26,904 [main] INFO  org.mule.lifecycle.AbstractLifecycleManager - Initialising connector: Active_MQ
2020-06-10 20:14:27,299 [main] INFO  org.mule.lifecycle.AbstractLifecycleManager - Initialising model: _muleSystemModel
2020-06-10 20:14:27,306 [main] INFO  org.mule.construct.FlowConstructLifecycleManager - Initialising flow: jms-demoFlow
2020-06-10 20:14:27,306 [main] INFO  org.mule.exception.DefaultMessagingExceptionStrategy - Initialising exception listener: org.mule.exception.DefaultMessagingExceptionStrategy@65cf4d6d
2020-06-10 20:14:27,354 [main] INFO  org.mule.processor.SedaStageLifecycleManager - Initialising service: jms-demoFlow.stage1
2020-06-10 20:14:27,748 [main] INFO  org.mule.config.spring.SpringXmlConfigurationBuilder - Configured Mule using "org.mule.config.spring.SpringXmlConfigurationBuilder" with configuration resource(s): "[ConfigResource{resourceName='D:\mule-apps\.mule\apps\jms-producer-demo\jms-producer-demo.xml'}]"
2020-06-10 20:14:27,749 [main] INFO  org.mule.config.builders.AutoConfigurationBuilder - Configured Mule using "org.mule.config.builders.AutoConfigurationBuilder" with configuration resource(s): "[ConfigResource{resourceName='D:\mule-apps\.mule\apps\jms-producer-demo\jms-producer-demo.xml'}]"
2020-06-10 20:14:27,756 [main] INFO  com.mulesoft.module.policies.lifecyle.GateKeeper - GateKeeper Mode: DISABLED
2020-06-10 20:14:27,761 [main] INFO  org.mule.module.launcher.application.DefaultMuleApplication - 
++++++++++++++++++++++++++++++++++++++++++++++++++++++++++++
+ Starting app 'jms-producer-demo'                         +
++++++++++++++++++++++++++++++++++++++++++++++++++++++++++++
2020-06-10 20:14:27,780 [main] INFO  org.mule.util.queue.QueueXaResourceManager - Starting ResourceManager
2020-06-10 20:14:27,780 [main] INFO  org.mule.util.queue.QueueXaResourceManager - Started ResourceManager
2020-06-10 20:14:27,837 [main] INFO  org.mule.module.http.internal.listener.DefaultHttpListenerConfig - Listening for requests on http://0.0.0.0:8081/jms
2020-06-10 20:14:28,238 [main] INFO  org.mule.transport.jms.activemq.ActiveMQJmsConnector - Connected: ActiveMQJmsConnector
{
  name=Active_MQ
  lifecycle=initialise
  this=b3e86d5
  numberOfConcurrentTransactedReceivers=4
  createMultipleTransactedReceivers=true
  connected=true
  supportedProtocols=[jms]
  serviceOverrides=<none>
}

2020-06-10 20:14:28,238 [main] INFO  org.mule.transport.jms.activemq.ActiveMQJmsConnector - Starting: ActiveMQJmsConnector
{
  name=Active_MQ
  lifecycle=initialise
  this=b3e86d5
  numberOfConcurrentTransactedReceivers=4
  createMultipleTransactedReceivers=true
  connected=true
  supportedProtocols=[jms]
  serviceOverrides=<none>
}

2020-06-10 20:14:28,239 [main] INFO  org.mule.lifecycle.AbstractLifecycleManager - Starting connector: Active_MQ
2020-06-10 20:14:28,244 [main] INFO  org.mule.lifecycle.AbstractLifecycleManager - Starting model: _muleSystemModel
2020-06-10 20:14:28,246 [main] INFO  org.mule.construct.FlowConstructLifecycleManager - Starting flow: jms-demoFlow
2020-06-10 20:14:28,246 [main] INFO  org.mule.processor.SedaStageLifecycleManager - Starting service: jms-demoFlow.stage1
2020-06-10 20:14:28,294 [main] INFO  org.mule.module.management.agent.WrapperManagerAgent - This JVM hasn't been launched by the wrapper, the agent will not run.
2020-06-10 20:14:28,319 [main] INFO  org.mule.module.management.agent.AbstractJmxAgent - Registered Connector Service with name Mule.jms-producer-demo:type=Connector,name="Active_MQ"
2020-06-10 20:14:28,323 [main] INFO  org.mule.DefaultMuleContext - 
**********************************************************************
* Application: jms-producer-demo                                     *
* OS encoding: \, Mule encoding: UTF-8                               *
*                                                                    *
* Agents Running:                                                    *
*   Batch module default engine                                      *
*   JMX Agent                                                        *
*   Wrapper Manager                                                  *
**********************************************************************
2020-06-10 20:14:34,107 [[jms-producer-demo].HTTP_Listener_Configuration.worker.01] INFO  org.mule.transport.service.DefaultTransportServiceDescriptor - Loading default outbound transformer: org.mule.transport.jms.transformers.ObjectToJMSMessage
2020-06-10 20:14:34,108 [[jms-producer-demo].HTTP_Listener_Configuration.worker.01] INFO  org.mule.transport.service.DefaultTransportServiceDescriptor - Loading default response transformer: org.mule.transport.jms.transformers.ObjectToJMSMessage
2020-06-10 20:14:34,112 [[jms-producer-demo].HTTP_Listener_Configuration.worker.01] WARN  com.mulesoft.mule.transport.jms.EeJmsMessageDispatcher - Starting patched JmsMessageReceiver
2020-06-10 20:14:34,114 [[jms-producer-demo].HTTP_Listener_Configuration.worker.01] INFO  org.mule.lifecycle.AbstractLifecycleManager - Initialising: 'Active_MQ.dispatcher.1257873995'. Object is: EeJmsMessageDispatcher
2020-06-10 20:14:34,117 [[jms-producer-demo].HTTP_Listener_Configuration.worker.01] INFO  org.mule.lifecycle.AbstractLifecycleManager - Starting: 'Active_MQ.dispatcher.1257873995'. Object is: EeJmsMessageDispatcher
2020-06-10 20:14:34,287 [[jms-producer-demo].HTTP_Listener_Configuration.worker.01] INFO  org.mule.api.processor.LoggerMessageProcessor - first flow ended
2020-06-10 20:14:50,017 [[jms-producer-demo].HTTP_Listener_Configuration.worker.01] INFO  org.mule.api.processor.LoggerMessageProcessor - first flow ended
2020-06-10 20:18:47,579 [main] INFO  org.mule.module.launcher.application.DefaultMuleApplication - 
++++++++++++++++++++++++++++++++++++++++++++++++++++++++++++
+ Initializing app 'jms-producer-demo'                     +
++++++++++++++++++++++++++++++++++++++++++++++++++++++++++++
2020-06-10 20:18:47,587 [main] INFO  org.mule.lifecycle.AbstractLifecycleManager - Initialising RegistryBroker
2020-06-10 20:18:47,592 [main] INFO  org.mule.module.extension.internal.manager.DefaultExtensionManager - Starting discovery of extensions
2020-06-10 20:18:47,606 [main] INFO  org.mule.module.extension.internal.manager.DefaultExtensionManager - Discovered 1 extensions
2020-06-10 20:18:47,606 [main] INFO  org.mule.module.extension.internal.manager.DefaultExtensionManager - Registering extension validation (version 3.9)
2020-06-10 20:18:47,609 [main] INFO  org.mule.config.spring.MuleArtifactContext - Refreshing org.mule.config.spring.MuleArtifactContext@4fba8eec: startup date [Wed Jun 10 20:18:47 IST 2020]; root of context hierarchy
2020-06-10 20:18:47,954 [main] INFO  org.mule.config.spring.processors.NoDevkitInjectorProcessor - JSR-330 'javax.inject.Inject' annotation found and supported for autowiring
2020-06-10 20:18:48,204 [main] INFO  org.mule.util.journal.TransactionJournal - Using files for tx logs D:\mule-apps\.mule\.\.mule\jms-producer-demo\queue-tx-log\tx1.log and D:\mule-apps\.mule\.\.mule\jms-producer-demo\queue-tx-log\tx2.log
2020-06-10 20:18:48,206 [main] INFO  org.mule.util.journal.TransactionJournal - Using files for tx logs D:\mule-apps\.mule\.\.mule\jms-producer-demo\queue-xa-tx-log\tx1.log and D:\mule-apps\.mule\.\.mule\jms-producer-demo\queue-xa-tx-log\tx2.log
2020-06-10 20:18:48,209 [main] INFO  org.mule.lifecycle.AbstractLifecycleManager - Initialising connector: Active_MQ
2020-06-10 20:18:48,277 [main] INFO  org.mule.lifecycle.AbstractLifecycleManager - Initialising model: _muleSystemModel
2020-06-10 20:18:48,278 [main] INFO  org.mule.construct.FlowConstructLifecycleManager - Initialising flow: jms-demoFlow
2020-06-10 20:18:48,279 [main] INFO  org.mule.exception.DefaultMessagingExceptionStrategy - Initialising exception listener: org.mule.exception.DefaultMessagingExceptionStrategy@2315052d
2020-06-10 20:18:48,299 [main] INFO  org.mule.processor.SedaStageLifecycleManager - Initialising service: jms-demoFlow.stage1
2020-06-10 20:18:48,324 [main] INFO  org.mule.config.spring.SpringXmlConfigurationBuilder - Configured Mule using "org.mule.config.spring.SpringXmlConfigurationBuilder" with configuration resource(s): "[ConfigResource{resourceName='D:\mule-apps\.mule\apps\jms-producer-demo\jms-producer-demo.xml'}]"
2020-06-10 20:18:48,325 [main] INFO  org.mule.config.builders.AutoConfigurationBuilder - Configured Mule using "org.mule.config.builders.AutoConfigurationBuilder" with configuration resource(s): "[ConfigResource{resourceName='D:\mule-apps\.mule\apps\jms-producer-demo\jms-producer-demo.xml'}]"
2020-06-10 20:18:48,329 [main] INFO  org.mule.module.launcher.application.DefaultMuleApplication - 
++++++++++++++++++++++++++++++++++++++++++++++++++++++++++++
+ Starting app 'jms-producer-demo'                         +
++++++++++++++++++++++++++++++++++++++++++++++++++++++++++++
2020-06-10 20:18:48,334 [main] INFO  org.mule.util.queue.QueueXaResourceManager - Starting ResourceManager
2020-06-10 20:18:48,334 [main] INFO  org.mule.util.queue.QueueXaResourceManager - Started ResourceManager
2020-06-10 20:18:48,364 [main] INFO  org.mule.module.http.internal.listener.DefaultHttpListenerConfig - Listening for requests on http://0.0.0.0:8081/jms
2020-06-10 20:18:48,781 [main] INFO  org.mule.transport.jms.activemq.ActiveMQJmsConnector - Connected: ActiveMQJmsConnector
{
  name=Active_MQ
  lifecycle=initialise
  this=39f0c343
  numberOfConcurrentTransactedReceivers=4
  createMultipleTransactedReceivers=true
  connected=true
  supportedProtocols=[jms]
  serviceOverrides=<none>
}

2020-06-10 20:18:48,782 [main] INFO  org.mule.transport.jms.activemq.ActiveMQJmsConnector - Starting: ActiveMQJmsConnector
{
  name=Active_MQ
  lifecycle=initialise
  this=39f0c343
  numberOfConcurrentTransactedReceivers=4
  createMultipleTransactedReceivers=true
  connected=true
  supportedProtocols=[jms]
  serviceOverrides=<none>
}

2020-06-10 20:18:48,782 [main] INFO  org.mule.lifecycle.AbstractLifecycleManager - Starting connector: Active_MQ
2020-06-10 20:18:48,786 [main] INFO  org.mule.lifecycle.AbstractLifecycleManager - Starting model: _muleSystemModel
2020-06-10 20:18:48,787 [main] INFO  org.mule.construct.FlowConstructLifecycleManager - Starting flow: jms-demoFlow
2020-06-10 20:18:48,787 [main] INFO  org.mule.processor.SedaStageLifecycleManager - Starting service: jms-demoFlow.stage1
2020-06-10 20:18:48,797 [main] INFO  org.mule.module.management.agent.WrapperManagerAgent - This JVM hasn't been launched by the wrapper, the agent will not run.
2020-06-10 20:18:48,802 [main] INFO  org.mule.module.management.agent.AbstractJmxAgent - Registered Connector Service with name Mule.jms-producer-demo:type=Connector,name="Active_MQ"
2020-06-10 20:18:48,803 [main] INFO  org.mule.DefaultMuleContext - 
**********************************************************************
* Application: jms-producer-demo                                     *
* OS encoding: \, Mule encoding: UTF-8                               *
*                                                                    *
* Agents Running:                                                    *
*   Batch module default engine                                      *
*   JMX Agent                                                        *
*   Wrapper Manager                                                  *
**********************************************************************
2020-06-10 20:19:00,245 [[jms-producer-demo].HTTP_Listener_Configuration.worker.01] INFO  org.mule.transport.service.DefaultTransportServiceDescriptor - Loading default outbound transformer: org.mule.transport.jms.transformers.ObjectToJMSMessage
2020-06-10 20:19:00,245 [[jms-producer-demo].HTTP_Listener_Configuration.worker.01] INFO  org.mule.transport.service.DefaultTransportServiceDescriptor - Loading default response transformer: org.mule.transport.jms.transformers.ObjectToJMSMessage
2020-06-10 20:19:00,246 [[jms-producer-demo].HTTP_Listener_Configuration.worker.01] WARN  com.mulesoft.mule.transport.jms.EeJmsMessageDispatcher - Starting patched JmsMessageReceiver
2020-06-10 20:19:00,248 [[jms-producer-demo].HTTP_Listener_Configuration.worker.01] INFO  org.mule.lifecycle.AbstractLifecycleManager - Initialising: 'Active_MQ.dispatcher.219615783'. Object is: EeJmsMessageDispatcher
2020-06-10 20:19:00,249 [[jms-producer-demo].HTTP_Listener_Configuration.worker.01] INFO  org.mule.lifecycle.AbstractLifecycleManager - Starting: 'Active_MQ.dispatcher.219615783'. Object is: EeJmsMessageDispatcher
2020-06-10 20:19:00,360 [[jms-producer-demo].HTTP_Listener_Configuration.worker.01] INFO  org.mule.api.processor.LoggerMessageProcessor - first flow ended
2020-06-10 20:24:04,029 [[jms-producer-demo].HTTP_Listener_Configuration.worker.01] INFO  org.mule.api.processor.LoggerMessageProcessor - first flow ended
2020-06-10 20:24:58,657 [main] INFO  org.mule.module.launcher.application.DefaultMuleApplication - 
++++++++++++++++++++++++++++++++++++++++++++++++++++++++++++
+ Initializing app 'jms-producer-demo'                     +
++++++++++++++++++++++++++++++++++++++++++++++++++++++++++++
2020-06-10 20:24:58,926 [main] INFO  org.mule.lifecycle.AbstractLifecycleManager - Initialising RegistryBroker
2020-06-10 20:24:59,051 [main] INFO  org.mule.module.extension.internal.manager.DefaultExtensionManager - Starting discovery of extensions
2020-06-10 20:24:59,179 [main] INFO  org.mule.module.extension.internal.manager.DefaultExtensionManager - Discovered 1 extensions
2020-06-10 20:24:59,179 [main] INFO  org.mule.module.extension.internal.manager.DefaultExtensionManager - Registering extension validation (version 3.9)
2020-06-10 20:24:59,430 [main] INFO  org.mule.config.spring.MuleArtifactContext - Refreshing org.mule.config.spring.MuleArtifactContext@1b0a7baf: startup date [Wed Jun 10 20:24:59 IST 2020]; root of context hierarchy
2020-06-10 20:25:00,921 [main] INFO  org.mule.config.spring.processors.NoDevkitInjectorProcessor - JSR-330 'javax.inject.Inject' annotation found and supported for autowiring
2020-06-10 20:25:02,310 [main] WARN  org.mule.module.ognl.expression.OgnlExpressionEvaluator - OGNL module is deprecated and will be removed in Mule 4.0. Use MEL expressions instead.
2020-06-10 20:25:02,691 [main] INFO  org.mule.util.journal.TransactionJournal - Using files for tx logs D:\mule-apps\.mule\.\.mule\jms-producer-demo\queue-tx-log\tx1.log and D:\mule-apps\.mule\.\.mule\jms-producer-demo\queue-tx-log\tx2.log
2020-06-10 20:25:02,711 [main] INFO  org.mule.util.journal.TransactionJournal - Using files for tx logs D:\mule-apps\.mule\.\.mule\jms-producer-demo\queue-xa-tx-log\tx1.log and D:\mule-apps\.mule\.\.mule\jms-producer-demo\queue-xa-tx-log\tx2.log
2020-06-10 20:25:02,718 [main] INFO  org.mule.lifecycle.AbstractLifecycleManager - Initialising connector: Active_MQ
2020-06-10 20:25:03,211 [main] INFO  org.mule.lifecycle.AbstractLifecycleManager - Initialising model: _muleSystemModel
2020-06-10 20:25:03,216 [main] INFO  org.mule.construct.FlowConstructLifecycleManager - Initialising flow: jms-demoFlow
2020-06-10 20:25:03,216 [main] INFO  org.mule.exception.DefaultMessagingExceptionStrategy - Initialising exception listener: org.mule.exception.DefaultMessagingExceptionStrategy@16736040
2020-06-10 20:25:03,257 [main] INFO  org.mule.processor.SedaStageLifecycleManager - Initialising service: jms-demoFlow.stage1
2020-06-10 20:25:03,597 [main] INFO  org.mule.config.spring.SpringXmlConfigurationBuilder - Configured Mule using "org.mule.config.spring.SpringXmlConfigurationBuilder" with configuration resource(s): "[ConfigResource{resourceName='D:\mule-apps\.mule\apps\jms-producer-demo\jms-producer-demo.xml'}]"
2020-06-10 20:25:03,597 [main] INFO  org.mule.config.builders.AutoConfigurationBuilder - Configured Mule using "org.mule.config.builders.AutoConfigurationBuilder" with configuration resource(s): "[ConfigResource{resourceName='D:\mule-apps\.mule\apps\jms-producer-demo\jms-producer-demo.xml'}]"
2020-06-10 20:25:03,602 [main] INFO  com.mulesoft.module.policies.lifecyle.GateKeeper - GateKeeper Mode: DISABLED
2020-06-10 20:25:03,605 [main] INFO  org.mule.module.launcher.application.DefaultMuleApplication - 
++++++++++++++++++++++++++++++++++++++++++++++++++++++++++++
+ Starting app 'jms-producer-demo'                         +
++++++++++++++++++++++++++++++++++++++++++++++++++++++++++++
2020-06-10 20:25:03,623 [main] INFO  org.mule.util.queue.QueueXaResourceManager - Starting ResourceManager
2020-06-10 20:25:03,623 [main] INFO  org.mule.util.queue.QueueXaResourceManager - Started ResourceManager
2020-06-10 20:25:03,657 [main] INFO  org.mule.module.http.internal.listener.DefaultHttpListenerConfig - Listening for requests on http://0.0.0.0:8081/jms
2020-06-10 20:25:04,071 [main] INFO  org.mule.transport.jms.activemq.ActiveMQJmsConnector - Connected: ActiveMQJmsConnector
{
  name=Active_MQ
  lifecycle=initialise
  this=67e25252
  numberOfConcurrentTransactedReceivers=4
  createMultipleTransactedReceivers=true
  connected=true
  supportedProtocols=[jms]
  serviceOverrides=<none>
}

2020-06-10 20:25:04,071 [main] INFO  org.mule.transport.jms.activemq.ActiveMQJmsConnector - Starting: ActiveMQJmsConnector
{
  name=Active_MQ
  lifecycle=initialise
  this=67e25252
  numberOfConcurrentTransactedReceivers=4
  createMultipleTransactedReceivers=true
  connected=true
  supportedProtocols=[jms]
  serviceOverrides=<none>
}

2020-06-10 20:25:04,072 [main] INFO  org.mule.lifecycle.AbstractLifecycleManager - Starting connector: Active_MQ
2020-06-10 20:25:04,078 [main] INFO  org.mule.lifecycle.AbstractLifecycleManager - Starting model: _muleSystemModel
2020-06-10 20:25:04,080 [main] INFO  org.mule.construct.FlowConstructLifecycleManager - Starting flow: jms-demoFlow
2020-06-10 20:25:04,081 [main] INFO  org.mule.processor.SedaStageLifecycleManager - Starting service: jms-demoFlow.stage1
2020-06-10 20:25:04,143 [main] INFO  org.mule.module.management.agent.WrapperManagerAgent - This JVM hasn't been launched by the wrapper, the agent will not run.
2020-06-10 20:25:04,168 [main] INFO  org.mule.module.management.agent.AbstractJmxAgent - Registered Connector Service with name Mule.jms-producer-demo:type=Connector,name="Active_MQ"
2020-06-10 20:25:04,172 [main] INFO  org.mule.DefaultMuleContext - 
**********************************************************************
* Application: jms-producer-demo                                     *
* OS encoding: \, Mule encoding: UTF-8                               *
*                                                                    *
* Agents Running:                                                    *
*   Batch module default engine                                      *
*   JMX Agent                                                        *
*   Wrapper Manager                                                  *
**********************************************************************
2020-06-10 20:25:15,085 [[jms-producer-demo].HTTP_Listener_Configuration.worker.01] INFO  org.mule.transport.service.DefaultTransportServiceDescriptor - Loading default outbound transformer: org.mule.transport.jms.transformers.ObjectToJMSMessage
2020-06-10 20:25:15,085 [[jms-producer-demo].HTTP_Listener_Configuration.worker.01] INFO  org.mule.transport.service.DefaultTransportServiceDescriptor - Loading default response transformer: org.mule.transport.jms.transformers.ObjectToJMSMessage
2020-06-10 20:25:15,086 [[jms-producer-demo].HTTP_Listener_Configuration.worker.01] WARN  com.mulesoft.mule.transport.jms.EeJmsMessageDispatcher - Starting patched JmsMessageReceiver
2020-06-10 20:25:15,087 [[jms-producer-demo].HTTP_Listener_Configuration.worker.01] INFO  org.mule.lifecycle.AbstractLifecycleManager - Initialising: 'Active_MQ.dispatcher.398160465'. Object is: EeJmsMessageDispatcher
2020-06-10 20:25:15,089 [[jms-producer-demo].HTTP_Listener_Configuration.worker.01] INFO  org.mule.lifecycle.AbstractLifecycleManager - Starting: 'Active_MQ.dispatcher.398160465'. Object is: EeJmsMessageDispatcher
2020-06-10 20:25:15,295 [[jms-producer-demo].HTTP_Listener_Configuration.worker.01] INFO  org.mule.api.processor.LoggerMessageProcessor - first flow ended
2020-06-10 20:27:48,196 [main] INFO  org.mule.module.launcher.application.DefaultMuleApplication - 
++++++++++++++++++++++++++++++++++++++++++++++++++++++++++++
+ Initializing app 'jms-producer-demo'                     +
++++++++++++++++++++++++++++++++++++++++++++++++++++++++++++
2020-06-10 20:27:48,205 [main] INFO  org.mule.lifecycle.AbstractLifecycleManager - Initialising RegistryBroker
2020-06-10 20:27:48,210 [main] INFO  org.mule.module.extension.internal.manager.DefaultExtensionManager - Starting discovery of extensions
2020-06-10 20:27:48,222 [main] INFO  org.mule.module.extension.internal.manager.DefaultExtensionManager - Discovered 1 extensions
2020-06-10 20:27:48,223 [main] INFO  org.mule.module.extension.internal.manager.DefaultExtensionManager - Registering extension validation (version 3.9)
2020-06-10 20:27:48,225 [main] INFO  org.mule.config.spring.MuleArtifactContext - Refreshing org.mule.config.spring.MuleArtifactContext@4d98e41b: startup date [Wed Jun 10 20:27:48 IST 2020]; root of context hierarchy
2020-06-10 20:27:48,589 [main] INFO  org.mule.config.spring.processors.NoDevkitInjectorProcessor - JSR-330 'javax.inject.Inject' annotation found and supported for autowiring
2020-06-10 20:27:48,854 [main] INFO  org.mule.util.journal.TransactionJournal - Using files for tx logs D:\mule-apps\.mule\.\.mule\jms-producer-demo\queue-tx-log\tx1.log and D:\mule-apps\.mule\.\.mule\jms-producer-demo\queue-tx-log\tx2.log
2020-06-10 20:27:48,856 [main] INFO  org.mule.util.journal.TransactionJournal - Using files for tx logs D:\mule-apps\.mule\.\.mule\jms-producer-demo\queue-xa-tx-log\tx1.log and D:\mule-apps\.mule\.\.mule\jms-producer-demo\queue-xa-tx-log\tx2.log
2020-06-10 20:27:48,859 [main] INFO  org.mule.lifecycle.AbstractLifecycleManager - Initialising connector: Active_MQ
2020-06-10 20:27:48,891 [main] INFO  org.mule.lifecycle.AbstractLifecycleManager - Initialising model: _muleSystemModel
2020-06-10 20:27:48,892 [main] INFO  org.mule.construct.FlowConstructLifecycleManager - Initialising flow: jms-demoFlow
2020-06-10 20:27:48,892 [main] INFO  org.mule.exception.DefaultMessagingExceptionStrategy - Initialising exception listener: org.mule.exception.DefaultMessagingExceptionStrategy@51b87df7
2020-06-10 20:27:48,915 [main] INFO  org.mule.processor.SedaStageLifecycleManager - Initialising service: jms-demoFlow.stage1
2020-06-10 20:27:48,943 [main] INFO  org.mule.config.spring.SpringXmlConfigurationBuilder - Configured Mule using "org.mule.config.spring.SpringXmlConfigurationBuilder" with configuration resource(s): "[ConfigResource{resourceName='D:\mule-apps\.mule\apps\jms-producer-demo\jms-producer-demo.xml'}]"
2020-06-10 20:27:48,943 [main] INFO  org.mule.config.builders.AutoConfigurationBuilder - Configured Mule using "org.mule.config.builders.AutoConfigurationBuilder" with configuration resource(s): "[ConfigResource{resourceName='D:\mule-apps\.mule\apps\jms-producer-demo\jms-producer-demo.xml'}]"
2020-06-10 20:27:48,948 [main] INFO  org.mule.module.launcher.application.DefaultMuleApplication - 
++++++++++++++++++++++++++++++++++++++++++++++++++++++++++++
+ Starting app 'jms-producer-demo'                         +
++++++++++++++++++++++++++++++++++++++++++++++++++++++++++++
2020-06-10 20:27:48,951 [main] INFO  org.mule.util.queue.QueueXaResourceManager - Starting ResourceManager
2020-06-10 20:27:48,952 [main] INFO  org.mule.util.queue.QueueXaResourceManager - Started ResourceManager
2020-06-10 20:27:49,015 [main] INFO  org.mule.module.http.internal.listener.DefaultHttpListenerConfig - Listening for requests on http://0.0.0.0:8081/jms
2020-06-10 20:27:49,445 [main] INFO  org.mule.transport.jms.activemq.ActiveMQJmsConnector - Connected: ActiveMQJmsConnector
{
  name=Active_MQ
  lifecycle=initialise
  this=2a99ca99
  numberOfConcurrentTransactedReceivers=4
  createMultipleTransactedReceivers=true
  connected=true
  supportedProtocols=[jms]
  serviceOverrides=<none>
}

2020-06-10 20:27:49,445 [main] INFO  org.mule.transport.jms.activemq.ActiveMQJmsConnector - Starting: ActiveMQJmsConnector
{
  name=Active_MQ
  lifecycle=initialise
  this=2a99ca99
  numberOfConcurrentTransactedReceivers=4
  createMultipleTransactedReceivers=true
  connected=true
  supportedProtocols=[jms]
  serviceOverrides=<none>
}

2020-06-10 20:27:49,445 [main] INFO  org.mule.lifecycle.AbstractLifecycleManager - Starting connector: Active_MQ
2020-06-10 20:27:49,453 [main] INFO  org.mule.lifecycle.AbstractLifecycleManager - Starting model: _muleSystemModel
2020-06-10 20:27:49,454 [main] INFO  org.mule.construct.FlowConstructLifecycleManager - Starting flow: jms-demoFlow
2020-06-10 20:27:49,454 [main] INFO  org.mule.processor.SedaStageLifecycleManager - Starting service: jms-demoFlow.stage1
2020-06-10 20:27:49,466 [main] INFO  org.mule.module.management.agent.WrapperManagerAgent - This JVM hasn't been launched by the wrapper, the agent will not run.
2020-06-10 20:27:49,473 [main] INFO  org.mule.module.management.agent.AbstractJmxAgent - Registered Connector Service with name Mule.jms-producer-demo:type=Connector,name="Active_MQ"
2020-06-10 20:27:49,475 [main] INFO  org.mule.DefaultMuleContext - 
**********************************************************************
* Application: jms-producer-demo                                     *
* OS encoding: \, Mule encoding: UTF-8                               *
*                                                                    *
* Agents Running:                                                    *
*   Batch module default engine                                      *
*   JMX Agent                                                        *
*   Wrapper Manager                                                  *
**********************************************************************
2020-06-10 20:28:00,707 [[jms-producer-demo].HTTP_Listener_Configuration.worker.01] INFO  org.mule.transport.service.DefaultTransportServiceDescriptor - Loading default outbound transformer: org.mule.transport.jms.transformers.ObjectToJMSMessage
2020-06-10 20:28:00,707 [[jms-producer-demo].HTTP_Listener_Configuration.worker.01] INFO  org.mule.transport.service.DefaultTransportServiceDescriptor - Loading default response transformer: org.mule.transport.jms.transformers.ObjectToJMSMessage
2020-06-10 20:28:00,708 [[jms-producer-demo].HTTP_Listener_Configuration.worker.01] WARN  com.mulesoft.mule.transport.jms.EeJmsMessageDispatcher - Starting patched JmsMessageReceiver
2020-06-10 20:28:00,709 [[jms-producer-demo].HTTP_Listener_Configuration.worker.01] INFO  org.mule.lifecycle.AbstractLifecycleManager - Initialising: 'Active_MQ.dispatcher.31482995'. Object is: EeJmsMessageDispatcher
2020-06-10 20:28:00,709 [[jms-producer-demo].HTTP_Listener_Configuration.worker.01] INFO  org.mule.lifecycle.AbstractLifecycleManager - Starting: 'Active_MQ.dispatcher.31482995'. Object is: EeJmsMessageDispatcher
2020-06-10 20:28:00,851 [[jms-producer-demo].HTTP_Listener_Configuration.worker.01] INFO  org.mule.api.processor.LoggerMessageProcessor - first flow ended
