2020-06-08 09:17:19,292 [main] INFO  org.mule.module.launcher.application.DefaultMuleApplication - 
++++++++++++++++++++++++++++++++++++++++++++++++++++++++++++
+ Initializing app 'maven-with_choice'                     +
++++++++++++++++++++++++++++++++++++++++++++++++++++++++++++
2020-06-08 09:17:19,514 [main] INFO  org.mule.lifecycle.AbstractLifecycleManager - Initialising RegistryBroker
2020-06-08 09:17:19,659 [main] INFO  org.mule.module.extension.internal.manager.DefaultExtensionManager - Starting discovery of extensions
2020-06-08 09:17:19,835 [main] INFO  org.mule.module.extension.internal.manager.DefaultExtensionManager - Discovered 1 extensions
2020-06-08 09:17:19,838 [main] INFO  org.mule.module.extension.internal.manager.DefaultExtensionManager - Registering extension validation (version 3.9)
2020-06-08 09:17:19,906 [main] INFO  org.mule.config.spring.MuleArtifactContext - Refreshing org.mule.config.spring.MuleArtifactContext@681a8b4e: startup date [Mon Jun 08 09:17:19 IST 2020]; root of context hierarchy
2020-06-08 09:17:21,569 [main] INFO  org.mule.config.spring.processors.NoDevkitInjectorProcessor - JSR-330 'javax.inject.Inject' annotation found and supported for autowiring
2020-06-08 09:17:22,579 [main] WARN  org.mule.module.ognl.expression.OgnlExpressionEvaluator - OGNL module is deprecated and will be removed in Mule 4.0. Use MEL expressions instead.
2020-06-08 09:17:22,726 [main] INFO  org.mule.util.journal.TransactionJournal - Using files for tx logs D:\mule-apps\.mule\.\.mule\maven-with_choice\queue-tx-log\tx1.log and D:\mule-apps\.mule\.\.mule\maven-with_choice\queue-tx-log\tx2.log
2020-06-08 09:17:22,792 [main] INFO  org.mule.util.journal.TransactionJournal - Using files for tx logs D:\mule-apps\.mule\.\.mule\maven-with_choice\queue-xa-tx-log\tx1.log and D:\mule-apps\.mule\.\.mule\maven-with_choice\queue-xa-tx-log\tx2.log
2020-06-08 09:17:22,797 [main] INFO  org.mule.lifecycle.AbstractLifecycleManager - Initialising connector: connector.file.mule.default
2020-06-08 09:17:22,878 [main] INFO  org.mule.lifecycle.AbstractLifecycleManager - Initialising model: _muleSystemModel
2020-06-08 09:17:22,885 [main] INFO  org.mule.construct.FlowConstructLifecycleManager - Initialising flow: maven-with_choiceFlow
2020-06-08 09:17:22,886 [main] INFO  org.mule.exception.DefaultMessagingExceptionStrategy - Initialising exception listener: org.mule.exception.DefaultMessagingExceptionStrategy@10dc7d6
2020-06-08 09:17:22,916 [main] INFO  org.mule.processor.SedaStageLifecycleManager - Initialising service: maven-with_choiceFlow.stage1
2020-06-08 09:17:23,230 [main] INFO  org.mule.config.spring.SpringXmlConfigurationBuilder - Configured Mule using "org.mule.config.spring.SpringXmlConfigurationBuilder" with configuration resource(s): "[ConfigResource{resourceName='D:\mule-apps\.mule\apps\maven-with_choice\maven-with_choice.xml'}]"
2020-06-08 09:17:23,231 [main] INFO  org.mule.config.builders.AutoConfigurationBuilder - Configured Mule using "org.mule.config.builders.AutoConfigurationBuilder" with configuration resource(s): "[ConfigResource{resourceName='D:\mule-apps\.mule\apps\maven-with_choice\maven-with_choice.xml'}]"
2020-06-08 09:17:23,234 [main] INFO  org.mule.module.launcher.application.DefaultMuleApplication - 
++++++++++++++++++++++++++++++++++++++++++++++++++++++++++++
+ Starting app 'maven-with_choice'                         +
++++++++++++++++++++++++++++++++++++++++++++++++++++++++++++
2020-06-08 09:17:23,236 [main] INFO  org.mule.util.queue.QueueXaResourceManager - Starting ResourceManager
2020-06-08 09:17:23,238 [main] INFO  org.mule.util.queue.QueueXaResourceManager - Started ResourceManager
2020-06-08 09:17:23,260 [main] INFO  org.mule.transport.file.FileConnector - Connected: FileConnector
{
  name=connector.file.mule.default
  lifecycle=initialise
  this=74d3b638
  numberOfConcurrentTransactedReceivers=4
  createMultipleTransactedReceivers=true
  connected=true
  supportedProtocols=[file]
  serviceOverrides=<none>
}

2020-06-08 09:17:23,260 [main] INFO  org.mule.transport.file.FileConnector - Starting: FileConnector
{
  name=connector.file.mule.default
  lifecycle=initialise
  this=74d3b638
  numberOfConcurrentTransactedReceivers=4
  createMultipleTransactedReceivers=true
  connected=true
  supportedProtocols=[file]
  serviceOverrides=<none>
}

2020-06-08 09:17:23,261 [main] INFO  org.mule.lifecycle.AbstractLifecycleManager - Starting connector: connector.file.mule.default
2020-06-08 09:17:23,265 [main] INFO  org.mule.lifecycle.AbstractLifecycleManager - Starting model: _muleSystemModel
2020-06-08 09:17:23,267 [main] INFO  org.mule.construct.FlowConstructLifecycleManager - Starting flow: maven-with_choiceFlow
2020-06-08 09:17:23,268 [main] INFO  org.mule.processor.SedaStageLifecycleManager - Starting service: maven-with_choiceFlow.stage1
2020-06-08 09:17:23,305 [main] INFO  org.mule.transport.file.FileConnector - Registering listener: maven-with_choiceFlow on endpointUri: file://pp
2020-06-08 09:17:23,330 [main] INFO  org.mule.lifecycle.AbstractLifecycleManager - Initialising: 'null'. Object is: FileMessageReceiver
2020-06-08 09:17:23,335 [main] INFO  org.mule.transport.file.FileMessageReceiver - Connecting clusterizable message receiver
2020-06-08 09:17:23,338 [main] INFO  org.mule.lifecycle.AbstractLifecycleManager - Starting: 'null'. Object is: FileMessageReceiver
2020-06-08 09:17:23,338 [main] INFO  org.mule.transport.file.FileMessageReceiver - Starting clusterizable message receiver
2020-06-08 09:17:23,352 [main] INFO  org.mule.module.management.agent.WrapperManagerAgent - This JVM hasn't been launched by the wrapper, the agent will not run.
2020-06-08 09:17:23,395 [main] INFO  org.mule.module.management.agent.AbstractJmxAgent - Attempting to register service with name: Mule.maven-with_choice:type=Endpoint,service="maven-with_choiceFlow",connector=connector.file.mule.default,name="endpoint.file.pp"
2020-06-08 09:17:23,395 [main] INFO  org.mule.module.management.agent.AbstractJmxAgent - Registered Endpoint Service with name: Mule.maven-with_choice:type=Endpoint,service="maven-with_choiceFlow",connector=connector.file.mule.default,name="endpoint.file.pp"
2020-06-08 09:17:23,397 [main] INFO  org.mule.module.management.agent.AbstractJmxAgent - Registered Connector Service with name Mule.maven-with_choice:type=Connector,name="connector.file.mule.default"
2020-06-08 09:17:23,402 [main] INFO  org.mule.DefaultMuleContext - 
**********************************************************************
* Application: maven-with_choice                                     *
* OS encoding: \, Mule encoding: UTF-8                               *
*                                                                    *
* Agents Running:                                                    *
*   JMX Agent                                                        *
*   Wrapper Manager                                                  *
**********************************************************************
2020-06-08 09:18:45,344 [main] INFO  org.mule.module.launcher.application.DefaultMuleApplication - 
++++++++++++++++++++++++++++++++++++++++++++++++++++++++++++
+ Initializing app 'maven-with_choice'                     +
++++++++++++++++++++++++++++++++++++++++++++++++++++++++++++
2020-06-08 09:18:45,575 [main] INFO  org.mule.lifecycle.AbstractLifecycleManager - Initialising RegistryBroker
2020-06-08 09:18:45,699 [main] INFO  org.mule.module.extension.internal.manager.DefaultExtensionManager - Starting discovery of extensions
2020-06-08 09:18:45,859 [main] INFO  org.mule.module.extension.internal.manager.DefaultExtensionManager - Discovered 1 extensions
2020-06-08 09:18:45,859 [main] INFO  org.mule.module.extension.internal.manager.DefaultExtensionManager - Registering extension validation (version 3.9)
2020-06-08 09:18:45,935 [main] INFO  org.mule.config.spring.MuleArtifactContext - Refreshing org.mule.config.spring.MuleArtifactContext@681a8b4e: startup date [Mon Jun 08 09:18:45 IST 2020]; root of context hierarchy
2020-06-08 09:18:47,661 [main] INFO  org.mule.config.spring.processors.NoDevkitInjectorProcessor - JSR-330 'javax.inject.Inject' annotation found and supported for autowiring
2020-06-08 09:18:48,992 [main] WARN  org.mule.module.ognl.expression.OgnlExpressionEvaluator - OGNL module is deprecated and will be removed in Mule 4.0. Use MEL expressions instead.
2020-06-08 09:18:49,158 [main] INFO  org.mule.util.journal.TransactionJournal - Using files for tx logs D:\mule-apps\.mule\.\.mule\maven-with_choice\queue-tx-log\tx1.log and D:\mule-apps\.mule\.\.mule\maven-with_choice\queue-tx-log\tx2.log
2020-06-08 09:18:49,188 [main] INFO  org.mule.util.journal.TransactionJournal - Using files for tx logs D:\mule-apps\.mule\.\.mule\maven-with_choice\queue-xa-tx-log\tx1.log and D:\mule-apps\.mule\.\.mule\maven-with_choice\queue-xa-tx-log\tx2.log
2020-06-08 09:18:49,194 [main] INFO  org.mule.lifecycle.AbstractLifecycleManager - Initialising connector: connector.file.mule.default
2020-06-08 09:18:49,264 [main] INFO  org.mule.lifecycle.AbstractLifecycleManager - Initialising model: _muleSystemModel
2020-06-08 09:18:49,277 [main] INFO  org.mule.construct.FlowConstructLifecycleManager - Initialising flow: maven-with_choiceFlow
2020-06-08 09:18:49,277 [main] INFO  org.mule.exception.DefaultMessagingExceptionStrategy - Initialising exception listener: org.mule.exception.DefaultMessagingExceptionStrategy@6884f0d9
2020-06-08 09:18:49,316 [main] INFO  org.mule.processor.SedaStageLifecycleManager - Initialising service: maven-with_choiceFlow.stage1
2020-06-08 09:18:49,682 [main] INFO  org.mule.config.spring.SpringXmlConfigurationBuilder - Configured Mule using "org.mule.config.spring.SpringXmlConfigurationBuilder" with configuration resource(s): "[ConfigResource{resourceName='D:\mule-apps\.mule\apps\maven-with_choice\maven-with_choice.xml'}]"
2020-06-08 09:18:49,682 [main] INFO  org.mule.config.builders.AutoConfigurationBuilder - Configured Mule using "org.mule.config.builders.AutoConfigurationBuilder" with configuration resource(s): "[ConfigResource{resourceName='D:\mule-apps\.mule\apps\maven-with_choice\maven-with_choice.xml'}]"
2020-06-08 09:18:49,684 [main] INFO  org.mule.module.launcher.application.DefaultMuleApplication - 
++++++++++++++++++++++++++++++++++++++++++++++++++++++++++++
+ Starting app 'maven-with_choice'                         +
++++++++++++++++++++++++++++++++++++++++++++++++++++++++++++
2020-06-08 09:18:49,686 [main] INFO  org.mule.util.queue.QueueXaResourceManager - Starting ResourceManager
2020-06-08 09:18:49,686 [main] INFO  org.mule.util.queue.QueueXaResourceManager - Started ResourceManager
2020-06-08 09:18:49,710 [main] INFO  org.mule.transport.file.FileConnector - Connected: FileConnector
{
  name=connector.file.mule.default
  lifecycle=initialise
  this=19ee1ae6
  numberOfConcurrentTransactedReceivers=4
  createMultipleTransactedReceivers=true
  connected=true
  supportedProtocols=[file]
  serviceOverrides=<none>
}

2020-06-08 09:18:49,710 [main] INFO  org.mule.transport.file.FileConnector - Starting: FileConnector
{
  name=connector.file.mule.default
  lifecycle=initialise
  this=19ee1ae6
  numberOfConcurrentTransactedReceivers=4
  createMultipleTransactedReceivers=true
  connected=true
  supportedProtocols=[file]
  serviceOverrides=<none>
}

2020-06-08 09:18:49,711 [main] INFO  org.mule.lifecycle.AbstractLifecycleManager - Starting connector: connector.file.mule.default
2020-06-08 09:18:49,719 [main] INFO  org.mule.lifecycle.AbstractLifecycleManager - Starting model: _muleSystemModel
2020-06-08 09:18:49,721 [main] INFO  org.mule.construct.FlowConstructLifecycleManager - Starting flow: maven-with_choiceFlow
2020-06-08 09:18:49,721 [main] INFO  org.mule.processor.SedaStageLifecycleManager - Starting service: maven-with_choiceFlow.stage1
2020-06-08 09:18:49,758 [main] INFO  org.mule.transport.file.FileConnector - Registering listener: maven-with_choiceFlow on endpointUri: file://pp
2020-06-08 09:18:49,792 [main] INFO  org.mule.lifecycle.AbstractLifecycleManager - Initialising: 'null'. Object is: FileMessageReceiver
2020-06-08 09:18:49,806 [main] INFO  org.mule.transport.file.FileMessageReceiver - Connecting clusterizable message receiver
2020-06-08 09:18:49,824 [main] INFO  org.mule.lifecycle.AbstractLifecycleManager - Starting: 'null'. Object is: FileMessageReceiver
2020-06-08 09:18:49,825 [main] INFO  org.mule.transport.file.FileMessageReceiver - Starting clusterizable message receiver
2020-06-08 09:18:49,852 [main] INFO  org.mule.module.management.agent.WrapperManagerAgent - This JVM hasn't been launched by the wrapper, the agent will not run.
2020-06-08 09:18:49,902 [main] INFO  org.mule.module.management.agent.AbstractJmxAgent - Attempting to register service with name: Mule.maven-with_choice:type=Endpoint,service="maven-with_choiceFlow",connector=connector.file.mule.default,name="endpoint.file.pp"
2020-06-08 09:18:49,903 [main] INFO  org.mule.module.management.agent.AbstractJmxAgent - Registered Endpoint Service with name: Mule.maven-with_choice:type=Endpoint,service="maven-with_choiceFlow",connector=connector.file.mule.default,name="endpoint.file.pp"
2020-06-08 09:18:49,905 [main] INFO  org.mule.module.management.agent.AbstractJmxAgent - Registered Connector Service with name Mule.maven-with_choice:type=Connector,name="connector.file.mule.default"
2020-06-08 09:18:49,908 [main] INFO  org.mule.DefaultMuleContext - 
**********************************************************************
* Application: maven-with_choice                                     *
* OS encoding: \, Mule encoding: UTF-8                               *
*                                                                    *
* Agents Running:                                                    *
*   JMX Agent                                                        *
*   Wrapper Manager                                                  *
**********************************************************************
2020-06-08 09:20:45,347 [main] INFO  org.mule.module.launcher.application.DefaultMuleApplication - 
++++++++++++++++++++++++++++++++++++++++++++++++++++++++++++
+ Initializing app 'maven-with_choice'                     +
++++++++++++++++++++++++++++++++++++++++++++++++++++++++++++
2020-06-08 09:20:45,546 [main] INFO  org.mule.lifecycle.AbstractLifecycleManager - Initialising RegistryBroker
2020-06-08 09:20:45,645 [main] INFO  org.mule.module.extension.internal.manager.DefaultExtensionManager - Starting discovery of extensions
2020-06-08 09:20:45,814 [main] INFO  org.mule.module.extension.internal.manager.DefaultExtensionManager - Discovered 1 extensions
2020-06-08 09:20:45,814 [main] INFO  org.mule.module.extension.internal.manager.DefaultExtensionManager - Registering extension validation (version 3.9)
2020-06-08 09:20:45,889 [main] INFO  org.mule.config.spring.MuleArtifactContext - Refreshing org.mule.config.spring.MuleArtifactContext@681a8b4e: startup date [Mon Jun 08 09:20:45 IST 2020]; root of context hierarchy
2020-06-08 09:20:47,276 [main] INFO  org.mule.config.spring.processors.NoDevkitInjectorProcessor - JSR-330 'javax.inject.Inject' annotation found and supported for autowiring
2020-06-08 09:20:48,276 [main] WARN  org.mule.module.ognl.expression.OgnlExpressionEvaluator - OGNL module is deprecated and will be removed in Mule 4.0. Use MEL expressions instead.
2020-06-08 09:20:48,388 [main] INFO  org.mule.util.journal.TransactionJournal - Using files for tx logs D:\mule-apps\.mule\.\.mule\maven-with_choice\queue-tx-log\tx1.log and D:\mule-apps\.mule\.\.mule\maven-with_choice\queue-tx-log\tx2.log
2020-06-08 09:20:48,405 [main] INFO  org.mule.util.journal.TransactionJournal - Using files for tx logs D:\mule-apps\.mule\.\.mule\maven-with_choice\queue-xa-tx-log\tx1.log and D:\mule-apps\.mule\.\.mule\maven-with_choice\queue-xa-tx-log\tx2.log
2020-06-08 09:20:48,410 [main] INFO  org.mule.lifecycle.AbstractLifecycleManager - Initialising connector: connector.file.mule.default
2020-06-08 09:20:48,463 [main] INFO  org.mule.lifecycle.AbstractLifecycleManager - Initialising model: _muleSystemModel
2020-06-08 09:20:48,470 [main] INFO  org.mule.construct.FlowConstructLifecycleManager - Initialising flow: maven-with_choiceFlow
2020-06-08 09:20:48,470 [main] INFO  org.mule.exception.DefaultMessagingExceptionStrategy - Initialising exception listener: org.mule.exception.DefaultMessagingExceptionStrategy@26b95b0b
2020-06-08 09:20:48,495 [main] INFO  org.mule.processor.SedaStageLifecycleManager - Initialising service: maven-with_choiceFlow.stage1
2020-06-08 09:20:48,750 [main] INFO  org.mule.config.spring.SpringXmlConfigurationBuilder - Configured Mule using "org.mule.config.spring.SpringXmlConfigurationBuilder" with configuration resource(s): "[ConfigResource{resourceName='D:\mule-apps\.mule\apps\maven-with_choice\maven-with_choice.xml'}]"
2020-06-08 09:20:48,750 [main] INFO  org.mule.config.builders.AutoConfigurationBuilder - Configured Mule using "org.mule.config.builders.AutoConfigurationBuilder" with configuration resource(s): "[ConfigResource{resourceName='D:\mule-apps\.mule\apps\maven-with_choice\maven-with_choice.xml'}]"
2020-06-08 09:20:48,752 [main] INFO  org.mule.module.launcher.application.DefaultMuleApplication - 
++++++++++++++++++++++++++++++++++++++++++++++++++++++++++++
+ Starting app 'maven-with_choice'                         +
++++++++++++++++++++++++++++++++++++++++++++++++++++++++++++
2020-06-08 09:20:48,754 [main] INFO  org.mule.util.queue.QueueXaResourceManager - Starting ResourceManager
2020-06-08 09:20:48,754 [main] INFO  org.mule.util.queue.QueueXaResourceManager - Started ResourceManager
2020-06-08 09:20:48,771 [main] INFO  org.mule.transport.file.FileConnector - Connected: FileConnector
{
  name=connector.file.mule.default
  lifecycle=initialise
  this=19ee1ae6
  numberOfConcurrentTransactedReceivers=4
  createMultipleTransactedReceivers=true
  connected=true
  supportedProtocols=[file]
  serviceOverrides=<none>
}

2020-06-08 09:20:48,772 [main] INFO  org.mule.transport.file.FileConnector - Starting: FileConnector
{
  name=connector.file.mule.default
  lifecycle=initialise
  this=19ee1ae6
  numberOfConcurrentTransactedReceivers=4
  createMultipleTransactedReceivers=true
  connected=true
  supportedProtocols=[file]
  serviceOverrides=<none>
}

2020-06-08 09:20:48,772 [main] INFO  org.mule.lifecycle.AbstractLifecycleManager - Starting connector: connector.file.mule.default
2020-06-08 09:20:48,778 [main] INFO  org.mule.lifecycle.AbstractLifecycleManager - Starting model: _muleSystemModel
2020-06-08 09:20:48,780 [main] INFO  org.mule.construct.FlowConstructLifecycleManager - Starting flow: maven-with_choiceFlow
2020-06-08 09:20:48,781 [main] INFO  org.mule.processor.SedaStageLifecycleManager - Starting service: maven-with_choiceFlow.stage1
2020-06-08 09:20:48,804 [main] INFO  org.mule.transport.file.FileConnector - Registering listener: maven-with_choiceFlow on endpointUri: file://pp
2020-06-08 09:20:48,831 [main] INFO  org.mule.lifecycle.AbstractLifecycleManager - Initialising: 'null'. Object is: FileMessageReceiver
2020-06-08 09:20:48,837 [main] INFO  org.mule.transport.file.FileMessageReceiver - Connecting clusterizable message receiver
2020-06-08 09:20:48,838 [main] INFO  org.mule.lifecycle.AbstractLifecycleManager - Starting: 'null'. Object is: FileMessageReceiver
2020-06-08 09:20:48,838 [main] INFO  org.mule.transport.file.FileMessageReceiver - Starting clusterizable message receiver
2020-06-08 09:20:48,845 [main] INFO  org.mule.module.management.agent.WrapperManagerAgent - This JVM hasn't been launched by the wrapper, the agent will not run.
2020-06-08 09:20:48,874 [main] INFO  org.mule.module.management.agent.AbstractJmxAgent - Attempting to register service with name: Mule.maven-with_choice:type=Endpoint,service="maven-with_choiceFlow",connector=connector.file.mule.default,name="endpoint.file.pp"
2020-06-08 09:20:48,875 [main] INFO  org.mule.module.management.agent.AbstractJmxAgent - Registered Endpoint Service with name: Mule.maven-with_choice:type=Endpoint,service="maven-with_choiceFlow",connector=connector.file.mule.default,name="endpoint.file.pp"
2020-06-08 09:20:48,876 [main] INFO  org.mule.module.management.agent.AbstractJmxAgent - Registered Connector Service with name Mule.maven-with_choice:type=Connector,name="connector.file.mule.default"
2020-06-08 09:20:48,879 [main] INFO  org.mule.DefaultMuleContext - 
**********************************************************************
* Application: maven-with_choice                                     *
* OS encoding: \, Mule encoding: UTF-8                               *
*                                                                    *
* Agents Running:                                                    *
*   JMX Agent                                                        *
*   Wrapper Manager                                                  *
**********************************************************************
2020-06-08 09:22:03,947 [[maven-with_choice].connector.file.mule.default.receiver.01] ERROR org.mule.exception.DefaultSystemExceptionStrategy - 
********************************************************************************
Message               : Error happened while listing files
--------------------------------------------------------------------------------
Root Exception stack trace:
org.mule.api.MuleRuntimeException: Directory 'D:\mule-apps\maven-with_choice\pp' does not exist
	at org.mule.transport.file.FileMessageReceiver.basicListFiles(FileMessageReceiver.java:719)
	at org.mule.transport.file.FileMessageReceiver.listFiles(FileMessageReceiver.java:701)
	at org.mule.transport.file.FileMessageReceiver.poll(FileMessageReceiver.java:193)
	at org.mule.transport.AbstractPollingMessageReceiver.performPoll(AbstractPollingMessageReceiver.java:216)
	at org.mule.transport.PollingReceiverWorker.poll(PollingReceiverWorker.java:84)
	at org.mule.transport.PollingReceiverWorker.run(PollingReceiverWorker.java:48)
	at org.mule.transport.TrackingWorkManager$TrackeableWork.run(TrackingWorkManager.java:267)
	at org.mule.work.WorkerContext.run(WorkerContext.java:301)
	at java.util.concurrent.ThreadPoolExecutor.runWorker(ThreadPoolExecutor.java:1149)
	at java.util.concurrent.ThreadPoolExecutor$Worker.run(ThreadPoolExecutor.java:624)
	at java.lang.Thread.run(Thread.java:748)

********************************************************************************

2020-06-08 09:22:04,935 [[maven-with_choice].connector.file.mule.default.receiver.01] ERROR org.mule.exception.DefaultSystemExceptionStrategy - 
********************************************************************************
Message               : Error happened while listing files
--------------------------------------------------------------------------------
Root Exception stack trace:
org.mule.api.MuleRuntimeException: Directory 'D:\mule-apps\maven-with_choice\pp' does not exist
	at org.mule.transport.file.FileMessageReceiver.basicListFiles(FileMessageReceiver.java:719)
	at org.mule.transport.file.FileMessageReceiver.listFiles(FileMessageReceiver.java:701)
	at org.mule.transport.file.FileMessageReceiver.poll(FileMessageReceiver.java:193)
	at org.mule.transport.AbstractPollingMessageReceiver.performPoll(AbstractPollingMessageReceiver.java:216)
	at org.mule.transport.PollingReceiverWorker.poll(PollingReceiverWorker.java:84)
	at org.mule.transport.PollingReceiverWorker.run(PollingReceiverWorker.java:48)
	at org.mule.transport.TrackingWorkManager$TrackeableWork.run(TrackingWorkManager.java:267)
	at org.mule.work.WorkerContext.run(WorkerContext.java:301)
	at java.util.concurrent.ThreadPoolExecutor.runWorker(ThreadPoolExecutor.java:1149)
	at java.util.concurrent.ThreadPoolExecutor$Worker.run(ThreadPoolExecutor.java:624)
	at java.lang.Thread.run(Thread.java:748)

********************************************************************************

2020-06-08 09:22:05,936 [[maven-with_choice].connector.file.mule.default.receiver.01] ERROR org.mule.exception.DefaultSystemExceptionStrategy - 
********************************************************************************
Message               : Error happened while listing files
--------------------------------------------------------------------------------
Root Exception stack trace:
org.mule.api.MuleRuntimeException: Directory 'D:\mule-apps\maven-with_choice\pp' does not exist
	at org.mule.transport.file.FileMessageReceiver.basicListFiles(FileMessageReceiver.java:719)
	at org.mule.transport.file.FileMessageReceiver.listFiles(FileMessageReceiver.java:701)
	at org.mule.transport.file.FileMessageReceiver.poll(FileMessageReceiver.java:193)
	at org.mule.transport.AbstractPollingMessageReceiver.performPoll(AbstractPollingMessageReceiver.java:216)
	at org.mule.transport.PollingReceiverWorker.poll(PollingReceiverWorker.java:84)
	at org.mule.transport.PollingReceiverWorker.run(PollingReceiverWorker.java:48)
	at org.mule.transport.TrackingWorkManager$TrackeableWork.run(TrackingWorkManager.java:267)
	at org.mule.work.WorkerContext.run(WorkerContext.java:301)
	at java.util.concurrent.ThreadPoolExecutor.runWorker(ThreadPoolExecutor.java:1149)
	at java.util.concurrent.ThreadPoolExecutor$Worker.run(ThreadPoolExecutor.java:624)
	at java.lang.Thread.run(Thread.java:748)

********************************************************************************

2020-06-08 09:22:06,937 [[maven-with_choice].connector.file.mule.default.receiver.01] ERROR org.mule.exception.DefaultSystemExceptionStrategy - 
********************************************************************************
Message               : Error happened while listing files
--------------------------------------------------------------------------------
Root Exception stack trace:
org.mule.api.MuleRuntimeException: Directory 'D:\mule-apps\maven-with_choice\pp' does not exist
	at org.mule.transport.file.FileMessageReceiver.basicListFiles(FileMessageReceiver.java:719)
	at org.mule.transport.file.FileMessageReceiver.listFiles(FileMessageReceiver.java:701)
	at org.mule.transport.file.FileMessageReceiver.poll(FileMessageReceiver.java:193)
	at org.mule.transport.AbstractPollingMessageReceiver.performPoll(AbstractPollingMessageReceiver.java:216)
	at org.mule.transport.PollingReceiverWorker.poll(PollingReceiverWorker.java:84)
	at org.mule.transport.PollingReceiverWorker.run(PollingReceiverWorker.java:48)
	at org.mule.transport.TrackingWorkManager$TrackeableWork.run(TrackingWorkManager.java:267)
	at org.mule.work.WorkerContext.run(WorkerContext.java:301)
	at java.util.concurrent.ThreadPoolExecutor.runWorker(ThreadPoolExecutor.java:1149)
	at java.util.concurrent.ThreadPoolExecutor$Worker.run(ThreadPoolExecutor.java:624)
	at java.lang.Thread.run(Thread.java:748)

********************************************************************************

2020-06-08 09:22:07,939 [[maven-with_choice].connector.file.mule.default.receiver.01] ERROR org.mule.exception.DefaultSystemExceptionStrategy - 
********************************************************************************
Message               : Error happened while listing files
--------------------------------------------------------------------------------
Root Exception stack trace:
org.mule.api.MuleRuntimeException: Directory 'D:\mule-apps\maven-with_choice\pp' does not exist
	at org.mule.transport.file.FileMessageReceiver.basicListFiles(FileMessageReceiver.java:719)
	at org.mule.transport.file.FileMessageReceiver.listFiles(FileMessageReceiver.java:701)
	at org.mule.transport.file.FileMessageReceiver.poll(FileMessageReceiver.java:193)
	at org.mule.transport.AbstractPollingMessageReceiver.performPoll(AbstractPollingMessageReceiver.java:216)
	at org.mule.transport.PollingReceiverWorker.poll(PollingReceiverWorker.java:84)
	at org.mule.transport.PollingReceiverWorker.run(PollingReceiverWorker.java:48)
	at org.mule.transport.TrackingWorkManager$TrackeableWork.run(TrackingWorkManager.java:267)
	at org.mule.work.WorkerContext.run(WorkerContext.java:301)
	at java.util.concurrent.ThreadPoolExecutor.runWorker(ThreadPoolExecutor.java:1149)
	at java.util.concurrent.ThreadPoolExecutor$Worker.run(ThreadPoolExecutor.java:624)
	at java.lang.Thread.run(Thread.java:748)

********************************************************************************

2020-06-08 09:22:08,940 [[maven-with_choice].connector.file.mule.default.receiver.01] ERROR org.mule.exception.DefaultSystemExceptionStrategy - 
********************************************************************************
Message               : Error happened while listing files
--------------------------------------------------------------------------------
Root Exception stack trace:
org.mule.api.MuleRuntimeException: Directory 'D:\mule-apps\maven-with_choice\pp' does not exist
	at org.mule.transport.file.FileMessageReceiver.basicListFiles(FileMessageReceiver.java:719)
	at org.mule.transport.file.FileMessageReceiver.listFiles(FileMessageReceiver.java:701)
	at org.mule.transport.file.FileMessageReceiver.poll(FileMessageReceiver.java:193)
	at org.mule.transport.AbstractPollingMessageReceiver.performPoll(AbstractPollingMessageReceiver.java:216)
	at org.mule.transport.PollingReceiverWorker.poll(PollingReceiverWorker.java:84)
	at org.mule.transport.PollingReceiverWorker.run(PollingReceiverWorker.java:48)
	at org.mule.transport.TrackingWorkManager$TrackeableWork.run(TrackingWorkManager.java:267)
	at org.mule.work.WorkerContext.run(WorkerContext.java:301)
	at java.util.concurrent.ThreadPoolExecutor.runWorker(ThreadPoolExecutor.java:1149)
	at java.util.concurrent.ThreadPoolExecutor$Worker.run(ThreadPoolExecutor.java:624)
	at java.lang.Thread.run(Thread.java:748)

********************************************************************************

2020-06-08 09:22:09,941 [[maven-with_choice].connector.file.mule.default.receiver.01] ERROR org.mule.exception.DefaultSystemExceptionStrategy - 
********************************************************************************
Message               : Error happened while listing files
--------------------------------------------------------------------------------
Root Exception stack trace:
org.mule.api.MuleRuntimeException: Directory 'D:\mule-apps\maven-with_choice\pp' does not exist
	at org.mule.transport.file.FileMessageReceiver.basicListFiles(FileMessageReceiver.java:719)
	at org.mule.transport.file.FileMessageReceiver.listFiles(FileMessageReceiver.java:701)
	at org.mule.transport.file.FileMessageReceiver.poll(FileMessageReceiver.java:193)
	at org.mule.transport.AbstractPollingMessageReceiver.performPoll(AbstractPollingMessageReceiver.java:216)
	at org.mule.transport.PollingReceiverWorker.poll(PollingReceiverWorker.java:84)
	at org.mule.transport.PollingReceiverWorker.run(PollingReceiverWorker.java:48)
	at org.mule.transport.TrackingWorkManager$TrackeableWork.run(TrackingWorkManager.java:267)
	at org.mule.work.WorkerContext.run(WorkerContext.java:301)
	at java.util.concurrent.ThreadPoolExecutor.runWorker(ThreadPoolExecutor.java:1149)
	at java.util.concurrent.ThreadPoolExecutor$Worker.run(ThreadPoolExecutor.java:624)
	at java.lang.Thread.run(Thread.java:748)

********************************************************************************

2020-06-08 09:22:10,971 [[maven-with_choice].connector.file.mule.default.receiver.01] ERROR org.mule.exception.DefaultSystemExceptionStrategy - 
********************************************************************************
Message               : Error happened while listing files
--------------------------------------------------------------------------------
Root Exception stack trace:
org.mule.api.MuleRuntimeException: Directory 'D:\mule-apps\maven-with_choice\pp' does not exist
	at org.mule.transport.file.FileMessageReceiver.basicListFiles(FileMessageReceiver.java:719)
	at org.mule.transport.file.FileMessageReceiver.listFiles(FileMessageReceiver.java:701)
	at org.mule.transport.file.FileMessageReceiver.poll(FileMessageReceiver.java:193)
	at org.mule.transport.AbstractPollingMessageReceiver.performPoll(AbstractPollingMessageReceiver.java:216)
	at org.mule.transport.PollingReceiverWorker.poll(PollingReceiverWorker.java:84)
	at org.mule.transport.PollingReceiverWorker.run(PollingReceiverWorker.java:48)
	at org.mule.transport.TrackingWorkManager$TrackeableWork.run(TrackingWorkManager.java:267)
	at org.mule.work.WorkerContext.run(WorkerContext.java:301)
	at java.util.concurrent.ThreadPoolExecutor.runWorker(ThreadPoolExecutor.java:1149)
	at java.util.concurrent.ThreadPoolExecutor$Worker.run(ThreadPoolExecutor.java:624)
	at java.lang.Thread.run(Thread.java:748)

********************************************************************************

2020-06-08 09:22:11,943 [[maven-with_choice].connector.file.mule.default.receiver.01] ERROR org.mule.exception.DefaultSystemExceptionStrategy - 
********************************************************************************
Message               : Error happened while listing files
--------------------------------------------------------------------------------
Root Exception stack trace:
org.mule.api.MuleRuntimeException: Directory 'D:\mule-apps\maven-with_choice\pp' does not exist
	at org.mule.transport.file.FileMessageReceiver.basicListFiles(FileMessageReceiver.java:719)
	at org.mule.transport.file.FileMessageReceiver.listFiles(FileMessageReceiver.java:701)
	at org.mule.transport.file.FileMessageReceiver.poll(FileMessageReceiver.java:193)
	at org.mule.transport.AbstractPollingMessageReceiver.performPoll(AbstractPollingMessageReceiver.java:216)
	at org.mule.transport.PollingReceiverWorker.poll(PollingReceiverWorker.java:84)
	at org.mule.transport.PollingReceiverWorker.run(PollingReceiverWorker.java:48)
	at org.mule.transport.TrackingWorkManager$TrackeableWork.run(TrackingWorkManager.java:267)
	at org.mule.work.WorkerContext.run(WorkerContext.java:301)
	at java.util.concurrent.ThreadPoolExecutor.runWorker(ThreadPoolExecutor.java:1149)
	at java.util.concurrent.ThreadPoolExecutor$Worker.run(ThreadPoolExecutor.java:624)
	at java.lang.Thread.run(Thread.java:748)

********************************************************************************

2020-06-08 09:22:12,943 [[maven-with_choice].connector.file.mule.default.receiver.01] ERROR org.mule.exception.DefaultSystemExceptionStrategy - 
********************************************************************************
Message               : Error happened while listing files
--------------------------------------------------------------------------------
Root Exception stack trace:
org.mule.api.MuleRuntimeException: Directory 'D:\mule-apps\maven-with_choice\pp' does not exist
	at org.mule.transport.file.FileMessageReceiver.basicListFiles(FileMessageReceiver.java:719)
	at org.mule.transport.file.FileMessageReceiver.listFiles(FileMessageReceiver.java:701)
	at org.mule.transport.file.FileMessageReceiver.poll(FileMessageReceiver.java:193)
	at org.mule.transport.AbstractPollingMessageReceiver.performPoll(AbstractPollingMessageReceiver.java:216)
	at org.mule.transport.PollingReceiverWorker.poll(PollingReceiverWorker.java:84)
	at org.mule.transport.PollingReceiverWorker.run(PollingReceiverWorker.java:48)
	at org.mule.transport.TrackingWorkManager$TrackeableWork.run(TrackingWorkManager.java:267)
	at org.mule.work.WorkerContext.run(WorkerContext.java:301)
	at java.util.concurrent.ThreadPoolExecutor.runWorker(ThreadPoolExecutor.java:1149)
	at java.util.concurrent.ThreadPoolExecutor$Worker.run(ThreadPoolExecutor.java:624)
	at java.lang.Thread.run(Thread.java:748)

********************************************************************************

2020-06-08 09:22:13,946 [[maven-with_choice].connector.file.mule.default.receiver.01] ERROR org.mule.exception.DefaultSystemExceptionStrategy - 
********************************************************************************
Message               : Error happened while listing files
--------------------------------------------------------------------------------
Root Exception stack trace:
org.mule.api.MuleRuntimeException: Directory 'D:\mule-apps\maven-with_choice\pp' does not exist
	at org.mule.transport.file.FileMessageReceiver.basicListFiles(FileMessageReceiver.java:719)
	at org.mule.transport.file.FileMessageReceiver.listFiles(FileMessageReceiver.java:701)
	at org.mule.transport.file.FileMessageReceiver.poll(FileMessageReceiver.java:193)
	at org.mule.transport.AbstractPollingMessageReceiver.performPoll(AbstractPollingMessageReceiver.java:216)
	at org.mule.transport.PollingReceiverWorker.poll(PollingReceiverWorker.java:84)
	at org.mule.transport.PollingReceiverWorker.run(PollingReceiverWorker.java:48)
	at org.mule.transport.TrackingWorkManager$TrackeableWork.run(TrackingWorkManager.java:267)
	at org.mule.work.WorkerContext.run(WorkerContext.java:301)
	at java.util.concurrent.ThreadPoolExecutor.runWorker(ThreadPoolExecutor.java:1149)
	at java.util.concurrent.ThreadPoolExecutor$Worker.run(ThreadPoolExecutor.java:624)
	at java.lang.Thread.run(Thread.java:748)

********************************************************************************

2020-06-08 09:22:14,946 [[maven-with_choice].connector.file.mule.default.receiver.01] ERROR org.mule.exception.DefaultSystemExceptionStrategy - 
********************************************************************************
Message               : Error happened while listing files
--------------------------------------------------------------------------------
Root Exception stack trace:
org.mule.api.MuleRuntimeException: Directory 'D:\mule-apps\maven-with_choice\pp' does not exist
	at org.mule.transport.file.FileMessageReceiver.basicListFiles(FileMessageReceiver.java:719)
	at org.mule.transport.file.FileMessageReceiver.listFiles(FileMessageReceiver.java:701)
	at org.mule.transport.file.FileMessageReceiver.poll(FileMessageReceiver.java:193)
	at org.mule.transport.AbstractPollingMessageReceiver.performPoll(AbstractPollingMessageReceiver.java:216)
	at org.mule.transport.PollingReceiverWorker.poll(PollingReceiverWorker.java:84)
	at org.mule.transport.PollingReceiverWorker.run(PollingReceiverWorker.java:48)
	at org.mule.transport.TrackingWorkManager$TrackeableWork.run(TrackingWorkManager.java:267)
	at org.mule.work.WorkerContext.run(WorkerContext.java:301)
	at java.util.concurrent.ThreadPoolExecutor.runWorker(ThreadPoolExecutor.java:1149)
	at java.util.concurrent.ThreadPoolExecutor$Worker.run(ThreadPoolExecutor.java:624)
	at java.lang.Thread.run(Thread.java:748)

********************************************************************************

2020-06-08 09:22:15,946 [[maven-with_choice].connector.file.mule.default.receiver.01] ERROR org.mule.exception.DefaultSystemExceptionStrategy - 
********************************************************************************
Message               : Error happened while listing files
--------------------------------------------------------------------------------
Root Exception stack trace:
org.mule.api.MuleRuntimeException: Directory 'D:\mule-apps\maven-with_choice\pp' does not exist
	at org.mule.transport.file.FileMessageReceiver.basicListFiles(FileMessageReceiver.java:719)
	at org.mule.transport.file.FileMessageReceiver.listFiles(FileMessageReceiver.java:701)
	at org.mule.transport.file.FileMessageReceiver.poll(FileMessageReceiver.java:193)
	at org.mule.transport.AbstractPollingMessageReceiver.performPoll(AbstractPollingMessageReceiver.java:216)
	at org.mule.transport.PollingReceiverWorker.poll(PollingReceiverWorker.java:84)
	at org.mule.transport.PollingReceiverWorker.run(PollingReceiverWorker.java:48)
	at org.mule.transport.TrackingWorkManager$TrackeableWork.run(TrackingWorkManager.java:267)
	at org.mule.work.WorkerContext.run(WorkerContext.java:301)
	at java.util.concurrent.ThreadPoolExecutor.runWorker(ThreadPoolExecutor.java:1149)
	at java.util.concurrent.ThreadPoolExecutor$Worker.run(ThreadPoolExecutor.java:624)
	at java.lang.Thread.run(Thread.java:748)

********************************************************************************

2020-06-08 09:22:16,948 [[maven-with_choice].connector.file.mule.default.receiver.01] ERROR org.mule.exception.DefaultSystemExceptionStrategy - 
********************************************************************************
Message               : Error happened while listing files
--------------------------------------------------------------------------------
Root Exception stack trace:
org.mule.api.MuleRuntimeException: Directory 'D:\mule-apps\maven-with_choice\pp' does not exist
	at org.mule.transport.file.FileMessageReceiver.basicListFiles(FileMessageReceiver.java:719)
	at org.mule.transport.file.FileMessageReceiver.listFiles(FileMessageReceiver.java:701)
	at org.mule.transport.file.FileMessageReceiver.poll(FileMessageReceiver.java:193)
	at org.mule.transport.AbstractPollingMessageReceiver.performPoll(AbstractPollingMessageReceiver.java:216)
	at org.mule.transport.PollingReceiverWorker.poll(PollingReceiverWorker.java:84)
	at org.mule.transport.PollingReceiverWorker.run(PollingReceiverWorker.java:48)
	at org.mule.transport.TrackingWorkManager$TrackeableWork.run(TrackingWorkManager.java:267)
	at org.mule.work.WorkerContext.run(WorkerContext.java:301)
	at java.util.concurrent.ThreadPoolExecutor.runWorker(ThreadPoolExecutor.java:1149)
	at java.util.concurrent.ThreadPoolExecutor$Worker.run(ThreadPoolExecutor.java:624)
	at java.lang.Thread.run(Thread.java:748)

********************************************************************************

2020-06-08 09:22:17,949 [[maven-with_choice].connector.file.mule.default.receiver.01] ERROR org.mule.exception.DefaultSystemExceptionStrategy - 
********************************************************************************
Message               : Error happened while listing files
--------------------------------------------------------------------------------
Root Exception stack trace:
org.mule.api.MuleRuntimeException: Directory 'D:\mule-apps\maven-with_choice\pp' does not exist
	at org.mule.transport.file.FileMessageReceiver.basicListFiles(FileMessageReceiver.java:719)
	at org.mule.transport.file.FileMessageReceiver.listFiles(FileMessageReceiver.java:701)
	at org.mule.transport.file.FileMessageReceiver.poll(FileMessageReceiver.java:193)
	at org.mule.transport.AbstractPollingMessageReceiver.performPoll(AbstractPollingMessageReceiver.java:216)
	at org.mule.transport.PollingReceiverWorker.poll(PollingReceiverWorker.java:84)
	at org.mule.transport.PollingReceiverWorker.run(PollingReceiverWorker.java:48)
	at org.mule.transport.TrackingWorkManager$TrackeableWork.run(TrackingWorkManager.java:267)
	at org.mule.work.WorkerContext.run(WorkerContext.java:301)
	at java.util.concurrent.ThreadPoolExecutor.runWorker(ThreadPoolExecutor.java:1149)
	at java.util.concurrent.ThreadPoolExecutor$Worker.run(ThreadPoolExecutor.java:624)
	at java.lang.Thread.run(Thread.java:748)

********************************************************************************

2020-06-08 09:22:18,952 [[maven-with_choice].connector.file.mule.default.receiver.01] ERROR org.mule.exception.DefaultSystemExceptionStrategy - 
********************************************************************************
Message               : Error happened while listing files
--------------------------------------------------------------------------------
Root Exception stack trace:
org.mule.api.MuleRuntimeException: Directory 'D:\mule-apps\maven-with_choice\pp' does not exist
	at org.mule.transport.file.FileMessageReceiver.basicListFiles(FileMessageReceiver.java:719)
	at org.mule.transport.file.FileMessageReceiver.listFiles(FileMessageReceiver.java:701)
	at org.mule.transport.file.FileMessageReceiver.poll(FileMessageReceiver.java:193)
	at org.mule.transport.AbstractPollingMessageReceiver.performPoll(AbstractPollingMessageReceiver.java:216)
	at org.mule.transport.PollingReceiverWorker.poll(PollingReceiverWorker.java:84)
	at org.mule.transport.PollingReceiverWorker.run(PollingReceiverWorker.java:48)
	at org.mule.transport.TrackingWorkManager$TrackeableWork.run(TrackingWorkManager.java:267)
	at org.mule.work.WorkerContext.run(WorkerContext.java:301)
	at java.util.concurrent.ThreadPoolExecutor.runWorker(ThreadPoolExecutor.java:1149)
	at java.util.concurrent.ThreadPoolExecutor$Worker.run(ThreadPoolExecutor.java:624)
	at java.lang.Thread.run(Thread.java:748)

********************************************************************************

2020-06-08 09:22:19,952 [[maven-with_choice].connector.file.mule.default.receiver.01] ERROR org.mule.exception.DefaultSystemExceptionStrategy - 
********************************************************************************
Message               : Error happened while listing files
--------------------------------------------------------------------------------
Root Exception stack trace:
org.mule.api.MuleRuntimeException: Directory 'D:\mule-apps\maven-with_choice\pp' does not exist
	at org.mule.transport.file.FileMessageReceiver.basicListFiles(FileMessageReceiver.java:719)
	at org.mule.transport.file.FileMessageReceiver.listFiles(FileMessageReceiver.java:701)
	at org.mule.transport.file.FileMessageReceiver.poll(FileMessageReceiver.java:193)
	at org.mule.transport.AbstractPollingMessageReceiver.performPoll(AbstractPollingMessageReceiver.java:216)
	at org.mule.transport.PollingReceiverWorker.poll(PollingReceiverWorker.java:84)
	at org.mule.transport.PollingReceiverWorker.run(PollingReceiverWorker.java:48)
	at org.mule.transport.TrackingWorkManager$TrackeableWork.run(TrackingWorkManager.java:267)
	at org.mule.work.WorkerContext.run(WorkerContext.java:301)
	at java.util.concurrent.ThreadPoolExecutor.runWorker(ThreadPoolExecutor.java:1149)
	at java.util.concurrent.ThreadPoolExecutor$Worker.run(ThreadPoolExecutor.java:624)
	at java.lang.Thread.run(Thread.java:748)

********************************************************************************

2020-06-08 09:22:20,953 [[maven-with_choice].connector.file.mule.default.receiver.01] ERROR org.mule.exception.DefaultSystemExceptionStrategy - 
********************************************************************************
Message               : Error happened while listing files
--------------------------------------------------------------------------------
Root Exception stack trace:
org.mule.api.MuleRuntimeException: Directory 'D:\mule-apps\maven-with_choice\pp' does not exist
	at org.mule.transport.file.FileMessageReceiver.basicListFiles(FileMessageReceiver.java:719)
	at org.mule.transport.file.FileMessageReceiver.listFiles(FileMessageReceiver.java:701)
	at org.mule.transport.file.FileMessageReceiver.poll(FileMessageReceiver.java:193)
	at org.mule.transport.AbstractPollingMessageReceiver.performPoll(AbstractPollingMessageReceiver.java:216)
	at org.mule.transport.PollingReceiverWorker.poll(PollingReceiverWorker.java:84)
	at org.mule.transport.PollingReceiverWorker.run(PollingReceiverWorker.java:48)
	at org.mule.transport.TrackingWorkManager$TrackeableWork.run(TrackingWorkManager.java:267)
	at org.mule.work.WorkerContext.run(WorkerContext.java:301)
	at java.util.concurrent.ThreadPoolExecutor.runWorker(ThreadPoolExecutor.java:1149)
	at java.util.concurrent.ThreadPoolExecutor$Worker.run(ThreadPoolExecutor.java:624)
	at java.lang.Thread.run(Thread.java:748)

********************************************************************************

2020-06-08 09:22:21,953 [[maven-with_choice].connector.file.mule.default.receiver.01] ERROR org.mule.exception.DefaultSystemExceptionStrategy - 
********************************************************************************
Message               : Error happened while listing files
--------------------------------------------------------------------------------
Root Exception stack trace:
org.mule.api.MuleRuntimeException: Directory 'D:\mule-apps\maven-with_choice\pp' does not exist
	at org.mule.transport.file.FileMessageReceiver.basicListFiles(FileMessageReceiver.java:719)
	at org.mule.transport.file.FileMessageReceiver.listFiles(FileMessageReceiver.java:701)
	at org.mule.transport.file.FileMessageReceiver.poll(FileMessageReceiver.java:193)
	at org.mule.transport.AbstractPollingMessageReceiver.performPoll(AbstractPollingMessageReceiver.java:216)
	at org.mule.transport.PollingReceiverWorker.poll(PollingReceiverWorker.java:84)
	at org.mule.transport.PollingReceiverWorker.run(PollingReceiverWorker.java:48)
	at org.mule.transport.TrackingWorkManager$TrackeableWork.run(TrackingWorkManager.java:267)
	at org.mule.work.WorkerContext.run(WorkerContext.java:301)
	at java.util.concurrent.ThreadPoolExecutor.runWorker(ThreadPoolExecutor.java:1149)
	at java.util.concurrent.ThreadPoolExecutor$Worker.run(ThreadPoolExecutor.java:624)
	at java.lang.Thread.run(Thread.java:748)

********************************************************************************

2020-06-08 09:22:22,953 [[maven-with_choice].connector.file.mule.default.receiver.01] ERROR org.mule.exception.DefaultSystemExceptionStrategy - 
********************************************************************************
Message               : Error happened while listing files
--------------------------------------------------------------------------------
Root Exception stack trace:
org.mule.api.MuleRuntimeException: Directory 'D:\mule-apps\maven-with_choice\pp' does not exist
	at org.mule.transport.file.FileMessageReceiver.basicListFiles(FileMessageReceiver.java:719)
	at org.mule.transport.file.FileMessageReceiver.listFiles(FileMessageReceiver.java:701)
	at org.mule.transport.file.FileMessageReceiver.poll(FileMessageReceiver.java:193)
	at org.mule.transport.AbstractPollingMessageReceiver.performPoll(AbstractPollingMessageReceiver.java:216)
	at org.mule.transport.PollingReceiverWorker.poll(PollingReceiverWorker.java:84)
	at org.mule.transport.PollingReceiverWorker.run(PollingReceiverWorker.java:48)
	at org.mule.transport.TrackingWorkManager$TrackeableWork.run(TrackingWorkManager.java:267)
	at org.mule.work.WorkerContext.run(WorkerContext.java:301)
	at java.util.concurrent.ThreadPoolExecutor.runWorker(ThreadPoolExecutor.java:1149)
	at java.util.concurrent.ThreadPoolExecutor$Worker.run(ThreadPoolExecutor.java:624)
	at java.lang.Thread.run(Thread.java:748)

********************************************************************************

2020-06-08 09:22:23,956 [[maven-with_choice].connector.file.mule.default.receiver.01] ERROR org.mule.exception.DefaultSystemExceptionStrategy - 
********************************************************************************
Message               : Error happened while listing files
--------------------------------------------------------------------------------
Root Exception stack trace:
org.mule.api.MuleRuntimeException: Directory 'D:\mule-apps\maven-with_choice\pp' does not exist
	at org.mule.transport.file.FileMessageReceiver.basicListFiles(FileMessageReceiver.java:719)
	at org.mule.transport.file.FileMessageReceiver.listFiles(FileMessageReceiver.java:701)
	at org.mule.transport.file.FileMessageReceiver.poll(FileMessageReceiver.java:193)
	at org.mule.transport.AbstractPollingMessageReceiver.performPoll(AbstractPollingMessageReceiver.java:216)
	at org.mule.transport.PollingReceiverWorker.poll(PollingReceiverWorker.java:84)
	at org.mule.transport.PollingReceiverWorker.run(PollingReceiverWorker.java:48)
	at org.mule.transport.TrackingWorkManager$TrackeableWork.run(TrackingWorkManager.java:267)
	at org.mule.work.WorkerContext.run(WorkerContext.java:301)
	at java.util.concurrent.ThreadPoolExecutor.runWorker(ThreadPoolExecutor.java:1149)
	at java.util.concurrent.ThreadPoolExecutor$Worker.run(ThreadPoolExecutor.java:624)
	at java.lang.Thread.run(Thread.java:748)

********************************************************************************

2020-06-08 09:22:24,957 [[maven-with_choice].connector.file.mule.default.receiver.01] ERROR org.mule.exception.DefaultSystemExceptionStrategy - 
********************************************************************************
Message               : Error happened while listing files
--------------------------------------------------------------------------------
Root Exception stack trace:
org.mule.api.MuleRuntimeException: Directory 'D:\mule-apps\maven-with_choice\pp' does not exist
	at org.mule.transport.file.FileMessageReceiver.basicListFiles(FileMessageReceiver.java:719)
	at org.mule.transport.file.FileMessageReceiver.listFiles(FileMessageReceiver.java:701)
	at org.mule.transport.file.FileMessageReceiver.poll(FileMessageReceiver.java:193)
	at org.mule.transport.AbstractPollingMessageReceiver.performPoll(AbstractPollingMessageReceiver.java:216)
	at org.mule.transport.PollingReceiverWorker.poll(PollingReceiverWorker.java:84)
	at org.mule.transport.PollingReceiverWorker.run(PollingReceiverWorker.java:48)
	at org.mule.transport.TrackingWorkManager$TrackeableWork.run(TrackingWorkManager.java:267)
	at org.mule.work.WorkerContext.run(WorkerContext.java:301)
	at java.util.concurrent.ThreadPoolExecutor.runWorker(ThreadPoolExecutor.java:1149)
	at java.util.concurrent.ThreadPoolExecutor$Worker.run(ThreadPoolExecutor.java:624)
	at java.lang.Thread.run(Thread.java:748)

********************************************************************************

2020-06-08 09:22:25,958 [[maven-with_choice].connector.file.mule.default.receiver.01] ERROR org.mule.exception.DefaultSystemExceptionStrategy - 
********************************************************************************
Message               : Error happened while listing files
--------------------------------------------------------------------------------
Root Exception stack trace:
org.mule.api.MuleRuntimeException: Directory 'D:\mule-apps\maven-with_choice\pp' does not exist
	at org.mule.transport.file.FileMessageReceiver.basicListFiles(FileMessageReceiver.java:719)
	at org.mule.transport.file.FileMessageReceiver.listFiles(FileMessageReceiver.java:701)
	at org.mule.transport.file.FileMessageReceiver.poll(FileMessageReceiver.java:193)
	at org.mule.transport.AbstractPollingMessageReceiver.performPoll(AbstractPollingMessageReceiver.java:216)
	at org.mule.transport.PollingReceiverWorker.poll(PollingReceiverWorker.java:84)
	at org.mule.transport.PollingReceiverWorker.run(PollingReceiverWorker.java:48)
	at org.mule.transport.TrackingWorkManager$TrackeableWork.run(TrackingWorkManager.java:267)
	at org.mule.work.WorkerContext.run(WorkerContext.java:301)
	at java.util.concurrent.ThreadPoolExecutor.runWorker(ThreadPoolExecutor.java:1149)
	at java.util.concurrent.ThreadPoolExecutor$Worker.run(ThreadPoolExecutor.java:624)
	at java.lang.Thread.run(Thread.java:748)

********************************************************************************

2020-06-08 09:22:26,959 [[maven-with_choice].connector.file.mule.default.receiver.01] ERROR org.mule.exception.DefaultSystemExceptionStrategy - 
********************************************************************************
Message               : Error happened while listing files
--------------------------------------------------------------------------------
Root Exception stack trace:
org.mule.api.MuleRuntimeException: Directory 'D:\mule-apps\maven-with_choice\pp' does not exist
	at org.mule.transport.file.FileMessageReceiver.basicListFiles(FileMessageReceiver.java:719)
	at org.mule.transport.file.FileMessageReceiver.listFiles(FileMessageReceiver.java:701)
	at org.mule.transport.file.FileMessageReceiver.poll(FileMessageReceiver.java:193)
	at org.mule.transport.AbstractPollingMessageReceiver.performPoll(AbstractPollingMessageReceiver.java:216)
	at org.mule.transport.PollingReceiverWorker.poll(PollingReceiverWorker.java:84)
	at org.mule.transport.PollingReceiverWorker.run(PollingReceiverWorker.java:48)
	at org.mule.transport.TrackingWorkManager$TrackeableWork.run(TrackingWorkManager.java:267)
	at org.mule.work.WorkerContext.run(WorkerContext.java:301)
	at java.util.concurrent.ThreadPoolExecutor.runWorker(ThreadPoolExecutor.java:1149)
	at java.util.concurrent.ThreadPoolExecutor$Worker.run(ThreadPoolExecutor.java:624)
	at java.lang.Thread.run(Thread.java:748)

********************************************************************************

2020-06-08 09:22:27,961 [[maven-with_choice].connector.file.mule.default.receiver.01] ERROR org.mule.exception.DefaultSystemExceptionStrategy - 
********************************************************************************
Message               : Error happened while listing files
--------------------------------------------------------------------------------
Root Exception stack trace:
org.mule.api.MuleRuntimeException: Directory 'D:\mule-apps\maven-with_choice\pp' does not exist
	at org.mule.transport.file.FileMessageReceiver.basicListFiles(FileMessageReceiver.java:719)
	at org.mule.transport.file.FileMessageReceiver.listFiles(FileMessageReceiver.java:701)
	at org.mule.transport.file.FileMessageReceiver.poll(FileMessageReceiver.java:193)
	at org.mule.transport.AbstractPollingMessageReceiver.performPoll(AbstractPollingMessageReceiver.java:216)
	at org.mule.transport.PollingReceiverWorker.poll(PollingReceiverWorker.java:84)
	at org.mule.transport.PollingReceiverWorker.run(PollingReceiverWorker.java:48)
	at org.mule.transport.TrackingWorkManager$TrackeableWork.run(TrackingWorkManager.java:267)
	at org.mule.work.WorkerContext.run(WorkerContext.java:301)
	at java.util.concurrent.ThreadPoolExecutor.runWorker(ThreadPoolExecutor.java:1149)
	at java.util.concurrent.ThreadPoolExecutor$Worker.run(ThreadPoolExecutor.java:624)
	at java.lang.Thread.run(Thread.java:748)

********************************************************************************

2020-06-08 09:22:28,963 [[maven-with_choice].connector.file.mule.default.receiver.01] ERROR org.mule.exception.DefaultSystemExceptionStrategy - 
********************************************************************************
Message               : Error happened while listing files
--------------------------------------------------------------------------------
Root Exception stack trace:
org.mule.api.MuleRuntimeException: Directory 'D:\mule-apps\maven-with_choice\pp' does not exist
	at org.mule.transport.file.FileMessageReceiver.basicListFiles(FileMessageReceiver.java:719)
	at org.mule.transport.file.FileMessageReceiver.listFiles(FileMessageReceiver.java:701)
	at org.mule.transport.file.FileMessageReceiver.poll(FileMessageReceiver.java:193)
	at org.mule.transport.AbstractPollingMessageReceiver.performPoll(AbstractPollingMessageReceiver.java:216)
	at org.mule.transport.PollingReceiverWorker.poll(PollingReceiverWorker.java:84)
	at org.mule.transport.PollingReceiverWorker.run(PollingReceiverWorker.java:48)
	at org.mule.transport.TrackingWorkManager$TrackeableWork.run(TrackingWorkManager.java:267)
	at org.mule.work.WorkerContext.run(WorkerContext.java:301)
	at java.util.concurrent.ThreadPoolExecutor.runWorker(ThreadPoolExecutor.java:1149)
	at java.util.concurrent.ThreadPoolExecutor$Worker.run(ThreadPoolExecutor.java:624)
	at java.lang.Thread.run(Thread.java:748)

********************************************************************************

2020-06-08 09:22:29,963 [[maven-with_choice].connector.file.mule.default.receiver.01] ERROR org.mule.exception.DefaultSystemExceptionStrategy - 
********************************************************************************
Message               : Error happened while listing files
--------------------------------------------------------------------------------
Root Exception stack trace:
org.mule.api.MuleRuntimeException: Directory 'D:\mule-apps\maven-with_choice\pp' does not exist
	at org.mule.transport.file.FileMessageReceiver.basicListFiles(FileMessageReceiver.java:719)
	at org.mule.transport.file.FileMessageReceiver.listFiles(FileMessageReceiver.java:701)
	at org.mule.transport.file.FileMessageReceiver.poll(FileMessageReceiver.java:193)
	at org.mule.transport.AbstractPollingMessageReceiver.performPoll(AbstractPollingMessageReceiver.java:216)
	at org.mule.transport.PollingReceiverWorker.poll(PollingReceiverWorker.java:84)
	at org.mule.transport.PollingReceiverWorker.run(PollingReceiverWorker.java:48)
	at org.mule.transport.TrackingWorkManager$TrackeableWork.run(TrackingWorkManager.java:267)
	at org.mule.work.WorkerContext.run(WorkerContext.java:301)
	at java.util.concurrent.ThreadPoolExecutor.runWorker(ThreadPoolExecutor.java:1149)
	at java.util.concurrent.ThreadPoolExecutor$Worker.run(ThreadPoolExecutor.java:624)
	at java.lang.Thread.run(Thread.java:748)

********************************************************************************

