2020-06-08 15:38:04,116 [main] INFO  org.mule.module.launcher.application.DefaultMuleApplication - 
++++++++++++++++++++++++++++++++++++++++++++++++++++++++++++
+ Initializing app 'maven-db'                              +
++++++++++++++++++++++++++++++++++++++++++++++++++++++++++++
2020-06-08 15:38:04,381 [main] INFO  org.mule.lifecycle.AbstractLifecycleManager - Initialising RegistryBroker
2020-06-08 15:38:04,491 [main] INFO  org.mule.module.extension.internal.manager.DefaultExtensionManager - Starting discovery of extensions
2020-06-08 15:38:04,678 [main] INFO  org.mule.module.extension.internal.manager.DefaultExtensionManager - Discovered 1 extensions
2020-06-08 15:38:04,678 [main] INFO  org.mule.module.extension.internal.manager.DefaultExtensionManager - Registering extension validation (version 3.9)
2020-06-08 15:38:04,741 [main] INFO  org.mule.config.spring.MuleArtifactContext - Refreshing org.mule.config.spring.MuleArtifactContext@708400f6: startup date [Mon Jun 08 15:38:04 IST 2020]; root of context hierarchy
2020-06-08 15:38:06,245 [main] INFO  org.mule.config.spring.processors.NoDevkitInjectorProcessor - JSR-330 'javax.inject.Inject' annotation found and supported for autowiring
2020-06-08 15:38:06,689 [main] WARN  org.mule.expression.DefaultExpressionManager - Expression string is not an expression.  Use isExpression(String) to validate first
2020-06-08 15:38:06,689 [main] WARN  org.mule.expression.DefaultExpressionManager - Expression string is not an expression.  Use isExpression(String) to validate first
2020-06-08 15:38:06,689 [main] WARN  org.mule.expression.DefaultExpressionManager - Expression string is not an expression.  Use isExpression(String) to validate first
2020-06-08 15:38:06,689 [main] WARN  org.mule.expression.DefaultExpressionManager - Expression string is not an expression.  Use isExpression(String) to validate first
2020-06-08 15:38:07,217 [main] WARN  org.mule.module.ognl.expression.OgnlExpressionEvaluator - OGNL module is deprecated and will be removed in Mule 4.0. Use MEL expressions instead.
2020-06-08 15:38:07,590 [main] INFO  org.mule.util.journal.TransactionJournal - Using files for tx logs D:\mule-apps\.mule\.\.mule\maven-db\queue-tx-log\tx1.log and D:\mule-apps\.mule\.\.mule\maven-db\queue-tx-log\tx2.log
2020-06-08 15:38:07,605 [main] INFO  org.mule.util.journal.TransactionJournal - Using files for tx logs D:\mule-apps\.mule\.\.mule\maven-db\queue-xa-tx-log\tx1.log and D:\mule-apps\.mule\.\.mule\maven-db\queue-xa-tx-log\tx2.log
2020-06-08 15:38:07,636 [main] INFO  org.mule.lifecycle.AbstractLifecycleManager - Initialising model: _muleSystemModel
2020-06-08 15:38:07,644 [main] INFO  org.mule.construct.FlowConstructLifecycleManager - Initialising flow: maven-dbFlow
2020-06-08 15:38:07,645 [main] INFO  org.mule.exception.DefaultMessagingExceptionStrategy - Initialising exception listener: org.mule.exception.DefaultMessagingExceptionStrategy@3078cac
2020-06-08 15:38:07,683 [main] INFO  org.mule.processor.SedaStageLifecycleManager - Initialising service: maven-dbFlow.stage1
2020-06-08 15:38:07,904 [main] INFO  org.mule.config.spring.SpringXmlConfigurationBuilder - Configured Mule using "org.mule.config.spring.SpringXmlConfigurationBuilder" with configuration resource(s): "[ConfigResource{resourceName='D:\mule-apps\.mule\apps\maven-db\maven-db.xml'}]"
2020-06-08 15:38:07,904 [main] INFO  org.mule.config.builders.AutoConfigurationBuilder - Configured Mule using "org.mule.config.builders.AutoConfigurationBuilder" with configuration resource(s): "[ConfigResource{resourceName='D:\mule-apps\.mule\apps\maven-db\maven-db.xml'}]"
2020-06-08 15:38:07,905 [main] INFO  org.mule.module.launcher.application.DefaultMuleApplication - 
++++++++++++++++++++++++++++++++++++++++++++++++++++++++++++
+ Starting app 'maven-db'                                  +
++++++++++++++++++++++++++++++++++++++++++++++++++++++++++++
2020-06-08 15:38:07,907 [main] INFO  org.mule.util.queue.QueueXaResourceManager - Starting ResourceManager
2020-06-08 15:38:07,907 [main] INFO  org.mule.util.queue.QueueXaResourceManager - Started ResourceManager
2020-06-08 15:38:07,942 [main] INFO  org.mule.module.http.internal.listener.DefaultHttpListenerConfig - Listening for requests on http://0.0.0.0:8081/db
2020-06-08 15:38:07,947 [main] INFO  org.mule.lifecycle.AbstractLifecycleManager - Starting model: _muleSystemModel
2020-06-08 15:38:07,948 [main] INFO  org.mule.construct.FlowConstructLifecycleManager - Starting flow: maven-dbFlow
2020-06-08 15:38:07,950 [main] INFO  org.mule.processor.SedaStageLifecycleManager - Starting service: maven-dbFlow.stage1
2020-06-08 15:38:07,982 [main] INFO  org.mule.module.management.agent.WrapperManagerAgent - This JVM hasn't been launched by the wrapper, the agent will not run.
2020-06-08 15:38:08,012 [main] INFO  org.mule.DefaultMuleContext - 
**********************************************************************
* Application: maven-db                                              *
* OS encoding: \, Mule encoding: UTF-8                               *
*                                                                    *
* Agents Running:                                                    *
*   JMX Agent                                                        *
*   Wrapper Manager                                                  *
**********************************************************************
2020-06-08 15:38:48,051 [Mule.app.deployer.monitor.1.thread.1] INFO  org.mule.module.launcher.application.DefaultMuleApplication - 
++++++++++++++++++++++++++++++++++++++++++++++++++++++++++++
+ Stopping app 'maven-db'                                  +
++++++++++++++++++++++++++++++++++++++++++++++++++++++++++++
2020-06-08 15:38:48,056 [Mule.app.deployer.monitor.1.thread.1] INFO  org.mule.construct.FlowConstructLifecycleManager - Stopping flow: maven-dbFlow
2020-06-08 15:38:48,058 [Mule.app.deployer.monitor.1.thread.1] INFO  org.mule.processor.SedaStageLifecycleManager - Stopping service: maven-dbFlow.stage1
2020-06-08 15:38:48,097 [Mule.app.deployer.monitor.1.thread.1] INFO  org.mule.lifecycle.AbstractLifecycleManager - Stopping model: _muleSystemModel
2020-06-08 15:38:48,107 [Mule.app.deployer.monitor.1.thread.1] INFO  org.mule.module.http.internal.listener.DefaultHttpListenerConfig - Stopped listener on http://0.0.0.0:8081/db
2020-06-08 15:38:48,109 [Mule.app.deployer.monitor.1.thread.1] INFO  org.mule.util.queue.QueueXaResourceManager - Stopping ResourceManager
2020-06-08 15:38:48,110 [Mule.app.deployer.monitor.1.thread.1] INFO  org.mule.util.queue.QueueXaResourceManager - Stopped ResourceManager
2020-06-08 15:38:48,117 [Mule.app.deployer.monitor.1.thread.1] INFO  org.mule.module.launcher.application.DefaultMuleApplication - 
++++++++++++++++++++++++++++++++++++++++++++++++++++++++++++
+ Disposing app 'maven-db'                                 +
++++++++++++++++++++++++++++++++++++++++++++++++++++++++++++
2020-06-08 15:38:48,118 [Mule.app.deployer.monitor.1.thread.1] INFO  org.mule.lifecycle.AbstractLifecycleManager - Disposing RegistryBroker
2020-06-08 15:38:48,120 [Mule.app.deployer.monitor.1.thread.1] INFO  org.mule.construct.FlowConstructLifecycleManager - Disposing flow: maven-dbFlow
2020-06-08 15:38:48,120 [Mule.app.deployer.monitor.1.thread.1] INFO  org.mule.processor.SedaStageLifecycleManager - Disposing service: maven-dbFlow.stage1
2020-06-08 15:38:48,122 [Mule.app.deployer.monitor.1.thread.1] INFO  org.mule.lifecycle.AbstractLifecycleManager - Disposing model: _muleSystemModel
2020-06-08 15:38:48,207 [Mule.app.deployer.monitor.1.thread.1] INFO  org.mule.config.spring.MuleArtifactContext - Closing org.mule.config.spring.MuleArtifactContext@708400f6: startup date [Mon Jun 08 15:38:04 IST 2020]; root of context hierarchy
2020-06-08 15:38:48,217 [Mule.app.deployer.monitor.1.thread.1] INFO  org.mule.DefaultMuleContext - 
**********************************************************************
* Application "maven-db" shut down normally on: 8/6/20 3:38 PM       *
* Up for: 0 days, 0 hours, 0 mins, 40.309 sec                        *
**********************************************************************
2020-06-08 15:38:48,224 [Mule.app.deployer.monitor.1.thread.1] WARN  org.mule.module.launcher.artifact.DefaultResourceReleaser - Unable to shutdown MySql's AbandonedConnectionCleanupThread
java.lang.ClassNotFoundException: com.mysql.jdbc.AbandonedConnectionCleanupThread
	at java.net.URLClassLoader.findClass(URLClassLoader.java:382) ~[?:1.8.0_251]
	at org.mule.module.launcher.FineGrainedControlClassLoader.findClass(FineGrainedControlClassLoader.java:181) ~[mule-module-launcher-3.9.0.jar:3.9.0]
	at org.mule.module.launcher.MuleApplicationClassLoader.findClass(MuleApplicationClassLoader.java:138) ~[mule-module-launcher-3.9.0.jar:3.9.0]
	at org.mule.module.launcher.FineGrainedControlClassLoader.loadClass(FineGrainedControlClassLoader.java:117) ~[mule-module-launcher-3.9.0.jar:3.9.0]
	at java.lang.ClassLoader.loadClass(ClassLoader.java:351) ~[?:1.8.0_251]
	at org.mule.module.launcher.artifact.DefaultResourceReleaser.shutdownMySqlAbandonedConnectionCleanupThread(DefaultResourceReleaser.java:197) ~[mule-module-launcher-3.9.0.jar:3.9.0]
	at org.mule.module.launcher.artifact.DefaultResourceReleaser.doDeregisterDriver(DefaultResourceReleaser.java:133) ~[mule-module-launcher-3.9.0.jar:3.9.0]
	at org.mule.module.launcher.artifact.DefaultResourceReleaser.deregisterJdbcDrivers(DefaultResourceReleaser.java:84) ~[mule-module-launcher-3.9.0.jar:3.9.0]
	at org.mule.module.launcher.artifact.DefaultResourceReleaser.release(DefaultResourceReleaser.java:38) ~[mule-module-launcher-3.9.0.jar:3.9.0]
	at org.mule.module.launcher.artifact.AbstractArtifactClassLoader.dispose(AbstractArtifactClassLoader.java:67) ~[mule-module-launcher-3.9.0.jar:3.9.0]
	at org.mule.module.launcher.application.DefaultMuleApplication.dispose(DefaultMuleApplication.java:331) ~[mule-module-launcher-3.9.0.jar:3.9.0]
	at org.mule.module.launcher.artifact.ArtifactWrapper$1.execute(ArtifactWrapper.java:41) ~[mule-module-launcher-3.9.0.jar:3.9.0]
	at org.mule.module.launcher.artifact.ArtifactWrapper.executeWithinArtifactClassLoader(ArtifactWrapper.java:137) ~[mule-module-launcher-3.9.0.jar:3.9.0]
	at org.mule.module.launcher.artifact.ArtifactWrapper.dispose(ArtifactWrapper.java:36) ~[mule-module-launcher-3.9.0.jar:3.9.0]
	at org.mule.module.launcher.DefaultArtifactDeployer.tryToDisposeArtifact(DefaultArtifactDeployer.java:45) ~[mule-module-launcher-3.9.0.jar:3.9.0]
	at org.mule.module.launcher.DefaultArtifactDeployer.undeploy(DefaultArtifactDeployer.java:27) ~[mule-module-launcher-3.9.0.jar:3.9.0]
	at org.mule.module.launcher.DefaultArchiveDeployer.redeploy(DefaultArchiveDeployer.java:488) ~[mule-module-launcher-3.9.0.jar:3.9.0]
	at org.mule.module.launcher.DefaultArchiveDeployer.redeploy(DefaultArchiveDeployer.java:437) ~[mule-module-launcher-3.9.0.jar:3.9.0]
	at org.mule.module.launcher.DeploymentDirectoryWatcher.redeployModifiedArtifacts(DeploymentDirectoryWatcher.java:567) ~[mule-module-launcher-3.9.0.jar:3.9.0]
	at org.mule.module.launcher.DeploymentDirectoryWatcher.redeployModifiedApplications(DeploymentDirectoryWatcher.java:544) ~[mule-module-launcher-3.9.0.jar:3.9.0]
	at org.mule.module.launcher.DeploymentDirectoryWatcher.run(DeploymentDirectoryWatcher.java:356) ~[mule-module-launcher-3.9.0.jar:3.9.0]
	at java.util.concurrent.Executors$RunnableAdapter.call(Executors.java:511) ~[?:1.8.0_251]
	at java.util.concurrent.FutureTask.runAndReset(FutureTask.java:308) ~[?:1.8.0_251]
	at java.util.concurrent.ScheduledThreadPoolExecutor$ScheduledFutureTask.access$301(ScheduledThreadPoolExecutor.java:180) ~[?:1.8.0_251]
	at java.util.concurrent.ScheduledThreadPoolExecutor$ScheduledFutureTask.run(ScheduledThreadPoolExecutor.java:294) ~[?:1.8.0_251]
	at java.util.concurrent.ThreadPoolExecutor.runWorker(ThreadPoolExecutor.java:1149) [?:1.8.0_251]
	at java.util.concurrent.ThreadPoolExecutor$Worker.run(ThreadPoolExecutor.java:624) [?:1.8.0_251]
	at java.lang.Thread.run(Thread.java:748) [?:1.8.0_251]
2020-06-08 15:38:48,298 [Mule.app.deployer.monitor.1.thread.1] INFO  org.mule.module.launcher.application.DefaultMuleApplication - 
++++++++++++++++++++++++++++++++++++++++++++++++++++++++++++
+ Initializing app 'maven-db'                              +
++++++++++++++++++++++++++++++++++++++++++++++++++++++++++++
2020-06-08 15:38:48,304 [Mule.app.deployer.monitor.1.thread.1] INFO  org.mule.lifecycle.AbstractLifecycleManager - Initialising RegistryBroker
2020-06-08 15:38:48,313 [Mule.app.deployer.monitor.1.thread.1] INFO  org.mule.module.extension.internal.manager.DefaultExtensionManager - Starting discovery of extensions
2020-06-08 15:38:48,351 [Mule.app.deployer.monitor.1.thread.1] INFO  org.mule.module.extension.internal.manager.DefaultExtensionManager - Discovered 1 extensions
2020-06-08 15:38:48,351 [Mule.app.deployer.monitor.1.thread.1] INFO  org.mule.module.extension.internal.manager.DefaultExtensionManager - Registering extension validation (version 3.9)
2020-06-08 15:38:48,356 [Mule.app.deployer.monitor.1.thread.1] INFO  org.mule.config.spring.MuleArtifactContext - Refreshing org.mule.config.spring.MuleArtifactContext@78b5c81c: startup date [Mon Jun 08 15:38:48 IST 2020]; root of context hierarchy
2020-06-08 15:38:48,698 [Mule.app.deployer.monitor.1.thread.1] INFO  org.mule.config.spring.processors.NoDevkitInjectorProcessor - JSR-330 'javax.inject.Inject' annotation found and supported for autowiring
2020-06-08 15:38:48,758 [Mule.app.deployer.monitor.1.thread.1] WARN  org.mule.expression.DefaultExpressionManager - Expression string is not an expression.  Use isExpression(String) to validate first
2020-06-08 15:38:48,762 [Mule.app.deployer.monitor.1.thread.1] WARN  org.mule.expression.DefaultExpressionManager - Expression string is not an expression.  Use isExpression(String) to validate first
2020-06-08 15:38:48,763 [Mule.app.deployer.monitor.1.thread.1] WARN  org.mule.expression.DefaultExpressionManager - Expression string is not an expression.  Use isExpression(String) to validate first
2020-06-08 15:38:48,764 [Mule.app.deployer.monitor.1.thread.1] WARN  org.mule.expression.DefaultExpressionManager - Expression string is not an expression.  Use isExpression(String) to validate first
2020-06-08 15:38:48,882 [Mule.app.deployer.monitor.1.thread.1] INFO  org.mule.util.journal.TransactionJournal - Using files for tx logs D:\mule-apps\.mule\.\.mule\maven-db\queue-tx-log\tx1.log and D:\mule-apps\.mule\.\.mule\maven-db\queue-tx-log\tx2.log
2020-06-08 15:38:48,885 [Mule.app.deployer.monitor.1.thread.1] INFO  org.mule.util.journal.TransactionJournal - Using files for tx logs D:\mule-apps\.mule\.\.mule\maven-db\queue-xa-tx-log\tx1.log and D:\mule-apps\.mule\.\.mule\maven-db\queue-xa-tx-log\tx2.log
2020-06-08 15:38:48,891 [Mule.app.deployer.monitor.1.thread.1] INFO  org.mule.lifecycle.AbstractLifecycleManager - Initialising model: _muleSystemModel
2020-06-08 15:38:48,893 [Mule.app.deployer.monitor.1.thread.1] INFO  org.mule.construct.FlowConstructLifecycleManager - Initialising flow: maven-dbFlow
2020-06-08 15:38:48,893 [Mule.app.deployer.monitor.1.thread.1] INFO  org.mule.exception.DefaultMessagingExceptionStrategy - Initialising exception listener: org.mule.exception.DefaultMessagingExceptionStrategy@7ee1dfe2
2020-06-08 15:38:48,898 [Mule.app.deployer.monitor.1.thread.1] INFO  org.mule.processor.SedaStageLifecycleManager - Initialising service: maven-dbFlow.stage1
2020-06-08 15:38:48,911 [Mule.app.deployer.monitor.1.thread.1] INFO  org.mule.config.spring.SpringXmlConfigurationBuilder - Configured Mule using "org.mule.config.spring.SpringXmlConfigurationBuilder" with configuration resource(s): "[ConfigResource{resourceName='D:\mule-apps\.mule\apps\maven-db\maven-db.xml'}]"
2020-06-08 15:38:48,913 [Mule.app.deployer.monitor.1.thread.1] INFO  org.mule.config.builders.AutoConfigurationBuilder - Configured Mule using "org.mule.config.builders.AutoConfigurationBuilder" with configuration resource(s): "[ConfigResource{resourceName='D:\mule-apps\.mule\apps\maven-db\maven-db.xml'}]"
2020-06-08 15:38:48,913 [Mule.app.deployer.monitor.1.thread.1] INFO  org.mule.module.launcher.application.DefaultMuleApplication - 
++++++++++++++++++++++++++++++++++++++++++++++++++++++++++++
+ Starting app 'maven-db'                                  +
++++++++++++++++++++++++++++++++++++++++++++++++++++++++++++
2020-06-08 15:38:48,915 [Mule.app.deployer.monitor.1.thread.1] INFO  org.mule.util.queue.QueueXaResourceManager - Starting ResourceManager
2020-06-08 15:38:48,915 [Mule.app.deployer.monitor.1.thread.1] INFO  org.mule.util.queue.QueueXaResourceManager - Started ResourceManager
2020-06-08 15:38:48,923 [Mule.app.deployer.monitor.1.thread.1] INFO  org.mule.module.http.internal.listener.DefaultHttpListenerConfig - Listening for requests on http://0.0.0.0:8081/db
2020-06-08 15:38:48,927 [Mule.app.deployer.monitor.1.thread.1] INFO  org.mule.lifecycle.AbstractLifecycleManager - Starting model: _muleSystemModel
2020-06-08 15:38:48,929 [Mule.app.deployer.monitor.1.thread.1] INFO  org.mule.construct.FlowConstructLifecycleManager - Starting flow: maven-dbFlow
2020-06-08 15:38:48,929 [Mule.app.deployer.monitor.1.thread.1] INFO  org.mule.processor.SedaStageLifecycleManager - Starting service: maven-dbFlow.stage1
2020-06-08 15:38:48,943 [Mule.app.deployer.monitor.1.thread.1] INFO  org.mule.module.management.agent.WrapperManagerAgent - This JVM hasn't been launched by the wrapper, the agent will not run.
2020-06-08 15:38:48,948 [Mule.app.deployer.monitor.1.thread.1] INFO  org.mule.DefaultMuleContext - 
**********************************************************************
* Application: maven-db                                              *
* OS encoding: \, Mule encoding: UTF-8                               *
*                                                                    *
* Agents Running:                                                    *
*   JMX Agent                                                        *
*   Wrapper Manager                                                  *
**********************************************************************
