2020-06-07 11:15:29,248 [main] INFO  org.mule.module.launcher.application.DefaultMuleApplication - 
++++++++++++++++++++++++++++++++++++++++++++++++++++++++++++
+ Initializing app 'mulemaven'                             +
++++++++++++++++++++++++++++++++++++++++++++++++++++++++++++
2020-06-07 11:15:29,517 [main] INFO  org.mule.lifecycle.AbstractLifecycleManager - Initialising RegistryBroker
2020-06-07 11:15:29,678 [main] INFO  org.mule.module.extension.internal.manager.DefaultExtensionManager - Starting discovery of extensions
2020-06-07 11:15:29,911 [main] INFO  org.mule.module.extension.internal.manager.DefaultExtensionManager - Discovered 1 extensions
2020-06-07 11:15:29,912 [main] INFO  org.mule.module.extension.internal.manager.DefaultExtensionManager - Registering extension validation (version 3.9)
2020-06-07 11:15:29,975 [main] INFO  org.mule.config.spring.MuleArtifactContext - Refreshing org.mule.config.spring.MuleArtifactContext@681a8b4e: startup date [Sun Jun 07 11:15:29 IST 2020]; root of context hierarchy
2020-06-07 11:15:31,930 [main] INFO  org.mule.config.spring.processors.NoDevkitInjectorProcessor - JSR-330 'javax.inject.Inject' annotation found and supported for autowiring
2020-06-07 11:15:32,958 [main] WARN  org.mule.module.ognl.expression.OgnlExpressionEvaluator - OGNL module is deprecated and will be removed in Mule 4.0. Use MEL expressions instead.
2020-06-07 11:15:33,169 [main] INFO  org.mule.util.journal.TransactionJournal - Using files for tx logs D:\mule-apps\.mule\.\.mule\mulemaven\queue-tx-log\tx1.log and D:\mule-apps\.mule\.\.mule\mulemaven\queue-tx-log\tx2.log
2020-06-07 11:15:33,213 [main] INFO  org.mule.util.journal.TransactionJournal - Using files for tx logs D:\mule-apps\.mule\.\.mule\mulemaven\queue-xa-tx-log\tx1.log and D:\mule-apps\.mule\.\.mule\mulemaven\queue-xa-tx-log\tx2.log
2020-06-07 11:15:33,294 [main] INFO  org.mule.lifecycle.AbstractLifecycleManager - Initialising model: _muleSystemModel
2020-06-07 11:15:33,724 [main] INFO  org.mule.config.spring.SpringXmlConfigurationBuilder - Configured Mule using "org.mule.config.spring.SpringXmlConfigurationBuilder" with configuration resource(s): "[ConfigResource{resourceName='D:\mule-apps\.mule\apps\mulemaven\mulemaven.xml'}]"
2020-06-07 11:15:33,726 [main] INFO  org.mule.config.builders.AutoConfigurationBuilder - Configured Mule using "org.mule.config.builders.AutoConfigurationBuilder" with configuration resource(s): "[ConfigResource{resourceName='D:\mule-apps\.mule\apps\mulemaven\mulemaven.xml'}]"
2020-06-07 11:15:33,728 [main] INFO  org.mule.module.launcher.application.DefaultMuleApplication - 
++++++++++++++++++++++++++++++++++++++++++++++++++++++++++++
+ Starting app 'mulemaven'                                 +
++++++++++++++++++++++++++++++++++++++++++++++++++++++++++++
2020-06-07 11:15:33,729 [main] INFO  org.mule.util.queue.QueueXaResourceManager - Starting ResourceManager
2020-06-07 11:15:33,730 [main] INFO  org.mule.util.queue.QueueXaResourceManager - Started ResourceManager
2020-06-07 11:15:33,797 [main] INFO  org.mule.lifecycle.AbstractLifecycleManager - Starting model: _muleSystemModel
2020-06-07 11:15:33,860 [main] INFO  org.mule.module.management.agent.WrapperManagerAgent - This JVM hasn't been launched by the wrapper, the agent will not run.
2020-06-07 11:15:34,035 [main] INFO  org.mule.DefaultMuleContext - 
**********************************************************************
* Application: mulemaven                                             *
* OS encoding: \, Mule encoding: UTF-8                               *
*                                                                    *
* Agents Running:                                                    *
*   JMX Agent                                                        *
*   Wrapper Manager                                                  *
**********************************************************************
